[0.015s] Invoking command in '/home/golam_sadek/turtlebot3_ws/build/turtlebot3_fake_node': CMAKE_PREFIX_PATH=${CMAKE_PREFIX_PATH}:/home/golam_sadek/turtlebot3_drlnav/install/turtlebot3_drl:/opt/ros/humble /usr/bin/cmake /home/golam_sadek/turtlebot3_ws/src/turtlebot3_fake_node -DCMAKE_INSTALL_PREFIX=/home/golam_sadek/turtlebot3_ws/install/turtlebot3_fake_node
[0.027s] -- Found ament_cmake: 1.3.11 (/opt/ros/humble/share/ament_cmake/cmake)
[0.150s] -- Override CMake install command with custom implementation using symlinks instead of copying resources
[0.156s] -- Found geometry_msgs: 4.8.0 (/opt/ros/humble/share/geometry_msgs/cmake)
[0.181s] -- Found rosidl_generator_c: 3.1.6 (/opt/ros/humble/share/rosidl_generator_c/cmake)
[0.183s] -- Found rosidl_adapter: 3.1.6 (/opt/ros/humble/share/rosidl_adapter/cmake)
[0.189s] -- Found rosidl_generator_cpp: 3.1.6 (/opt/ros/humble/share/rosidl_generator_cpp/cmake)
[0.198s] -- Using all available rosidl_typesupport_c: rosidl_typesupport_fastrtps_c;rosidl_typesupport_introspection_c
[0.209s] -- Using all available rosidl_typesupport_cpp: rosidl_typesupport_fastrtps_cpp;rosidl_typesupport_introspection_cpp
[0.244s] -- Found nav_msgs: 4.8.0 (/opt/ros/humble/share/nav_msgs/cmake)
[0.258s] -- Found rclcpp: 16.0.12 (/opt/ros/humble/share/rclcpp/cmake)
[0.281s] -- Found rmw_implementation_cmake: 6.1.2 (/opt/ros/humble/share/rmw_implementation_cmake/cmake)
[0.282s] -- Found rmw_cyclonedds_cpp: 1.3.4 (/opt/ros/humble/share/rmw_cyclonedds_cpp/cmake)
[0.298s] -- Using RMW implementation 'rmw_cyclonedds_cpp' as default
[0.331s] -- Found sensor_msgs: 4.8.0 (/opt/ros/humble/share/sensor_msgs/cmake)
[0.346s] -- Found tf2: 0.25.12 (/opt/ros/humble/share/tf2/cmake)
[0.350s] -- Found tf2_msgs: 0.25.12 (/opt/ros/humble/share/tf2_msgs/cmake)
[0.385s] -- Found turtlebot3_msgs: 2.2.1 (/home/golam_sadek/turtlebot3_drlnav/install/turtlebot3_msgs/share/turtlebot3_msgs/cmake)
[0.500s] -- Configuring done
[0.511s] -- Generating done
[0.888s] -- Build files have been written to: /home/golam_sadek/turtlebot3_ws/build/turtlebot3_fake_node
[0.895s] Invoked command in '/home/golam_sadek/turtlebot3_ws/build/turtlebot3_fake_node' returned '0': CMAKE_PREFIX_PATH=${CMAKE_PREFIX_PATH}:/home/golam_sadek/turtlebot3_drlnav/install/turtlebot3_drl:/opt/ros/humble /usr/bin/cmake /home/golam_sadek/turtlebot3_ws/src/turtlebot3_fake_node -DCMAKE_INSTALL_PREFIX=/home/golam_sadek/turtlebot3_ws/install/turtlebot3_fake_node
[0.898s] Invoking command in '/home/golam_sadek/turtlebot3_ws/build/turtlebot3_fake_node': CMAKE_PREFIX_PATH=${CMAKE_PREFIX_PATH}:/home/golam_sadek/turtlebot3_drlnav/install/turtlebot3_drl:/opt/ros/humble /usr/bin/cmake --build /home/golam_sadek/turtlebot3_ws/build/turtlebot3_fake_node -- -j8 -l8
[0.939s] [35m[1mConsolidate compiler generated dependencies of target turtlebot3_fake_node[0m
[0.955s] [100%] Built target turtlebot3_fake_node
[0.966s] Invoked command in '/home/golam_sadek/turtlebot3_ws/build/turtlebot3_fake_node' returned '0': CMAKE_PREFIX_PATH=${CMAKE_PREFIX_PATH}:/home/golam_sadek/turtlebot3_drlnav/install/turtlebot3_drl:/opt/ros/humble /usr/bin/cmake --build /home/golam_sadek/turtlebot3_ws/build/turtlebot3_fake_node -- -j8 -l8
[0.977s] Invoking command in '/home/golam_sadek/turtlebot3_ws/build/turtlebot3_fake_node': CMAKE_PREFIX_PATH=${CMAKE_PREFIX_PATH}:/home/golam_sadek/turtlebot3_drlnav/install/turtlebot3_drl:/opt/ros/humble /usr/bin/cmake --install /home/golam_sadek/turtlebot3_ws/build/turtlebot3_fake_node
[0.984s] -- Install configuration: ""
[0.984s] -- Execute custom install script
[0.984s] -- Up-to-date symlink: /home/golam_sadek/turtlebot3_ws/install/turtlebot3_fake_node/lib/turtlebot3_fake_node/turtlebot3_fake_node
[0.985s] -- Up-to-date symlink: /home/golam_sadek/turtlebot3_ws/install/turtlebot3_fake_node/share/turtlebot3_fake_node/launch/rviz2.launch.py
[0.985s] -- Up-to-date symlink: /home/golam_sadek/turtlebot3_ws/install/turtlebot3_fake_node/share/turtlebot3_fake_node/launch/turtlebot3_fake_node.launch.py
[0.985s] -- Up-to-date symlink: /home/golam_sadek/turtlebot3_ws/install/turtlebot3_fake_node/share/turtlebot3_fake_node/param/burger.yaml
[0.985s] -- Up-to-date symlink: /home/golam_sadek/turtlebot3_ws/install/turtlebot3_fake_node/share/turtlebot3_fake_node/param/waffle.yaml
[0.985s] -- Up-to-date symlink: /home/golam_sadek/turtlebot3_ws/install/turtlebot3_fake_node/share/turtlebot3_fake_node/param/waffle_pi.yaml
[0.985s] -- Up-to-date symlink: /home/golam_sadek/turtlebot3_ws/install/turtlebot3_fake_node/include//turtlebot3_fake_node/turtlebot3_fake_node.hpp
[0.985s] -- Up-to-date symlink: /home/golam_sadek/turtlebot3_ws/install/turtlebot3_fake_node/share/ament_index/resource_index/package_run_dependencies/turtlebot3_fake_node
[0.986s] -- Up-to-date symlink: /home/golam_sadek/turtlebot3_ws/install/turtlebot3_fake_node/share/ament_index/resource_index/parent_prefix_path/turtlebot3_fake_node
[0.986s] -- Up-to-date symlink: /home/golam_sadek/turtlebot3_ws/install/turtlebot3_fake_node/share/turtlebot3_fake_node/environment/ament_prefix_path.sh
[0.986s] -- Up-to-date symlink: /home/golam_sadek/turtlebot3_ws/install/turtlebot3_fake_node/share/turtlebot3_fake_node/environment/ament_prefix_path.dsv
[0.986s] -- Up-to-date symlink: /home/golam_sadek/turtlebot3_ws/install/turtlebot3_fake_node/share/turtlebot3_fake_node/environment/path.sh
[0.986s] -- Up-to-date symlink: /home/golam_sadek/turtlebot3_ws/install/turtlebot3_fake_node/share/turtlebot3_fake_node/environment/path.dsv
[0.986s] -- Up-to-date symlink: /home/golam_sadek/turtlebot3_ws/install/turtlebot3_fake_node/share/turtlebot3_fake_node/local_setup.bash
[0.986s] -- Up-to-date symlink: /home/golam_sadek/turtlebot3_ws/install/turtlebot3_fake_node/share/turtlebot3_fake_node/local_setup.sh
[0.987s] -- Up-to-date symlink: /home/golam_sadek/turtlebot3_ws/install/turtlebot3_fake_node/share/turtlebot3_fake_node/local_setup.zsh
[0.987s] -- Up-to-date symlink: /home/golam_sadek/turtlebot3_ws/install/turtlebot3_fake_node/share/turtlebot3_fake_node/local_setup.dsv
[0.987s] -- Symlinking: /home/golam_sadek/turtlebot3_ws/install/turtlebot3_fake_node/share/turtlebot3_fake_node/package.dsv
[0.997s] -- Up-to-date symlink: /home/golam_sadek/turtlebot3_ws/install/turtlebot3_fake_node/share/ament_index/resource_index/packages/turtlebot3_fake_node
[0.997s] -- Up-to-date symlink: /home/golam_sadek/turtlebot3_ws/install/turtlebot3_fake_node/share/turtlebot3_fake_node/cmake/ament_cmake_export_include_directories-extras.cmake
[0.997s] -- Up-to-date symlink: /home/golam_sadek/turtlebot3_ws/install/turtlebot3_fake_node/share/turtlebot3_fake_node/cmake/ament_cmake_export_dependencies-extras.cmake
[0.997s] -- Up-to-date symlink: /home/golam_sadek/turtlebot3_ws/install/turtlebot3_fake_node/share/turtlebot3_fake_node/cmake/turtlebot3_fake_nodeConfig.cmake
[0.997s] -- Up-to-date symlink: /home/golam_sadek/turtlebot3_ws/install/turtlebot3_fake_node/share/turtlebot3_fake_node/cmake/turtlebot3_fake_nodeConfig-version.cmake
[0.997s] -- Up-to-date symlink: /home/golam_sadek/turtlebot3_ws/install/turtlebot3_fake_node/share/turtlebot3_fake_node/package.xml
[1.000s] Invoked command in '/home/golam_sadek/turtlebot3_ws/build/turtlebot3_fake_node' returned '0': CMAKE_PREFIX_PATH=${CMAKE_PREFIX_PATH}:/home/golam_sadek/turtlebot3_drlnav/install/turtlebot3_drl:/opt/ros/humble /usr/bin/cmake --install /home/golam_sadek/turtlebot3_ws/build/turtlebot3_fake_node
