[0.019s] Invoking command in '/home/golam_sadek/turtlebot3_ws/build/turtlebot3_gazebo': CMAKE_PREFIX_PATH=${CMAKE_PREFIX_PATH}:/home/golam_sadek/turtlebot3_drlnav/install/turtlebot3_drl:/opt/ros/humble /usr/bin/cmake /home/golam_sadek/turtlebot3_ws/src/turtlebot3_gazebo -DAMENT_CMAKE_SYMLINK_INSTALL=1 -DCMAKE_INSTALL_PREFIX=/home/golam_sadek/turtlebot3_ws/install/turtlebot3_gazebo
[0.039s] -- Found ament_cmake: 1.3.11 (/opt/ros/humble/share/ament_cmake/cmake)
[0.471s] -- Override CMake install command with custom implementation using symlinks instead of copying resources
[0.885s] [33mCMake Warning (dev) at /usr/share/cmake-3.22/Modules/FindPackageHandleStandardArgs.cmake:438 (message):
[0.885s]   The package name passed to `find_package_handle_standard_args` (PkgConfig)
[0.885s]   does not match the name of the calling package (gazebo).  This can lead to
[0.886s]   problems in calling code that expects `find_package` result variables
[0.886s]   (e.g., `_FOUND`) to follow a certain pattern.
[0.886s] Call Stack (most recent call first):
[0.886s]   /usr/share/cmake-3.22/Modules/FindPkgConfig.cmake:99 (find_package_handle_standard_args)
[0.886s]   /usr/lib/x86_64-linux-gnu/cmake/gazebo/gazebo-config.cmake:72 (include)
[0.886s]   CMakeLists.txt:23 (find_package)
[0.886s] This warning is for project developers.  Use -Wno-dev to suppress it.
[0.886s] [0m
[0.939s] -- Found DART: /usr/include (Required is at least version "6.6") found components: dart 
[1.111s] -- Found Protobuf: /usr/lib/x86_64-linux-gnu/libprotobuf.so (found version "3.12.4") 
[1.115s] -- Looking for ignition-math6 -- found version 6.15.1
[1.124s] -- Searching for dependencies of ignition-math6
[1.126s] -- Looking for OGRE...
[1.132s] -- Found Ogre Ghadamon (1.9.0)
[1.133s] -- Found OGRE: optimized;/usr/lib/x86_64-linux-gnu/libOgreMain.so;debug;/usr/lib/x86_64-linux-gnu/libOgreMain.so
[1.142s] -- Looking for OGRE_Paging...
[1.142s] -- Found OGRE_Paging: optimized;/usr/lib/x86_64-linux-gnu/libOgrePaging.so;debug;/usr/lib/x86_64-linux-gnu/libOgrePaging.so
[1.143s] -- Looking for OGRE_Terrain...
[1.143s] -- Found OGRE_Terrain: optimized;/usr/lib/x86_64-linux-gnu/libOgreTerrain.so;debug;/usr/lib/x86_64-linux-gnu/libOgreTerrain.so
[1.143s] -- Looking for OGRE_Property...
[1.143s] -- Found OGRE_Property: optimized;/usr/lib/x86_64-linux-gnu/libOgreProperty.so;debug;/usr/lib/x86_64-linux-gnu/libOgreProperty.so
[1.143s] -- Looking for OGRE_RTShaderSystem...
[1.143s] -- Found OGRE_RTShaderSystem: optimized;/usr/lib/x86_64-linux-gnu/libOgreRTShaderSystem.so;debug;/usr/lib/x86_64-linux-gnu/libOgreRTShaderSystem.so
[1.143s] -- Looking for OGRE_Volume...
[1.143s] -- Found OGRE_Volume: optimized;/usr/lib/x86_64-linux-gnu/libOgreVolume.so;debug;/usr/lib/x86_64-linux-gnu/libOgreVolume.so
[1.143s] -- Looking for OGRE_Overlay...
[1.143s] -- Found OGRE_Overlay: optimized;/usr/lib/x86_64-linux-gnu/libOgreOverlay.so;debug;/usr/lib/x86_64-linux-gnu/libOgreOverlay.so
[1.281s] -- Looking for ignition-math6 -- found version 6.15.1
[1.287s] -- Looking for ignition-transport8 -- found version 8.2.1
[1.287s] -- Searching for dependencies of ignition-transport8
[1.306s] -- Found Protobuf: /usr/lib/x86_64-linux-gnu/libprotobuf.so (found suitable version "3.12.4", minimum required is "3") 
[1.318s] -- Config-file not installed for ZeroMQ -- checking for pkg-config
[1.323s] -- Checking for module 'libzmq >= 4'
[1.346s] --   Found libzmq , version 4.3.4
[1.389s] -- Checking for module 'uuid'
[1.401s] --   Found uuid, version 2.37.2
[1.434s] -- Looking for ignition-msgs5 -- found version 5.8.1
[1.434s] -- Searching for dependencies of ignition-msgs5
[1.455s] -- Looking for ignition-math6 -- found version 6.15.1
[1.460s] -- Checking for module 'tinyxml2'
[1.473s] --   Found tinyxml2, version 9.0.0
[1.511s] -- Looking for ignition-msgs5 -- found version 5.8.1
[1.517s] -- Looking for ignition-common3 -- found version 3.14.0
[1.518s] -- Searching for dependencies of ignition-common3
[1.524s] -- Looking for dlfcn.h - found
[1.525s] -- Looking for libdl - found
[1.545s] -- Searching for <ignition-common3> component [graphics]
[1.545s] -- Looking for ignition-common3-graphics -- found version 3.14.0
[1.546s] -- Searching for dependencies of ignition-common3-graphics
[1.546s] -- Looking for ignition-math6 -- found version 6.15.1
[1.548s] -- Looking for ignition-fuel_tools4 -- found version 4.4.0
[1.548s] -- Searching for dependencies of ignition-fuel_tools4
[1.590s] -- Checking for module 'jsoncpp'
[1.606s] --   Found jsoncpp, version 1.9.5
[1.656s] -- Checking for module 'libzip'
[1.669s] --   Found libzip, version 1.7.3
[1.698s] -- Looking for ignition-common3 -- found version 3.14.0
[1.698s] -- Looking for ignition-math6 -- found version 6.15.1
[1.698s] -- Looking for ignition-msgs5 -- found version 5.8.1
[1.725s] -- Found gazebo_ros_pkgs: 3.9.0 (/opt/ros/humble/share/gazebo_ros_pkgs/cmake)
[1.726s] -- Found geometry_msgs: 4.8.0 (/opt/ros/humble/share/geometry_msgs/cmake)
[1.751s] -- Found rosidl_generator_c: 3.1.6 (/opt/ros/humble/share/rosidl_generator_c/cmake)
[1.754s] -- Found rosidl_adapter: 3.1.6 (/opt/ros/humble/share/rosidl_adapter/cmake)
[1.760s] -- Found rosidl_generator_cpp: 3.1.6 (/opt/ros/humble/share/rosidl_generator_cpp/cmake)
[1.769s] -- Using all available rosidl_typesupport_c: rosidl_typesupport_fastrtps_c;rosidl_typesupport_introspection_c
[1.781s] -- Using all available rosidl_typesupport_cpp: rosidl_typesupport_fastrtps_cpp;rosidl_typesupport_introspection_cpp
[1.816s] -- Found nav_msgs: 4.8.0 (/opt/ros/humble/share/nav_msgs/cmake)
[1.830s] -- Found rclcpp: 16.0.12 (/opt/ros/humble/share/rclcpp/cmake)
[1.856s] -- Found rmw_implementation_cmake: 6.1.2 (/opt/ros/humble/share/rmw_implementation_cmake/cmake)
[1.858s] -- Found rmw_cyclonedds_cpp: 1.3.4 (/opt/ros/humble/share/rmw_cyclonedds_cpp/cmake)
[1.875s] -- Using RMW implementation 'rmw_cyclonedds_cpp' as default
[1.909s] -- Found sensor_msgs: 4.8.0 (/opt/ros/humble/share/sensor_msgs/cmake)
[1.923s] -- Found tf2: 0.25.12 (/opt/ros/humble/share/tf2/cmake)
[2.009s] -- Configuring done
[2.054s] -- Generating done
[2.060s] -- Build files have been written to: /home/golam_sadek/turtlebot3_ws/build/turtlebot3_gazebo
[2.069s] Invoked command in '/home/golam_sadek/turtlebot3_ws/build/turtlebot3_gazebo' returned '0': CMAKE_PREFIX_PATH=${CMAKE_PREFIX_PATH}:/home/golam_sadek/turtlebot3_drlnav/install/turtlebot3_drl:/opt/ros/humble /usr/bin/cmake /home/golam_sadek/turtlebot3_ws/src/turtlebot3_gazebo -DAMENT_CMAKE_SYMLINK_INSTALL=1 -DCMAKE_INSTALL_PREFIX=/home/golam_sadek/turtlebot3_ws/install/turtlebot3_gazebo
[2.070s] Invoking command in '/home/golam_sadek/turtlebot3_ws/build/turtlebot3_gazebo': CMAKE_PREFIX_PATH=${CMAKE_PREFIX_PATH}:/home/golam_sadek/turtlebot3_drlnav/install/turtlebot3_drl:/opt/ros/humble /usr/bin/cmake --build /home/golam_sadek/turtlebot3_ws/build/turtlebot3_gazebo -- -j8 -l8
[2.117s] [35m[1mConsolidate compiler generated dependencies of target turtlebot3_drive[0m
[2.118s] [35m[1mConsolidate compiler generated dependencies of target obstacles[0m
[2.118s] [35m[1mConsolidate compiler generated dependencies of target obstacle2[0m
[2.118s] [35m[1mConsolidate compiler generated dependencies of target obstacle1[0m
[2.133s] [ 25%] Built target turtlebot3_drive
[2.149s] [100%] Built target obstacle2
[2.149s] [100%] Built target obstacles
[2.149s] [100%] Built target obstacle1
[2.160s] Invoked command in '/home/golam_sadek/turtlebot3_ws/build/turtlebot3_gazebo' returned '0': CMAKE_PREFIX_PATH=${CMAKE_PREFIX_PATH}:/home/golam_sadek/turtlebot3_drlnav/install/turtlebot3_drl:/opt/ros/humble /usr/bin/cmake --build /home/golam_sadek/turtlebot3_ws/build/turtlebot3_gazebo -- -j8 -l8
[2.162s] Invoking command in '/home/golam_sadek/turtlebot3_ws/build/turtlebot3_gazebo': CMAKE_PREFIX_PATH=${CMAKE_PREFIX_PATH}:/home/golam_sadek/turtlebot3_drlnav/install/turtlebot3_drl:/opt/ros/humble /usr/bin/cmake --install /home/golam_sadek/turtlebot3_ws/build/turtlebot3_gazebo
[2.168s] -- Install configuration: ""
[2.169s] -- Execute custom install script
[2.169s] -- Up-to-date symlink: /home/golam_sadek/turtlebot3_ws/install/turtlebot3_gazebo/lib/turtlebot3_gazebo/turtlebot3_drive
[2.169s] -- Up-to-date symlink: /home/golam_sadek/turtlebot3_ws/install/turtlebot3_gazebo/share/turtlebot3_gazebo//launch/empty_world.launch.py
[2.170s] -- Up-to-date symlink: /home/golam_sadek/turtlebot3_ws/install/turtlebot3_gazebo/share/turtlebot3_gazebo//launch/robot_state_publisher.launch.py
[2.170s] -- Up-to-date symlink: /home/golam_sadek/turtlebot3_ws/install/turtlebot3_gazebo/share/turtlebot3_gazebo//launch/spawn_turtlebot3.launch.py
[2.170s] -- Up-to-date symlink: /home/golam_sadek/turtlebot3_ws/install/turtlebot3_gazebo/share/turtlebot3_gazebo//launch/turtlebot3_dqn_stage1.launch.py
[2.170s] -- Up-to-date symlink: /home/golam_sadek/turtlebot3_ws/install/turtlebot3_gazebo/share/turtlebot3_gazebo//launch/turtlebot3_dqn_stage2.launch.py
[2.170s] -- Up-to-date symlink: /home/golam_sadek/turtlebot3_ws/install/turtlebot3_gazebo/share/turtlebot3_gazebo//launch/turtlebot3_dqn_stage3.launch.py
[2.170s] -- Up-to-date symlink: /home/golam_sadek/turtlebot3_ws/install/turtlebot3_gazebo/share/turtlebot3_gazebo//launch/turtlebot3_dqn_stage4.launch.py
[2.170s] -- Up-to-date symlink: /home/golam_sadek/turtlebot3_ws/install/turtlebot3_gazebo/share/turtlebot3_gazebo//launch/turtlebot3_house.launch.py
[2.170s] -- Up-to-date symlink: /home/golam_sadek/turtlebot3_ws/install/turtlebot3_gazebo/share/turtlebot3_gazebo//launch/turtlebot3_my_editing_floor.launch.py
[2.170s] -- Up-to-date symlink: /home/golam_sadek/turtlebot3_ws/install/turtlebot3_gazebo/share/turtlebot3_gazebo//launch/turtlebot3_my_first_maze.launch.py
[2.170s] -- Up-to-date symlink: /home/golam_sadek/turtlebot3_ws/install/turtlebot3_gazebo/share/turtlebot3_gazebo//launch/turtlebot3_my_first_maze.py
[2.170s] -- Up-to-date symlink: /home/golam_sadek/turtlebot3_ws/install/turtlebot3_gazebo/share/turtlebot3_gazebo//launch/turtlebot3_my_maze.launch.py
[2.170s] -- Up-to-date symlink: /home/golam_sadek/turtlebot3_ws/install/turtlebot3_gazebo/share/turtlebot3_gazebo//launch/turtlebot3_world.launch.py
[2.171s] -- Up-to-date symlink: /home/golam_sadek/turtlebot3_ws/install/turtlebot3_gazebo/share/turtlebot3_gazebo//models/turtlebot3_burger/model-1_4.sdf
[2.171s] -- Up-to-date symlink: /home/golam_sadek/turtlebot3_ws/install/turtlebot3_gazebo/share/turtlebot3_gazebo//models/turtlebot3_burger/model.config
[2.171s] -- Up-to-date symlink: /home/golam_sadek/turtlebot3_ws/install/turtlebot3_gazebo/share/turtlebot3_gazebo//models/turtlebot3_burger/model.sdf
[2.171s] -- Up-to-date symlink: /home/golam_sadek/turtlebot3_ws/install/turtlebot3_gazebo/share/turtlebot3_gazebo//models/turtlebot3_common/meshes/burger_base.dae
[2.171s] -- Up-to-date symlink: /home/golam_sadek/turtlebot3_ws/install/turtlebot3_gazebo/share/turtlebot3_gazebo//models/turtlebot3_common/meshes/lds.dae
[2.171s] -- Up-to-date symlink: /home/golam_sadek/turtlebot3_ws/install/turtlebot3_gazebo/share/turtlebot3_gazebo//models/turtlebot3_common/meshes/r200.dae
[2.171s] -- Up-to-date symlink: /home/golam_sadek/turtlebot3_ws/install/turtlebot3_gazebo/share/turtlebot3_gazebo//models/turtlebot3_common/meshes/tire.dae
[2.172s] -- Up-to-date symlink: /home/golam_sadek/turtlebot3_ws/install/turtlebot3_gazebo/share/turtlebot3_gazebo//models/turtlebot3_common/meshes/waffle_base.dae
[2.172s] -- Up-to-date symlink: /home/golam_sadek/turtlebot3_ws/install/turtlebot3_gazebo/share/turtlebot3_gazebo//models/turtlebot3_common/meshes/waffle_pi_base.dae
[2.172s] -- Up-to-date symlink: /home/golam_sadek/turtlebot3_ws/install/turtlebot3_gazebo/share/turtlebot3_gazebo//models/turtlebot3_common/model.config
[2.172s] -- Up-to-date symlink: /home/golam_sadek/turtlebot3_ws/install/turtlebot3_gazebo/share/turtlebot3_gazebo//models/turtlebot3_dqn_world/goal_box/model.config
[2.172s] -- Up-to-date symlink: /home/golam_sadek/turtlebot3_ws/install/turtlebot3_gazebo/share/turtlebot3_gazebo//models/turtlebot3_dqn_world/goal_box/model.sdf
[2.172s] -- Up-to-date symlink: /home/golam_sadek/turtlebot3_ws/install/turtlebot3_gazebo/share/turtlebot3_gazebo//models/turtlebot3_dqn_world/inner_walls/model.config
[2.172s] -- Up-to-date symlink: /home/golam_sadek/turtlebot3_ws/install/turtlebot3_gazebo/share/turtlebot3_gazebo//models/turtlebot3_dqn_world/inner_walls/model.sdf
[2.172s] -- Up-to-date symlink: /home/golam_sadek/turtlebot3_ws/install/turtlebot3_gazebo/share/turtlebot3_gazebo//models/turtlebot3_dqn_world/model.config
[2.172s] -- Up-to-date symlink: /home/golam_sadek/turtlebot3_ws/install/turtlebot3_gazebo/share/turtlebot3_gazebo//models/turtlebot3_dqn_world/model.sdf
[2.172s] -- Up-to-date symlink: /home/golam_sadek/turtlebot3_ws/install/turtlebot3_gazebo/share/turtlebot3_gazebo//models/turtlebot3_dqn_world/obstacle1/model.config
[2.172s] -- Up-to-date symlink: /home/golam_sadek/turtlebot3_ws/install/turtlebot3_gazebo/share/turtlebot3_gazebo//models/turtlebot3_dqn_world/obstacle1/model.sdf
[2.172s] -- Up-to-date symlink: /home/golam_sadek/turtlebot3_ws/install/turtlebot3_gazebo/share/turtlebot3_gazebo//models/turtlebot3_dqn_world/obstacle2/model.config
[2.172s] -- Up-to-date symlink: /home/golam_sadek/turtlebot3_ws/install/turtlebot3_gazebo/share/turtlebot3_gazebo//models/turtlebot3_dqn_world/obstacle2/model.sdf
[2.173s] -- Up-to-date symlink: /home/golam_sadek/turtlebot3_ws/install/turtlebot3_gazebo/share/turtlebot3_gazebo//models/turtlebot3_dqn_world/obstacle_plugin/CMakeLists.txt
[2.173s] -- Up-to-date symlink: /home/golam_sadek/turtlebot3_ws/install/turtlebot3_gazebo/share/turtlebot3_gazebo//models/turtlebot3_dqn_world/obstacle_plugin/obstacle1.cc
[2.173s] -- Up-to-date symlink: /home/golam_sadek/turtlebot3_ws/install/turtlebot3_gazebo/share/turtlebot3_gazebo//models/turtlebot3_dqn_world/obstacle_plugin/obstacle2.cc
[2.173s] -- Up-to-date symlink: /home/golam_sadek/turtlebot3_ws/install/turtlebot3_gazebo/share/turtlebot3_gazebo//models/turtlebot3_dqn_world/obstacle_plugin/obstacles.cc
[2.173s] -- Up-to-date symlink: /home/golam_sadek/turtlebot3_ws/install/turtlebot3_gazebo/share/turtlebot3_gazebo//models/turtlebot3_dqn_world/obstacles/model.config
[2.173s] -- Up-to-date symlink: /home/golam_sadek/turtlebot3_ws/install/turtlebot3_gazebo/share/turtlebot3_gazebo//models/turtlebot3_dqn_world/obstacles/model.sdf
[2.173s] -- Up-to-date symlink: /home/golam_sadek/turtlebot3_ws/install/turtlebot3_gazebo/share/turtlebot3_gazebo//models/turtlebot3_house/model.config
[2.173s] -- Up-to-date symlink: /home/golam_sadek/turtlebot3_ws/install/turtlebot3_gazebo/share/turtlebot3_gazebo//models/turtlebot3_house/model.sdf
[2.173s] -- Up-to-date symlink: /home/golam_sadek/turtlebot3_ws/install/turtlebot3_gazebo/share/turtlebot3_gazebo//models/turtlebot3_waffle/model-1_4.sdf
[2.173s] -- Up-to-date symlink: /home/golam_sadek/turtlebot3_ws/install/turtlebot3_gazebo/share/turtlebot3_gazebo//models/turtlebot3_waffle/model.config
[2.173s] -- Up-to-date symlink: /home/golam_sadek/turtlebot3_ws/install/turtlebot3_gazebo/share/turtlebot3_gazebo//models/turtlebot3_waffle/model.sdf
[2.173s] -- Up-to-date symlink: /home/golam_sadek/turtlebot3_ws/install/turtlebot3_gazebo/share/turtlebot3_gazebo//models/turtlebot3_waffle_pi/model-1_4_.sdf
[2.174s] -- Up-to-date symlink: /home/golam_sadek/turtlebot3_ws/install/turtlebot3_gazebo/share/turtlebot3_gazebo//models/turtlebot3_waffle_pi/model.config
[2.174s] -- Up-to-date symlink: /home/golam_sadek/turtlebot3_ws/install/turtlebot3_gazebo/share/turtlebot3_gazebo//models/turtlebot3_waffle_pi/model.sdf
[2.174s] -- Up-to-date symlink: /home/golam_sadek/turtlebot3_ws/install/turtlebot3_gazebo/share/turtlebot3_gazebo//models/turtlebot3_world/meshes/hexagon.dae
[2.174s] -- Up-to-date symlink: /home/golam_sadek/turtlebot3_ws/install/turtlebot3_gazebo/share/turtlebot3_gazebo//models/turtlebot3_world/meshes/wall.dae
[2.174s] -- Up-to-date symlink: /home/golam_sadek/turtlebot3_ws/install/turtlebot3_gazebo/share/turtlebot3_gazebo//models/turtlebot3_world/model-1_4.sdf
[2.174s] -- Up-to-date symlink: /home/golam_sadek/turtlebot3_ws/install/turtlebot3_gazebo/share/turtlebot3_gazebo//models/turtlebot3_world/model.config
[2.174s] -- Up-to-date symlink: /home/golam_sadek/turtlebot3_ws/install/turtlebot3_gazebo/share/turtlebot3_gazebo//models/turtlebot3_world/model.sdf
[2.174s] -- Up-to-date symlink: /home/golam_sadek/turtlebot3_ws/install/turtlebot3_gazebo/share/turtlebot3_gazebo//rviz/tb3_gazebo.rviz
[2.174s] -- Up-to-date symlink: /home/golam_sadek/turtlebot3_ws/install/turtlebot3_gazebo/share/turtlebot3_gazebo//urdf/common_properties.urdf
[2.174s] -- Up-to-date symlink: /home/golam_sadek/turtlebot3_ws/install/turtlebot3_gazebo/share/turtlebot3_gazebo//urdf/turtlebot3_burger.urdf
[2.174s] -- Up-to-date symlink: /home/golam_sadek/turtlebot3_ws/install/turtlebot3_gazebo/share/turtlebot3_gazebo//urdf/turtlebot3_waffle.urdf
[2.174s] -- Up-to-date symlink: /home/golam_sadek/turtlebot3_ws/install/turtlebot3_gazebo/share/turtlebot3_gazebo//urdf/turtlebot3_waffle_pi.urdf
[2.174s] -- Up-to-date symlink: /home/golam_sadek/turtlebot3_ws/install/turtlebot3_gazebo/share/turtlebot3_gazebo//worlds/empty_world.world
[2.175s] -- Up-to-date symlink: /home/golam_sadek/turtlebot3_ws/install/turtlebot3_gazebo/share/turtlebot3_gazebo//worlds/my_editing_floor.world
[2.175s] -- Up-to-date symlink: /home/golam_sadek/turtlebot3_ws/install/turtlebot3_gazebo/share/turtlebot3_gazebo//worlds/my_first_maze.world
[2.175s] -- Up-to-date symlink: /home/golam_sadek/turtlebot3_ws/install/turtlebot3_gazebo/share/turtlebot3_gazebo//worlds/my_maze.world
[2.175s] -- Up-to-date symlink: /home/golam_sadek/turtlebot3_ws/install/turtlebot3_gazebo/share/turtlebot3_gazebo//worlds/turtlebot3_dqn_stage1.world
[2.175s] -- Up-to-date symlink: /home/golam_sadek/turtlebot3_ws/install/turtlebot3_gazebo/share/turtlebot3_gazebo//worlds/turtlebot3_dqn_stage2.world
[2.175s] -- Up-to-date symlink: /home/golam_sadek/turtlebot3_ws/install/turtlebot3_gazebo/share/turtlebot3_gazebo//worlds/turtlebot3_dqn_stage3.world
[2.175s] -- Up-to-date symlink: /home/golam_sadek/turtlebot3_ws/install/turtlebot3_gazebo/share/turtlebot3_gazebo//worlds/turtlebot3_dqn_stage4.world
[2.175s] -- Up-to-date symlink: /home/golam_sadek/turtlebot3_ws/install/turtlebot3_gazebo/share/turtlebot3_gazebo//worlds/turtlebot3_house.world
[2.175s] -- Up-to-date symlink: /home/golam_sadek/turtlebot3_ws/install/turtlebot3_gazebo/share/turtlebot3_gazebo//worlds/turtlebot3_world.world
[2.175s] -- Up-to-date symlink: /home/golam_sadek/turtlebot3_ws/install/turtlebot3_gazebo/include//turtlebot3_gazebo/turtlebot3_drive.hpp
[2.175s] -- Up-to-date symlink: /home/golam_sadek/turtlebot3_ws/install/turtlebot3_gazebo/share/ament_index/resource_index/package_run_dependencies/turtlebot3_gazebo
[2.176s] -- Up-to-date symlink: /home/golam_sadek/turtlebot3_ws/install/turtlebot3_gazebo/share/ament_index/resource_index/parent_prefix_path/turtlebot3_gazebo
[2.176s] -- Up-to-date symlink: /home/golam_sadek/turtlebot3_ws/install/turtlebot3_gazebo/share/turtlebot3_gazebo/environment/ament_prefix_path.sh
[2.176s] -- Up-to-date symlink: /home/golam_sadek/turtlebot3_ws/install/turtlebot3_gazebo/share/turtlebot3_gazebo/environment/ament_prefix_path.dsv
[2.176s] -- Up-to-date symlink: /home/golam_sadek/turtlebot3_ws/install/turtlebot3_gazebo/share/turtlebot3_gazebo/environment/path.sh
[2.176s] -- Up-to-date symlink: /home/golam_sadek/turtlebot3_ws/install/turtlebot3_gazebo/share/turtlebot3_gazebo/environment/path.dsv
[2.176s] -- Up-to-date symlink: /home/golam_sadek/turtlebot3_ws/install/turtlebot3_gazebo/share/turtlebot3_gazebo/local_setup.bash
[2.176s] -- Up-to-date symlink: /home/golam_sadek/turtlebot3_ws/install/turtlebot3_gazebo/share/turtlebot3_gazebo/local_setup.sh
[2.176s] -- Up-to-date symlink: /home/golam_sadek/turtlebot3_ws/install/turtlebot3_gazebo/share/turtlebot3_gazebo/local_setup.zsh
[2.176s] -- Up-to-date symlink: /home/golam_sadek/turtlebot3_ws/install/turtlebot3_gazebo/share/turtlebot3_gazebo/local_setup.dsv
[2.176s] -- Symlinking: /home/golam_sadek/turtlebot3_ws/install/turtlebot3_gazebo/share/turtlebot3_gazebo/package.dsv
[2.185s] -- Up-to-date symlink: /home/golam_sadek/turtlebot3_ws/install/turtlebot3_gazebo/share/ament_index/resource_index/packages/turtlebot3_gazebo
[2.185s] -- Up-to-date symlink: /home/golam_sadek/turtlebot3_ws/install/turtlebot3_gazebo/share/turtlebot3_gazebo/cmake/ament_cmake_export_include_directories-extras.cmake
[2.185s] -- Up-to-date symlink: /home/golam_sadek/turtlebot3_ws/install/turtlebot3_gazebo/share/turtlebot3_gazebo/cmake/ament_cmake_export_dependencies-extras.cmake
[2.186s] -- Up-to-date symlink: /home/golam_sadek/turtlebot3_ws/install/turtlebot3_gazebo/share/turtlebot3_gazebo/cmake/turtlebot3_gazeboConfig.cmake
[2.186s] -- Up-to-date symlink: /home/golam_sadek/turtlebot3_ws/install/turtlebot3_gazebo/share/turtlebot3_gazebo/cmake/turtlebot3_gazeboConfig-version.cmake
[2.186s] -- Up-to-date symlink: /home/golam_sadek/turtlebot3_ws/install/turtlebot3_gazebo/share/turtlebot3_gazebo/package.xml
[2.188s] Invoked command in '/home/golam_sadek/turtlebot3_ws/build/turtlebot3_gazebo' returned '0': CMAKE_PREFIX_PATH=${CMAKE_PREFIX_PATH}:/home/golam_sadek/turtlebot3_drlnav/install/turtlebot3_drl:/opt/ros/humble /usr/bin/cmake --install /home/golam_sadek/turtlebot3_ws/build/turtlebot3_gazebo
