[0.095s] DEBUG:colcon:Command line arguments: ['/usr/bin/colcon', 'build', '--symlink-install']
[0.095s] DEBUG:colcon:Parsed command line arguments: Namespace(log_base=None, log_level=None, verb_name='build', build_base='build', install_base='install', merge_install=False, symlink_install=True, test_result_base=None, continue_on_error=False, executor='parallel', parallel_workers=8, event_handlers=None, ignore_user_meta=False, metas=['./colcon.meta'], base_paths=['.'], packages_ignore=None, packages_ignore_regex=None, paths=None, packages_up_to=None, packages_up_to_regex=None, packages_above=None, packages_above_and_dependencies=None, packages_above_depth=None, packages_select_by_dep=None, packages_skip_by_dep=None, packages_skip_up_to=None, packages_select_build_failed=False, packages_skip_build_finished=False, packages_select_test_failures=False, packages_skip_test_passed=False, packages_select=None, packages_skip=None, packages_select_regex=None, packages_skip_regex=None, packages_start=None, packages_end=None, allow_overriding=[], cmake_args=None, cmake_target=None, cmake_target_skip_unavailable=False, cmake_clean_cache=False, cmake_clean_first=False, cmake_force_configure=False, ament_cmake_args=None, catkin_cmake_args=None, catkin_skip_building_tests=False, verb_parser=<colcon_defaults.argument_parser.defaults.DefaultArgumentsDecorator object at 0x7e3991f67dc0>, verb_extension=<colcon_core.verb.build.BuildVerb object at 0x7e3991f678b0>, main=<bound method BuildVerb.main of <colcon_core.verb.build.BuildVerb object at 0x7e3991f678b0>>)
[0.316s] Level 1:colcon.colcon_core.package_discovery:discover_packages(colcon_meta) check parameters
[0.316s] Level 1:colcon.colcon_core.package_discovery:discover_packages(recursive) check parameters
[0.316s] Level 1:colcon.colcon_core.package_discovery:discover_packages(ignore) check parameters
[0.316s] Level 1:colcon.colcon_core.package_discovery:discover_packages(path) check parameters
[0.316s] Level 1:colcon.colcon_core.package_discovery:discover_packages(colcon_meta) discover
[0.316s] Level 1:colcon.colcon_core.package_discovery:discover_packages(recursive) discover
[0.316s] INFO:colcon.colcon_core.package_discovery:Crawling recursively for packages in '/home/golam_sadek/turtlebot3_ws'
[0.316s] Level 1:colcon.colcon_core.package_identification:_identify(.) by extensions ['ignore', 'ignore_ament_install']
[0.316s] Level 1:colcon.colcon_core.package_identification:_identify(.) by extension 'ignore'
[0.316s] Level 1:colcon.colcon_core.package_identification:_identify(.) by extension 'ignore_ament_install'
[0.316s] Level 1:colcon.colcon_core.package_identification:_identify(.) by extensions ['colcon_pkg']
[0.316s] Level 1:colcon.colcon_core.package_identification:_identify(.) by extension 'colcon_pkg'
[0.317s] Level 1:colcon.colcon_core.package_identification:_identify(.) by extensions ['colcon_meta']
[0.317s] Level 1:colcon.colcon_core.package_identification:_identify(.) by extension 'colcon_meta'
[0.317s] Level 1:colcon.colcon_core.package_identification:_identify(.) by extensions ['ros']
[0.317s] Level 1:colcon.colcon_core.package_identification:_identify(.) by extension 'ros'
[0.337s] Level 1:colcon.colcon_core.package_identification:_identify(.) by extensions ['cmake', 'python']
[0.337s] Level 1:colcon.colcon_core.package_identification:_identify(.) by extension 'cmake'
[0.337s] Level 1:colcon.colcon_core.package_identification:_identify(.) by extension 'python'
[0.337s] Level 1:colcon.colcon_core.package_identification:_identify(.) by extensions ['python_setup_py']
[0.337s] Level 1:colcon.colcon_core.package_identification:_identify(.) by extension 'python_setup_py'
[0.337s] Level 1:colcon.colcon_core.package_identification:_identify(build) by extensions ['ignore', 'ignore_ament_install']
[0.337s] Level 1:colcon.colcon_core.package_identification:_identify(build) by extension 'ignore'
[0.337s] Level 1:colcon.colcon_core.package_identification:_identify(build) ignored
[0.337s] Level 1:colcon.colcon_core.package_identification:_identify(install) by extensions ['ignore', 'ignore_ament_install']
[0.337s] Level 1:colcon.colcon_core.package_identification:_identify(install) by extension 'ignore'
[0.337s] Level 1:colcon.colcon_core.package_identification:_identify(install) ignored
[0.338s] Level 1:colcon.colcon_core.package_identification:_identify(log) by extensions ['ignore', 'ignore_ament_install']
[0.338s] Level 1:colcon.colcon_core.package_identification:_identify(log) by extension 'ignore'
[0.338s] Level 1:colcon.colcon_core.package_identification:_identify(log) ignored
[0.338s] Level 1:colcon.colcon_core.package_identification:_identify(src) by extensions ['ignore', 'ignore_ament_install']
[0.338s] Level 1:colcon.colcon_core.package_identification:_identify(src) by extension 'ignore'
[0.338s] Level 1:colcon.colcon_core.package_identification:_identify(src) by extension 'ignore_ament_install'
[0.338s] Level 1:colcon.colcon_core.package_identification:_identify(src) by extensions ['colcon_pkg']
[0.338s] Level 1:colcon.colcon_core.package_identification:_identify(src) by extension 'colcon_pkg'
[0.338s] Level 1:colcon.colcon_core.package_identification:_identify(src) by extensions ['colcon_meta']
[0.338s] Level 1:colcon.colcon_core.package_identification:_identify(src) by extension 'colcon_meta'
[0.338s] Level 1:colcon.colcon_core.package_identification:_identify(src) by extensions ['ros']
[0.338s] Level 1:colcon.colcon_core.package_identification:_identify(src) by extension 'ros'
[0.338s] Level 1:colcon.colcon_core.package_identification:_identify(src) by extensions ['cmake', 'python']
[0.338s] Level 1:colcon.colcon_core.package_identification:_identify(src) by extension 'cmake'
[0.338s] Level 1:colcon.colcon_core.package_identification:_identify(src) by extension 'python'
[0.338s] Level 1:colcon.colcon_core.package_identification:_identify(src) by extensions ['python_setup_py']
[0.338s] Level 1:colcon.colcon_core.package_identification:_identify(src) by extension 'python_setup_py'
[0.338s] Level 1:colcon.colcon_core.package_identification:_identify(src/turtlebot3_fake_node) by extensions ['ignore', 'ignore_ament_install']
[0.338s] Level 1:colcon.colcon_core.package_identification:_identify(src/turtlebot3_fake_node) by extension 'ignore'
[0.338s] Level 1:colcon.colcon_core.package_identification:_identify(src/turtlebot3_fake_node) by extension 'ignore_ament_install'
[0.338s] Level 1:colcon.colcon_core.package_identification:_identify(src/turtlebot3_fake_node) by extensions ['colcon_pkg']
[0.338s] Level 1:colcon.colcon_core.package_identification:_identify(src/turtlebot3_fake_node) by extension 'colcon_pkg'
[0.338s] Level 1:colcon.colcon_core.package_identification:_identify(src/turtlebot3_fake_node) by extensions ['colcon_meta']
[0.338s] Level 1:colcon.colcon_core.package_identification:_identify(src/turtlebot3_fake_node) by extension 'colcon_meta'
[0.338s] Level 1:colcon.colcon_core.package_identification:_identify(src/turtlebot3_fake_node) by extensions ['ros']
[0.339s] Level 1:colcon.colcon_core.package_identification:_identify(src/turtlebot3_fake_node) by extension 'ros'
[0.341s] DEBUG:colcon.colcon_core.package_identification:Package 'src/turtlebot3_fake_node' with type 'ros.ament_cmake' and name 'turtlebot3_fake_node'
[0.341s] Level 1:colcon.colcon_core.package_identification:_identify(src/turtlebot3_gazebo) by extensions ['ignore', 'ignore_ament_install']
[0.341s] Level 1:colcon.colcon_core.package_identification:_identify(src/turtlebot3_gazebo) by extension 'ignore'
[0.341s] Level 1:colcon.colcon_core.package_identification:_identify(src/turtlebot3_gazebo) by extension 'ignore_ament_install'
[0.341s] Level 1:colcon.colcon_core.package_identification:_identify(src/turtlebot3_gazebo) by extensions ['colcon_pkg']
[0.341s] Level 1:colcon.colcon_core.package_identification:_identify(src/turtlebot3_gazebo) by extension 'colcon_pkg'
[0.341s] Level 1:colcon.colcon_core.package_identification:_identify(src/turtlebot3_gazebo) by extensions ['colcon_meta']
[0.341s] Level 1:colcon.colcon_core.package_identification:_identify(src/turtlebot3_gazebo) by extension 'colcon_meta'
[0.341s] Level 1:colcon.colcon_core.package_identification:_identify(src/turtlebot3_gazebo) by extensions ['ros']
[0.341s] Level 1:colcon.colcon_core.package_identification:_identify(src/turtlebot3_gazebo) by extension 'ros'
[0.342s] DEBUG:colcon.colcon_core.package_identification:Package 'src/turtlebot3_gazebo' with type 'ros.ament_cmake' and name 'turtlebot3_gazebo'
[0.342s] Level 1:colcon.colcon_core.package_identification:_identify(src/turtlebot3_simulations) by extensions ['ignore', 'ignore_ament_install']
[0.342s] Level 1:colcon.colcon_core.package_identification:_identify(src/turtlebot3_simulations) by extension 'ignore'
[0.342s] Level 1:colcon.colcon_core.package_identification:_identify(src/turtlebot3_simulations) by extension 'ignore_ament_install'
[0.342s] Level 1:colcon.colcon_core.package_identification:_identify(src/turtlebot3_simulations) by extensions ['colcon_pkg']
[0.342s] Level 1:colcon.colcon_core.package_identification:_identify(src/turtlebot3_simulations) by extension 'colcon_pkg'
[0.342s] Level 1:colcon.colcon_core.package_identification:_identify(src/turtlebot3_simulations) by extensions ['colcon_meta']
[0.343s] Level 1:colcon.colcon_core.package_identification:_identify(src/turtlebot3_simulations) by extension 'colcon_meta'
[0.343s] Level 1:colcon.colcon_core.package_identification:_identify(src/turtlebot3_simulations) by extensions ['ros']
[0.343s] Level 1:colcon.colcon_core.package_identification:_identify(src/turtlebot3_simulations) by extension 'ros'
[0.343s] DEBUG:colcon.colcon_core.package_identification:Package 'src/turtlebot3_simulations' with type 'ros.ament_cmake' and name 'turtlebot3_simulations'
[0.343s] Level 1:colcon.colcon_core.package_discovery:discover_packages(recursive) using defaults
[0.343s] Level 1:colcon.colcon_core.package_discovery:discover_packages(ignore) discover
[0.343s] Level 1:colcon.colcon_core.package_discovery:discover_packages(ignore) using defaults
[0.343s] Level 1:colcon.colcon_core.package_discovery:discover_packages(path) discover
[0.343s] Level 1:colcon.colcon_core.package_discovery:discover_packages(path) using defaults
[0.360s] Level 1:colcon.colcon_core.package_discovery:discover_packages(prefix_path) check parameters
[0.360s] Level 1:colcon.colcon_core.package_discovery:discover_packages(prefix_path) discover
[0.361s] DEBUG:colcon.colcon_installed_package_information.package_discovery:Found 2 installed packages in /home/golam_sadek/ur3robot_ws/install
[0.362s] DEBUG:colcon.colcon_installed_package_information.package_discovery:Found 1 installed packages in /home/golam_sadek/ur3robot_ws/src/ur3robot_controller/install
[0.362s] DEBUG:colcon.colcon_installed_package_information.package_discovery:Found 3 installed packages in /home/golam_sadek/turtlebot3_ws/install
[0.362s] DEBUG:colcon.colcon_installed_package_information.package_discovery:Found 5 installed packages in /home/golam_sadek/turtlebot3_drlnav/install
[0.364s] DEBUG:colcon.colcon_installed_package_information.package_discovery:Found 443 installed packages in /opt/ros/humble
[0.366s] Level 1:colcon.colcon_core.package_discovery:discover_packages(prefix_path) using defaults
[0.408s] Level 5:colcon.colcon_core.verb:set package 'turtlebot3_fake_node' build argument 'cmake_args' from command line to 'None'
[0.408s] Level 5:colcon.colcon_core.verb:set package 'turtlebot3_fake_node' build argument 'cmake_target' from command line to 'None'
[0.408s] Level 5:colcon.colcon_core.verb:set package 'turtlebot3_fake_node' build argument 'cmake_target_skip_unavailable' from command line to 'False'
[0.408s] Level 5:colcon.colcon_core.verb:set package 'turtlebot3_fake_node' build argument 'cmake_clean_cache' from command line to 'False'
[0.408s] Level 5:colcon.colcon_core.verb:set package 'turtlebot3_fake_node' build argument 'cmake_clean_first' from command line to 'False'
[0.408s] Level 5:colcon.colcon_core.verb:set package 'turtlebot3_fake_node' build argument 'cmake_force_configure' from command line to 'False'
[0.408s] Level 5:colcon.colcon_core.verb:set package 'turtlebot3_fake_node' build argument 'ament_cmake_args' from command line to 'None'
[0.408s] Level 5:colcon.colcon_core.verb:set package 'turtlebot3_fake_node' build argument 'catkin_cmake_args' from command line to 'None'
[0.408s] Level 5:colcon.colcon_core.verb:set package 'turtlebot3_fake_node' build argument 'catkin_skip_building_tests' from command line to 'False'
[0.408s] DEBUG:colcon.colcon_core.verb:Building package 'turtlebot3_fake_node' with the following arguments: {'ament_cmake_args': None, 'build_base': '/home/golam_sadek/turtlebot3_ws/build/turtlebot3_fake_node', 'catkin_cmake_args': None, 'catkin_skip_building_tests': False, 'cmake_args': None, 'cmake_clean_cache': False, 'cmake_clean_first': False, 'cmake_force_configure': False, 'cmake_target': None, 'cmake_target_skip_unavailable': False, 'install_base': '/home/golam_sadek/turtlebot3_ws/install/turtlebot3_fake_node', 'merge_install': False, 'path': '/home/golam_sadek/turtlebot3_ws/src/turtlebot3_fake_node', 'symlink_install': True, 'test_result_base': None}
[0.408s] Level 5:colcon.colcon_core.verb:set package 'turtlebot3_gazebo' build argument 'cmake_args' from command line to 'None'
[0.408s] Level 5:colcon.colcon_core.verb:set package 'turtlebot3_gazebo' build argument 'cmake_target' from command line to 'None'
[0.408s] Level 5:colcon.colcon_core.verb:set package 'turtlebot3_gazebo' build argument 'cmake_target_skip_unavailable' from command line to 'False'
[0.409s] Level 5:colcon.colcon_core.verb:set package 'turtlebot3_gazebo' build argument 'cmake_clean_cache' from command line to 'False'
[0.409s] Level 5:colcon.colcon_core.verb:set package 'turtlebot3_gazebo' build argument 'cmake_clean_first' from command line to 'False'
[0.409s] Level 5:colcon.colcon_core.verb:set package 'turtlebot3_gazebo' build argument 'cmake_force_configure' from command line to 'False'
[0.409s] Level 5:colcon.colcon_core.verb:set package 'turtlebot3_gazebo' build argument 'ament_cmake_args' from command line to 'None'
[0.409s] Level 5:colcon.colcon_core.verb:set package 'turtlebot3_gazebo' build argument 'catkin_cmake_args' from command line to 'None'
[0.409s] Level 5:colcon.colcon_core.verb:set package 'turtlebot3_gazebo' build argument 'catkin_skip_building_tests' from command line to 'False'
[0.409s] DEBUG:colcon.colcon_core.verb:Building package 'turtlebot3_gazebo' with the following arguments: {'ament_cmake_args': None, 'build_base': '/home/golam_sadek/turtlebot3_ws/build/turtlebot3_gazebo', 'catkin_cmake_args': None, 'catkin_skip_building_tests': False, 'cmake_args': None, 'cmake_clean_cache': False, 'cmake_clean_first': False, 'cmake_force_configure': False, 'cmake_target': None, 'cmake_target_skip_unavailable': False, 'install_base': '/home/golam_sadek/turtlebot3_ws/install/turtlebot3_gazebo', 'merge_install': False, 'path': '/home/golam_sadek/turtlebot3_ws/src/turtlebot3_gazebo', 'symlink_install': True, 'test_result_base': None}
[0.409s] Level 5:colcon.colcon_core.verb:set package 'turtlebot3_simulations' build argument 'cmake_args' from command line to 'None'
[0.409s] Level 5:colcon.colcon_core.verb:set package 'turtlebot3_simulations' build argument 'cmake_target' from command line to 'None'
[0.409s] Level 5:colcon.colcon_core.verb:set package 'turtlebot3_simulations' build argument 'cmake_target_skip_unavailable' from command line to 'False'
[0.409s] Level 5:colcon.colcon_core.verb:set package 'turtlebot3_simulations' build argument 'cmake_clean_cache' from command line to 'False'
[0.409s] Level 5:colcon.colcon_core.verb:set package 'turtlebot3_simulations' build argument 'cmake_clean_first' from command line to 'False'
[0.409s] Level 5:colcon.colcon_core.verb:set package 'turtlebot3_simulations' build argument 'cmake_force_configure' from command line to 'False'
[0.409s] Level 5:colcon.colcon_core.verb:set package 'turtlebot3_simulations' build argument 'ament_cmake_args' from command line to 'None'
[0.409s] Level 5:colcon.colcon_core.verb:set package 'turtlebot3_simulations' build argument 'catkin_cmake_args' from command line to 'None'
[0.409s] Level 5:colcon.colcon_core.verb:set package 'turtlebot3_simulations' build argument 'catkin_skip_building_tests' from command line to 'False'
[0.409s] DEBUG:colcon.colcon_core.verb:Building package 'turtlebot3_simulations' with the following arguments: {'ament_cmake_args': None, 'build_base': '/home/golam_sadek/turtlebot3_ws/build/turtlebot3_simulations', 'catkin_cmake_args': None, 'catkin_skip_building_tests': False, 'cmake_args': None, 'cmake_clean_cache': False, 'cmake_clean_first': False, 'cmake_force_configure': False, 'cmake_target': None, 'cmake_target_skip_unavailable': False, 'install_base': '/home/golam_sadek/turtlebot3_ws/install/turtlebot3_simulations', 'merge_install': False, 'path': '/home/golam_sadek/turtlebot3_ws/src/turtlebot3_simulations', 'symlink_install': True, 'test_result_base': None}
[0.409s] INFO:colcon.colcon_core.executor:Executing jobs using 'parallel' executor
[0.410s] DEBUG:colcon.colcon_parallel_executor.executor.parallel:run_until_complete
[0.410s] INFO:colcon.colcon_ros.task.ament_cmake.build:Building ROS package in '/home/golam_sadek/turtlebot3_ws/src/turtlebot3_fake_node' with build type 'ament_cmake'
[0.410s] INFO:colcon.colcon_cmake.task.cmake.build:Building CMake package in '/home/golam_sadek/turtlebot3_ws/src/turtlebot3_fake_node'
[0.412s] INFO:colcon.colcon_core.plugin_system:Skipping extension 'colcon_core.shell.bat': Not used on non-Windows systems
[0.412s] INFO:colcon.colcon_core.shell:Skip shell extension 'powershell' for command environment: Not usable outside of PowerShell
[0.412s] DEBUG:colcon.colcon_core.shell:Skip shell extension 'dsv' for command environment
[0.417s] INFO:colcon.colcon_ros.task.ament_cmake.build:Building ROS package in '/home/golam_sadek/turtlebot3_ws/src/turtlebot3_gazebo' with build type 'ament_cmake'
[0.417s] INFO:colcon.colcon_cmake.task.cmake.build:Building CMake package in '/home/golam_sadek/turtlebot3_ws/src/turtlebot3_gazebo'
[0.418s] INFO:colcon.colcon_core.shell:Skip shell extension 'powershell' for command environment: Not usable outside of PowerShell
[0.418s] DEBUG:colcon.colcon_core.shell:Skip shell extension 'dsv' for command environment
[0.433s] DEBUG:colcon.colcon_core.event_handler.log_command:Invoking command in '/home/golam_sadek/turtlebot3_ws/build/turtlebot3_fake_node': CMAKE_PREFIX_PATH=${CMAKE_PREFIX_PATH}:/home/golam_sadek/turtlebot3_drlnav/install/turtlebot3_drl:/opt/ros/humble /usr/bin/cmake /home/golam_sadek/turtlebot3_ws/src/turtlebot3_fake_node -DAMENT_CMAKE_SYMLINK_INSTALL=1 -DCMAKE_INSTALL_PREFIX=/home/golam_sadek/turtlebot3_ws/install/turtlebot3_fake_node
[0.437s] DEBUG:colcon.colcon_core.event_handler.log_command:Invoking command in '/home/golam_sadek/turtlebot3_ws/build/turtlebot3_gazebo': CMAKE_PREFIX_PATH=${CMAKE_PREFIX_PATH}:/home/golam_sadek/turtlebot3_drlnav/install/turtlebot3_drl:/opt/ros/humble /usr/bin/cmake /home/golam_sadek/turtlebot3_ws/src/turtlebot3_gazebo -DAMENT_CMAKE_SYMLINK_INSTALL=1 -DCMAKE_INSTALL_PREFIX=/home/golam_sadek/turtlebot3_ws/install/turtlebot3_gazebo
[2.173s] DEBUG:colcon.colcon_core.event_handler.log_command:Invoked command in '/home/golam_sadek/turtlebot3_ws/build/turtlebot3_fake_node' returned '0': CMAKE_PREFIX_PATH=${CMAKE_PREFIX_PATH}:/home/golam_sadek/turtlebot3_drlnav/install/turtlebot3_drl:/opt/ros/humble /usr/bin/cmake /home/golam_sadek/turtlebot3_ws/src/turtlebot3_fake_node -DAMENT_CMAKE_SYMLINK_INSTALL=1 -DCMAKE_INSTALL_PREFIX=/home/golam_sadek/turtlebot3_ws/install/turtlebot3_fake_node
[2.175s] DEBUG:colcon.colcon_core.event_handler.log_command:Invoking command in '/home/golam_sadek/turtlebot3_ws/build/turtlebot3_fake_node': CMAKE_PREFIX_PATH=${CMAKE_PREFIX_PATH}:/home/golam_sadek/turtlebot3_drlnav/install/turtlebot3_drl:/opt/ros/humble /usr/bin/cmake --build /home/golam_sadek/turtlebot3_ws/build/turtlebot3_fake_node -- -j8 -l8
[2.242s] DEBUG:colcon.colcon_core.event_handler.log_command:Invoked command in '/home/golam_sadek/turtlebot3_ws/build/turtlebot3_fake_node' returned '0': CMAKE_PREFIX_PATH=${CMAKE_PREFIX_PATH}:/home/golam_sadek/turtlebot3_drlnav/install/turtlebot3_drl:/opt/ros/humble /usr/bin/cmake --build /home/golam_sadek/turtlebot3_ws/build/turtlebot3_fake_node -- -j8 -l8
[2.252s] DEBUG:colcon.colcon_core.event_handler.log_command:Invoking command in '/home/golam_sadek/turtlebot3_ws/build/turtlebot3_fake_node': CMAKE_PREFIX_PATH=${CMAKE_PREFIX_PATH}:/home/golam_sadek/turtlebot3_drlnav/install/turtlebot3_drl:/opt/ros/humble /usr/bin/cmake --install /home/golam_sadek/turtlebot3_ws/build/turtlebot3_fake_node
[2.275s] Level 1:colcon.colcon_core.environment:create_environment_scripts_only(turtlebot3_fake_node)
[2.275s] DEBUG:colcon.colcon_core.event_handler.log_command:Invoked command in '/home/golam_sadek/turtlebot3_ws/build/turtlebot3_fake_node' returned '0': CMAKE_PREFIX_PATH=${CMAKE_PREFIX_PATH}:/home/golam_sadek/turtlebot3_drlnav/install/turtlebot3_drl:/opt/ros/humble /usr/bin/cmake --install /home/golam_sadek/turtlebot3_ws/build/turtlebot3_fake_node
[2.278s] Level 1:colcon.colcon_core.environment:checking '/home/golam_sadek/turtlebot3_ws/install/turtlebot3_fake_node' for CMake module files
[2.278s] Level 1:colcon.colcon_core.environment:checking '/home/golam_sadek/turtlebot3_ws/install/turtlebot3_fake_node' for CMake config files
[2.278s] Level 1:colcon.colcon_core.shell:create_environment_hook('turtlebot3_fake_node', 'cmake_prefix_path')
[2.279s] INFO:colcon.colcon_core.shell:Creating environment hook '/home/golam_sadek/turtlebot3_ws/install/turtlebot3_fake_node/share/turtlebot3_fake_node/hook/cmake_prefix_path.ps1'
[2.279s] INFO:colcon.colcon_core.shell:Creating environment descriptor '/home/golam_sadek/turtlebot3_ws/install/turtlebot3_fake_node/share/turtlebot3_fake_node/hook/cmake_prefix_path.dsv'
[2.280s] INFO:colcon.colcon_core.shell:Creating environment hook '/home/golam_sadek/turtlebot3_ws/install/turtlebot3_fake_node/share/turtlebot3_fake_node/hook/cmake_prefix_path.sh'
[2.280s] Level 1:colcon.colcon_core.environment:checking '/home/golam_sadek/turtlebot3_ws/install/turtlebot3_fake_node/lib'
[2.280s] Level 1:colcon.colcon_core.environment:checking '/home/golam_sadek/turtlebot3_ws/install/turtlebot3_fake_node/bin'
[2.280s] Level 1:colcon.colcon_core.environment:checking '/home/golam_sadek/turtlebot3_ws/install/turtlebot3_fake_node/lib/pkgconfig/turtlebot3_fake_node.pc'
[2.281s] Level 1:colcon.colcon_core.environment:checking '/home/golam_sadek/turtlebot3_ws/install/turtlebot3_fake_node/lib/python3.10/site-packages'
[2.281s] Level 1:colcon.colcon_core.environment:checking '/home/golam_sadek/turtlebot3_ws/install/turtlebot3_fake_node/bin'
[2.281s] INFO:colcon.colcon_core.shell:Creating package script '/home/golam_sadek/turtlebot3_ws/install/turtlebot3_fake_node/share/turtlebot3_fake_node/package.ps1'
[2.282s] INFO:colcon.colcon_core.shell:Creating package descriptor '/home/golam_sadek/turtlebot3_ws/install/turtlebot3_fake_node/share/turtlebot3_fake_node/package.dsv'
[2.282s] INFO:colcon.colcon_core.shell:Creating package script '/home/golam_sadek/turtlebot3_ws/install/turtlebot3_fake_node/share/turtlebot3_fake_node/package.sh'
[2.283s] INFO:colcon.colcon_core.shell:Creating package script '/home/golam_sadek/turtlebot3_ws/install/turtlebot3_fake_node/share/turtlebot3_fake_node/package.bash'
[2.284s] INFO:colcon.colcon_core.shell:Creating package script '/home/golam_sadek/turtlebot3_ws/install/turtlebot3_fake_node/share/turtlebot3_fake_node/package.zsh'
[2.284s] Level 1:colcon.colcon_core.environment:create_file_with_runtime_dependencies(/home/golam_sadek/turtlebot3_ws/install/turtlebot3_fake_node/share/colcon-core/packages/turtlebot3_fake_node)
[2.285s] Level 1:colcon.colcon_core.environment:create_environment_scripts_only(turtlebot3_fake_node)
[2.285s] Level 1:colcon.colcon_core.environment:checking '/home/golam_sadek/turtlebot3_ws/install/turtlebot3_fake_node' for CMake module files
[2.285s] Level 1:colcon.colcon_core.environment:checking '/home/golam_sadek/turtlebot3_ws/install/turtlebot3_fake_node' for CMake config files
[2.286s] Level 1:colcon.colcon_core.shell:create_environment_hook('turtlebot3_fake_node', 'cmake_prefix_path')
[2.286s] INFO:colcon.colcon_core.shell:Creating environment hook '/home/golam_sadek/turtlebot3_ws/install/turtlebot3_fake_node/share/turtlebot3_fake_node/hook/cmake_prefix_path.ps1'
[2.286s] INFO:colcon.colcon_core.shell:Creating environment descriptor '/home/golam_sadek/turtlebot3_ws/install/turtlebot3_fake_node/share/turtlebot3_fake_node/hook/cmake_prefix_path.dsv'
[2.287s] INFO:colcon.colcon_core.shell:Creating environment hook '/home/golam_sadek/turtlebot3_ws/install/turtlebot3_fake_node/share/turtlebot3_fake_node/hook/cmake_prefix_path.sh'
[2.287s] Level 1:colcon.colcon_core.environment:checking '/home/golam_sadek/turtlebot3_ws/install/turtlebot3_fake_node/lib'
[2.287s] Level 1:colcon.colcon_core.environment:checking '/home/golam_sadek/turtlebot3_ws/install/turtlebot3_fake_node/bin'
[2.287s] Level 1:colcon.colcon_core.environment:checking '/home/golam_sadek/turtlebot3_ws/install/turtlebot3_fake_node/lib/pkgconfig/turtlebot3_fake_node.pc'
[2.287s] Level 1:colcon.colcon_core.environment:checking '/home/golam_sadek/turtlebot3_ws/install/turtlebot3_fake_node/lib/python3.10/site-packages'
[2.288s] Level 1:colcon.colcon_core.environment:checking '/home/golam_sadek/turtlebot3_ws/install/turtlebot3_fake_node/bin'
[2.288s] INFO:colcon.colcon_core.shell:Creating package script '/home/golam_sadek/turtlebot3_ws/install/turtlebot3_fake_node/share/turtlebot3_fake_node/package.ps1'
[2.288s] INFO:colcon.colcon_core.shell:Creating package descriptor '/home/golam_sadek/turtlebot3_ws/install/turtlebot3_fake_node/share/turtlebot3_fake_node/package.dsv'
[2.289s] INFO:colcon.colcon_core.shell:Creating package script '/home/golam_sadek/turtlebot3_ws/install/turtlebot3_fake_node/share/turtlebot3_fake_node/package.sh'
[2.289s] INFO:colcon.colcon_core.shell:Creating package script '/home/golam_sadek/turtlebot3_ws/install/turtlebot3_fake_node/share/turtlebot3_fake_node/package.bash'
[2.289s] INFO:colcon.colcon_core.shell:Creating package script '/home/golam_sadek/turtlebot3_ws/install/turtlebot3_fake_node/share/turtlebot3_fake_node/package.zsh'
[2.290s] Level 1:colcon.colcon_core.environment:create_file_with_runtime_dependencies(/home/golam_sadek/turtlebot3_ws/install/turtlebot3_fake_node/share/colcon-core/packages/turtlebot3_fake_node)
[2.487s] DEBUG:colcon.colcon_core.event_handler.log_command:Invoked command in '/home/golam_sadek/turtlebot3_ws/build/turtlebot3_gazebo' returned '0': CMAKE_PREFIX_PATH=${CMAKE_PREFIX_PATH}:/home/golam_sadek/turtlebot3_drlnav/install/turtlebot3_drl:/opt/ros/humble /usr/bin/cmake /home/golam_sadek/turtlebot3_ws/src/turtlebot3_gazebo -DAMENT_CMAKE_SYMLINK_INSTALL=1 -DCMAKE_INSTALL_PREFIX=/home/golam_sadek/turtlebot3_ws/install/turtlebot3_gazebo
[2.488s] DEBUG:colcon.colcon_core.event_handler.log_command:Invoking command in '/home/golam_sadek/turtlebot3_ws/build/turtlebot3_gazebo': CMAKE_PREFIX_PATH=${CMAKE_PREFIX_PATH}:/home/golam_sadek/turtlebot3_drlnav/install/turtlebot3_drl:/opt/ros/humble /usr/bin/cmake --build /home/golam_sadek/turtlebot3_ws/build/turtlebot3_gazebo -- -j8 -l8
[2.578s] DEBUG:colcon.colcon_core.event_handler.log_command:Invoked command in '/home/golam_sadek/turtlebot3_ws/build/turtlebot3_gazebo' returned '0': CMAKE_PREFIX_PATH=${CMAKE_PREFIX_PATH}:/home/golam_sadek/turtlebot3_drlnav/install/turtlebot3_drl:/opt/ros/humble /usr/bin/cmake --build /home/golam_sadek/turtlebot3_ws/build/turtlebot3_gazebo -- -j8 -l8
[2.579s] DEBUG:colcon.colcon_core.event_handler.log_command:Invoking command in '/home/golam_sadek/turtlebot3_ws/build/turtlebot3_gazebo': CMAKE_PREFIX_PATH=${CMAKE_PREFIX_PATH}:/home/golam_sadek/turtlebot3_drlnav/install/turtlebot3_drl:/opt/ros/humble /usr/bin/cmake --install /home/golam_sadek/turtlebot3_ws/build/turtlebot3_gazebo
[2.605s] Level 1:colcon.colcon_core.environment:create_environment_scripts_only(turtlebot3_gazebo)
[2.605s] Level 1:colcon.colcon_core.environment:checking '/home/golam_sadek/turtlebot3_ws/install/turtlebot3_gazebo' for CMake module files
[2.606s] DEBUG:colcon.colcon_core.event_handler.log_command:Invoked command in '/home/golam_sadek/turtlebot3_ws/build/turtlebot3_gazebo' returned '0': CMAKE_PREFIX_PATH=${CMAKE_PREFIX_PATH}:/home/golam_sadek/turtlebot3_drlnav/install/turtlebot3_drl:/opt/ros/humble /usr/bin/cmake --install /home/golam_sadek/turtlebot3_ws/build/turtlebot3_gazebo
[2.606s] Level 1:colcon.colcon_core.environment:checking '/home/golam_sadek/turtlebot3_ws/install/turtlebot3_gazebo' for CMake config files
[2.607s] Level 1:colcon.colcon_core.shell:create_environment_hook('turtlebot3_gazebo', 'cmake_prefix_path')
[2.607s] INFO:colcon.colcon_core.shell:Creating environment hook '/home/golam_sadek/turtlebot3_ws/install/turtlebot3_gazebo/share/turtlebot3_gazebo/hook/cmake_prefix_path.ps1'
[2.607s] INFO:colcon.colcon_core.shell:Creating environment descriptor '/home/golam_sadek/turtlebot3_ws/install/turtlebot3_gazebo/share/turtlebot3_gazebo/hook/cmake_prefix_path.dsv'
[2.608s] INFO:colcon.colcon_core.shell:Creating environment hook '/home/golam_sadek/turtlebot3_ws/install/turtlebot3_gazebo/share/turtlebot3_gazebo/hook/cmake_prefix_path.sh'
[2.608s] Level 1:colcon.colcon_core.environment:checking '/home/golam_sadek/turtlebot3_ws/install/turtlebot3_gazebo/lib'
[2.608s] Level 1:colcon.colcon_core.environment:checking '/home/golam_sadek/turtlebot3_ws/install/turtlebot3_gazebo/bin'
[2.608s] Level 1:colcon.colcon_core.environment:checking '/home/golam_sadek/turtlebot3_ws/install/turtlebot3_gazebo/lib/pkgconfig/turtlebot3_gazebo.pc'
[2.608s] Level 1:colcon.colcon_core.environment:checking '/home/golam_sadek/turtlebot3_ws/install/turtlebot3_gazebo/lib/python3.10/site-packages'
[2.609s] Level 1:colcon.colcon_core.environment:checking '/home/golam_sadek/turtlebot3_ws/install/turtlebot3_gazebo/bin'
[2.609s] INFO:colcon.colcon_core.shell:Creating package script '/home/golam_sadek/turtlebot3_ws/install/turtlebot3_gazebo/share/turtlebot3_gazebo/package.ps1'
[2.609s] INFO:colcon.colcon_core.shell:Creating package descriptor '/home/golam_sadek/turtlebot3_ws/install/turtlebot3_gazebo/share/turtlebot3_gazebo/package.dsv'
[2.610s] INFO:colcon.colcon_core.shell:Creating package script '/home/golam_sadek/turtlebot3_ws/install/turtlebot3_gazebo/share/turtlebot3_gazebo/package.sh'
[2.610s] INFO:colcon.colcon_core.shell:Creating package script '/home/golam_sadek/turtlebot3_ws/install/turtlebot3_gazebo/share/turtlebot3_gazebo/package.bash'
[2.610s] INFO:colcon.colcon_core.shell:Creating package script '/home/golam_sadek/turtlebot3_ws/install/turtlebot3_gazebo/share/turtlebot3_gazebo/package.zsh'
[2.610s] Level 1:colcon.colcon_core.environment:create_file_with_runtime_dependencies(/home/golam_sadek/turtlebot3_ws/install/turtlebot3_gazebo/share/colcon-core/packages/turtlebot3_gazebo)
[2.611s] Level 1:colcon.colcon_core.environment:create_environment_scripts_only(turtlebot3_gazebo)
[2.611s] Level 1:colcon.colcon_core.environment:checking '/home/golam_sadek/turtlebot3_ws/install/turtlebot3_gazebo' for CMake module files
[2.611s] Level 1:colcon.colcon_core.environment:checking '/home/golam_sadek/turtlebot3_ws/install/turtlebot3_gazebo' for CMake config files
[2.612s] Level 1:colcon.colcon_core.shell:create_environment_hook('turtlebot3_gazebo', 'cmake_prefix_path')
[2.612s] INFO:colcon.colcon_core.shell:Creating environment hook '/home/golam_sadek/turtlebot3_ws/install/turtlebot3_gazebo/share/turtlebot3_gazebo/hook/cmake_prefix_path.ps1'
[2.613s] INFO:colcon.colcon_core.shell:Creating environment descriptor '/home/golam_sadek/turtlebot3_ws/install/turtlebot3_gazebo/share/turtlebot3_gazebo/hook/cmake_prefix_path.dsv'
[2.613s] INFO:colcon.colcon_core.shell:Creating environment hook '/home/golam_sadek/turtlebot3_ws/install/turtlebot3_gazebo/share/turtlebot3_gazebo/hook/cmake_prefix_path.sh'
[2.613s] Level 1:colcon.colcon_core.environment:checking '/home/golam_sadek/turtlebot3_ws/install/turtlebot3_gazebo/lib'
[2.613s] Level 1:colcon.colcon_core.environment:checking '/home/golam_sadek/turtlebot3_ws/install/turtlebot3_gazebo/bin'
[2.614s] Level 1:colcon.colcon_core.environment:checking '/home/golam_sadek/turtlebot3_ws/install/turtlebot3_gazebo/lib/pkgconfig/turtlebot3_gazebo.pc'
[2.614s] Level 1:colcon.colcon_core.environment:checking '/home/golam_sadek/turtlebot3_ws/install/turtlebot3_gazebo/lib/python3.10/site-packages'
[2.614s] Level 1:colcon.colcon_core.environment:checking '/home/golam_sadek/turtlebot3_ws/install/turtlebot3_gazebo/bin'
[2.614s] INFO:colcon.colcon_core.shell:Creating package script '/home/golam_sadek/turtlebot3_ws/install/turtlebot3_gazebo/share/turtlebot3_gazebo/package.ps1'
[2.615s] INFO:colcon.colcon_core.shell:Creating package descriptor '/home/golam_sadek/turtlebot3_ws/install/turtlebot3_gazebo/share/turtlebot3_gazebo/package.dsv'
[2.615s] INFO:colcon.colcon_core.shell:Creating package script '/home/golam_sadek/turtlebot3_ws/install/turtlebot3_gazebo/share/turtlebot3_gazebo/package.sh'
[2.615s] INFO:colcon.colcon_core.shell:Creating package script '/home/golam_sadek/turtlebot3_ws/install/turtlebot3_gazebo/share/turtlebot3_gazebo/package.bash'
[2.616s] INFO:colcon.colcon_core.shell:Creating package script '/home/golam_sadek/turtlebot3_ws/install/turtlebot3_gazebo/share/turtlebot3_gazebo/package.zsh'
[2.616s] Level 1:colcon.colcon_core.environment:create_file_with_runtime_dependencies(/home/golam_sadek/turtlebot3_ws/install/turtlebot3_gazebo/share/colcon-core/packages/turtlebot3_gazebo)
[2.616s] INFO:colcon.colcon_ros.task.ament_cmake.build:Building ROS package in '/home/golam_sadek/turtlebot3_ws/src/turtlebot3_simulations' with build type 'ament_cmake'
[2.616s] INFO:colcon.colcon_cmake.task.cmake.build:Building CMake package in '/home/golam_sadek/turtlebot3_ws/src/turtlebot3_simulations'
[2.616s] INFO:colcon.colcon_core.shell:Skip shell extension 'powershell' for command environment: Not usable outside of PowerShell
[2.616s] DEBUG:colcon.colcon_core.shell:Skip shell extension 'dsv' for command environment
[2.627s] DEBUG:colcon.colcon_core.event_handler.log_command:Invoking command in '/home/golam_sadek/turtlebot3_ws/build/turtlebot3_simulations': CMAKE_PREFIX_PATH=/home/golam_sadek/turtlebot3_ws/install/turtlebot3_gazebo:/home/golam_sadek/turtlebot3_ws/install/turtlebot3_fake_node:/home/golam_sadek/turtlebot3_drlnav/install/turtlebot3_simulations:/home/golam_sadek/turtlebot3_drlnav/install/turtlebot3_fake_node:/home/golam_sadek/turtlebot3_drlnav/install/turtlebot3_msgs:/home/golam_sadek/turtlebot3_drlnav/install/turtlebot3_gazebo:/home/golam_sadek/ur3robot_ws/install/ur3robot_description:/home/golam_sadek/ur3robot_ws/install/ur3robot_controller:/home/golam_sadek/ur3robot_ws/src/ur3robot_controller/install/ur3robot_controller:/home/golam_sadek/turtlebot3_ws/install/turtlebot3_simulations:/home/golam_sadek/turtlebot3_drlnav/install/turtlebot3_drl:/opt/ros/humble /usr/bin/cmake /home/golam_sadek/turtlebot3_ws/src/turtlebot3_simulations -DAMENT_CMAKE_SYMLINK_INSTALL=1 -DCMAKE_INSTALL_PREFIX=/home/golam_sadek/turtlebot3_ws/install/turtlebot3_simulations
[2.939s] DEBUG:colcon.colcon_core.event_handler.log_command:Invoked command in '/home/golam_sadek/turtlebot3_ws/build/turtlebot3_simulations' returned '0': CMAKE_PREFIX_PATH=/home/golam_sadek/turtlebot3_ws/install/turtlebot3_gazebo:/home/golam_sadek/turtlebot3_ws/install/turtlebot3_fake_node:/home/golam_sadek/turtlebot3_drlnav/install/turtlebot3_simulations:/home/golam_sadek/turtlebot3_drlnav/install/turtlebot3_fake_node:/home/golam_sadek/turtlebot3_drlnav/install/turtlebot3_msgs:/home/golam_sadek/turtlebot3_drlnav/install/turtlebot3_gazebo:/home/golam_sadek/ur3robot_ws/install/ur3robot_description:/home/golam_sadek/ur3robot_ws/install/ur3robot_controller:/home/golam_sadek/ur3robot_ws/src/ur3robot_controller/install/ur3robot_controller:/home/golam_sadek/turtlebot3_ws/install/turtlebot3_simulations:/home/golam_sadek/turtlebot3_drlnav/install/turtlebot3_drl:/opt/ros/humble /usr/bin/cmake /home/golam_sadek/turtlebot3_ws/src/turtlebot3_simulations -DAMENT_CMAKE_SYMLINK_INSTALL=1 -DCMAKE_INSTALL_PREFIX=/home/golam_sadek/turtlebot3_ws/install/turtlebot3_simulations
[2.943s] DEBUG:colcon.colcon_core.event_handler.log_command:Invoking command in '/home/golam_sadek/turtlebot3_ws/build/turtlebot3_simulations': CMAKE_PREFIX_PATH=/home/golam_sadek/turtlebot3_ws/install/turtlebot3_gazebo:/home/golam_sadek/turtlebot3_ws/install/turtlebot3_fake_node:/home/golam_sadek/turtlebot3_drlnav/install/turtlebot3_simulations:/home/golam_sadek/turtlebot3_drlnav/install/turtlebot3_fake_node:/home/golam_sadek/turtlebot3_drlnav/install/turtlebot3_msgs:/home/golam_sadek/turtlebot3_drlnav/install/turtlebot3_gazebo:/home/golam_sadek/ur3robot_ws/install/ur3robot_description:/home/golam_sadek/ur3robot_ws/install/ur3robot_controller:/home/golam_sadek/ur3robot_ws/src/ur3robot_controller/install/ur3robot_controller:/home/golam_sadek/turtlebot3_ws/install/turtlebot3_simulations:/home/golam_sadek/turtlebot3_drlnav/install/turtlebot3_drl:/opt/ros/humble /usr/bin/cmake --build /home/golam_sadek/turtlebot3_ws/build/turtlebot3_simulations -- -j8 -l8
[2.996s] DEBUG:colcon.colcon_core.event_handler.log_command:Invoked command in '/home/golam_sadek/turtlebot3_ws/build/turtlebot3_simulations' returned '0': CMAKE_PREFIX_PATH=/home/golam_sadek/turtlebot3_ws/install/turtlebot3_gazebo:/home/golam_sadek/turtlebot3_ws/install/turtlebot3_fake_node:/home/golam_sadek/turtlebot3_drlnav/install/turtlebot3_simulations:/home/golam_sadek/turtlebot3_drlnav/install/turtlebot3_fake_node:/home/golam_sadek/turtlebot3_drlnav/install/turtlebot3_msgs:/home/golam_sadek/turtlebot3_drlnav/install/turtlebot3_gazebo:/home/golam_sadek/ur3robot_ws/install/ur3robot_description:/home/golam_sadek/ur3robot_ws/install/ur3robot_controller:/home/golam_sadek/ur3robot_ws/src/ur3robot_controller/install/ur3robot_controller:/home/golam_sadek/turtlebot3_ws/install/turtlebot3_simulations:/home/golam_sadek/turtlebot3_drlnav/install/turtlebot3_drl:/opt/ros/humble /usr/bin/cmake --build /home/golam_sadek/turtlebot3_ws/build/turtlebot3_simulations -- -j8 -l8
[2.998s] DEBUG:colcon.colcon_core.event_handler.log_command:Invoking command in '/home/golam_sadek/turtlebot3_ws/build/turtlebot3_simulations': CMAKE_PREFIX_PATH=/home/golam_sadek/turtlebot3_ws/install/turtlebot3_gazebo:/home/golam_sadek/turtlebot3_ws/install/turtlebot3_fake_node:/home/golam_sadek/turtlebot3_drlnav/install/turtlebot3_simulations:/home/golam_sadek/turtlebot3_drlnav/install/turtlebot3_fake_node:/home/golam_sadek/turtlebot3_drlnav/install/turtlebot3_msgs:/home/golam_sadek/turtlebot3_drlnav/install/turtlebot3_gazebo:/home/golam_sadek/ur3robot_ws/install/ur3robot_description:/home/golam_sadek/ur3robot_ws/install/ur3robot_controller:/home/golam_sadek/ur3robot_ws/src/ur3robot_controller/install/ur3robot_controller:/home/golam_sadek/turtlebot3_ws/install/turtlebot3_simulations:/home/golam_sadek/turtlebot3_drlnav/install/turtlebot3_drl:/opt/ros/humble /usr/bin/cmake --install /home/golam_sadek/turtlebot3_ws/build/turtlebot3_simulations
[3.024s] Level 1:colcon.colcon_core.environment:create_environment_scripts_only(turtlebot3_simulations)
[3.024s] Level 1:colcon.colcon_core.environment:checking '/home/golam_sadek/turtlebot3_ws/install/turtlebot3_simulations' for CMake module files
[3.025s] DEBUG:colcon.colcon_core.event_handler.log_command:Invoked command in '/home/golam_sadek/turtlebot3_ws/build/turtlebot3_simulations' returned '0': CMAKE_PREFIX_PATH=/home/golam_sadek/turtlebot3_ws/install/turtlebot3_gazebo:/home/golam_sadek/turtlebot3_ws/install/turtlebot3_fake_node:/home/golam_sadek/turtlebot3_drlnav/install/turtlebot3_simulations:/home/golam_sadek/turtlebot3_drlnav/install/turtlebot3_fake_node:/home/golam_sadek/turtlebot3_drlnav/install/turtlebot3_msgs:/home/golam_sadek/turtlebot3_drlnav/install/turtlebot3_gazebo:/home/golam_sadek/ur3robot_ws/install/ur3robot_description:/home/golam_sadek/ur3robot_ws/install/ur3robot_controller:/home/golam_sadek/ur3robot_ws/src/ur3robot_controller/install/ur3robot_controller:/home/golam_sadek/turtlebot3_ws/install/turtlebot3_simulations:/home/golam_sadek/turtlebot3_drlnav/install/turtlebot3_drl:/opt/ros/humble /usr/bin/cmake --install /home/golam_sadek/turtlebot3_ws/build/turtlebot3_simulations
[3.025s] Level 1:colcon.colcon_core.environment:checking '/home/golam_sadek/turtlebot3_ws/install/turtlebot3_simulations' for CMake config files
[3.026s] Level 1:colcon.colcon_core.shell:create_environment_hook('turtlebot3_simulations', 'cmake_prefix_path')
[3.026s] INFO:colcon.colcon_core.shell:Creating environment hook '/home/golam_sadek/turtlebot3_ws/install/turtlebot3_simulations/share/turtlebot3_simulations/hook/cmake_prefix_path.ps1'
[3.027s] INFO:colcon.colcon_core.shell:Creating environment descriptor '/home/golam_sadek/turtlebot3_ws/install/turtlebot3_simulations/share/turtlebot3_simulations/hook/cmake_prefix_path.dsv'
[3.027s] INFO:colcon.colcon_core.shell:Creating environment hook '/home/golam_sadek/turtlebot3_ws/install/turtlebot3_simulations/share/turtlebot3_simulations/hook/cmake_prefix_path.sh'
[3.028s] Level 1:colcon.colcon_core.environment:checking '/home/golam_sadek/turtlebot3_ws/install/turtlebot3_simulations/bin'
[3.028s] Level 1:colcon.colcon_core.environment:checking '/home/golam_sadek/turtlebot3_ws/install/turtlebot3_simulations/lib/pkgconfig/turtlebot3_simulations.pc'
[3.028s] Level 1:colcon.colcon_core.environment:checking '/home/golam_sadek/turtlebot3_ws/install/turtlebot3_simulations/lib/python3.10/site-packages'
[3.029s] Level 1:colcon.colcon_core.environment:checking '/home/golam_sadek/turtlebot3_ws/install/turtlebot3_simulations/bin'
[3.029s] INFO:colcon.colcon_core.shell:Creating package script '/home/golam_sadek/turtlebot3_ws/install/turtlebot3_simulations/share/turtlebot3_simulations/package.ps1'
[3.030s] INFO:colcon.colcon_core.shell:Creating package descriptor '/home/golam_sadek/turtlebot3_ws/install/turtlebot3_simulations/share/turtlebot3_simulations/package.dsv'
[3.030s] INFO:colcon.colcon_core.shell:Creating package script '/home/golam_sadek/turtlebot3_ws/install/turtlebot3_simulations/share/turtlebot3_simulations/package.sh'
[3.030s] INFO:colcon.colcon_core.shell:Creating package script '/home/golam_sadek/turtlebot3_ws/install/turtlebot3_simulations/share/turtlebot3_simulations/package.bash'
[3.031s] INFO:colcon.colcon_core.shell:Creating package script '/home/golam_sadek/turtlebot3_ws/install/turtlebot3_simulations/share/turtlebot3_simulations/package.zsh'
[3.031s] Level 1:colcon.colcon_core.environment:create_file_with_runtime_dependencies(/home/golam_sadek/turtlebot3_ws/install/turtlebot3_simulations/share/colcon-core/packages/turtlebot3_simulations)
[3.032s] Level 1:colcon.colcon_core.environment:create_environment_scripts_only(turtlebot3_simulations)
[3.032s] Level 1:colcon.colcon_core.environment:checking '/home/golam_sadek/turtlebot3_ws/install/turtlebot3_simulations' for CMake module files
[3.032s] Level 1:colcon.colcon_core.environment:checking '/home/golam_sadek/turtlebot3_ws/install/turtlebot3_simulations' for CMake config files
[3.032s] Level 1:colcon.colcon_core.shell:create_environment_hook('turtlebot3_simulations', 'cmake_prefix_path')
[3.033s] INFO:colcon.colcon_core.shell:Creating environment hook '/home/golam_sadek/turtlebot3_ws/install/turtlebot3_simulations/share/turtlebot3_simulations/hook/cmake_prefix_path.ps1'
[3.033s] INFO:colcon.colcon_core.shell:Creating environment descriptor '/home/golam_sadek/turtlebot3_ws/install/turtlebot3_simulations/share/turtlebot3_simulations/hook/cmake_prefix_path.dsv'
[3.033s] INFO:colcon.colcon_core.shell:Creating environment hook '/home/golam_sadek/turtlebot3_ws/install/turtlebot3_simulations/share/turtlebot3_simulations/hook/cmake_prefix_path.sh'
[3.034s] Level 1:colcon.colcon_core.environment:checking '/home/golam_sadek/turtlebot3_ws/install/turtlebot3_simulations/bin'
[3.034s] Level 1:colcon.colcon_core.environment:checking '/home/golam_sadek/turtlebot3_ws/install/turtlebot3_simulations/lib/pkgconfig/turtlebot3_simulations.pc'
[3.034s] Level 1:colcon.colcon_core.environment:checking '/home/golam_sadek/turtlebot3_ws/install/turtlebot3_simulations/lib/python3.10/site-packages'
[3.034s] Level 1:colcon.colcon_core.environment:checking '/home/golam_sadek/turtlebot3_ws/install/turtlebot3_simulations/bin'
[3.034s] INFO:colcon.colcon_core.shell:Creating package script '/home/golam_sadek/turtlebot3_ws/install/turtlebot3_simulations/share/turtlebot3_simulations/package.ps1'
[3.035s] INFO:colcon.colcon_core.shell:Creating package descriptor '/home/golam_sadek/turtlebot3_ws/install/turtlebot3_simulations/share/turtlebot3_simulations/package.dsv'
[3.035s] INFO:colcon.colcon_core.shell:Creating package script '/home/golam_sadek/turtlebot3_ws/install/turtlebot3_simulations/share/turtlebot3_simulations/package.sh'
[3.036s] INFO:colcon.colcon_core.shell:Creating package script '/home/golam_sadek/turtlebot3_ws/install/turtlebot3_simulations/share/turtlebot3_simulations/package.bash'
[3.036s] INFO:colcon.colcon_core.shell:Creating package script '/home/golam_sadek/turtlebot3_ws/install/turtlebot3_simulations/share/turtlebot3_simulations/package.zsh'
[3.037s] Level 1:colcon.colcon_core.environment:create_file_with_runtime_dependencies(/home/golam_sadek/turtlebot3_ws/install/turtlebot3_simulations/share/colcon-core/packages/turtlebot3_simulations)
[3.037s] DEBUG:colcon.colcon_parallel_executor.executor.parallel:closing loop
[3.037s] DEBUG:colcon.colcon_parallel_executor.executor.parallel:loop closed
[3.037s] DEBUG:colcon.colcon_parallel_executor.executor.parallel:run_until_complete finished with '0'
[3.037s] DEBUG:colcon.colcon_core.event_reactor:joining thread
[3.042s] INFO:colcon.colcon_core.plugin_system:Skipping extension 'colcon_notification.desktop_notification.terminal_notifier': Not used on non-Darwin systems
[3.042s] INFO:colcon.colcon_core.plugin_system:Skipping extension 'colcon_notification.desktop_notification.win32': Not used on non-Windows systems
[3.042s] INFO:colcon.colcon_notification.desktop_notification:Sending desktop notification using 'notify2'
[3.050s] DEBUG:colcon.colcon_core.event_reactor:joined thread
[3.051s] INFO:colcon.colcon_core.shell:Creating prefix script '/home/golam_sadek/turtlebot3_ws/install/local_setup.ps1'
[3.052s] INFO:colcon.colcon_core.shell:Creating prefix util module '/home/golam_sadek/turtlebot3_ws/install/_local_setup_util_ps1.py'
[3.054s] INFO:colcon.colcon_core.shell:Creating prefix chain script '/home/golam_sadek/turtlebot3_ws/install/setup.ps1'
[3.056s] INFO:colcon.colcon_core.shell:Creating prefix script '/home/golam_sadek/turtlebot3_ws/install/local_setup.sh'
[3.056s] INFO:colcon.colcon_core.shell:Creating prefix util module '/home/golam_sadek/turtlebot3_ws/install/_local_setup_util_sh.py'
[3.057s] INFO:colcon.colcon_core.shell:Creating prefix chain script '/home/golam_sadek/turtlebot3_ws/install/setup.sh'
[3.058s] INFO:colcon.colcon_core.shell:Creating prefix script '/home/golam_sadek/turtlebot3_ws/install/local_setup.bash'
[3.059s] INFO:colcon.colcon_core.shell:Creating prefix chain script '/home/golam_sadek/turtlebot3_ws/install/setup.bash'
[3.060s] INFO:colcon.colcon_core.shell:Creating prefix script '/home/golam_sadek/turtlebot3_ws/install/local_setup.zsh'
[3.061s] INFO:colcon.colcon_core.shell:Creating prefix chain script '/home/golam_sadek/turtlebot3_ws/install/setup.zsh'
