[0.797s] DEBUG:colcon:Command line arguments: ['/usr/bin/colcon', 'build']
[0.797s] DEBUG:colcon:Parsed command line arguments: Namespace(log_base=None, log_level=None, verb_name='build', build_base='build', install_base='install', merge_install=False, symlink_install=False, test_result_base=None, continue_on_error=False, executor='parallel', parallel_workers=8, event_handlers=None, ignore_user_meta=False, metas=['./colcon.meta'], base_paths=['.'], packages_ignore=None, packages_ignore_regex=None, paths=None, packages_up_to=None, packages_up_to_regex=None, packages_above=None, packages_above_and_dependencies=None, packages_above_depth=None, packages_select_by_dep=None, packages_skip_by_dep=None, packages_skip_up_to=None, packages_select_build_failed=False, packages_skip_build_finished=False, packages_select_test_failures=False, packages_skip_test_passed=False, packages_select=None, packages_skip=None, packages_select_regex=None, packages_skip_regex=None, packages_start=None, packages_end=None, allow_overriding=[], cmake_args=None, cmake_target=None, cmake_target_skip_unavailable=False, cmake_clean_cache=False, cmake_clean_first=False, cmake_force_configure=False, ament_cmake_args=None, catkin_cmake_args=None, catkin_skip_building_tests=False, verb_parser=<colcon_defaults.argument_parser.defaults.DefaultArgumentsDecorator object at 0x7a865cf73dc0>, verb_extension=<colcon_core.verb.build.BuildVerb object at 0x7a865cf738b0>, main=<bound method BuildVerb.main of <colcon_core.verb.build.BuildVerb object at 0x7a865cf738b0>>)
[1.424s] Level 1:colcon.colcon_core.package_discovery:discover_packages(colcon_meta) check parameters
[1.424s] Level 1:colcon.colcon_core.package_discovery:discover_packages(recursive) check parameters
[1.424s] Level 1:colcon.colcon_core.package_discovery:discover_packages(ignore) check parameters
[1.424s] Level 1:colcon.colcon_core.package_discovery:discover_packages(path) check parameters
[1.424s] Level 1:colcon.colcon_core.package_discovery:discover_packages(colcon_meta) discover
[1.424s] Level 1:colcon.colcon_core.package_discovery:discover_packages(recursive) discover
[1.424s] INFO:colcon.colcon_core.package_discovery:Crawling recursively for packages in '/home/golam_sadek/turtlebot3_ws'
[1.424s] Level 1:colcon.colcon_core.package_identification:_identify(.) by extensions ['ignore', 'ignore_ament_install']
[1.424s] Level 1:colcon.colcon_core.package_identification:_identify(.) by extension 'ignore'
[1.424s] Level 1:colcon.colcon_core.package_identification:_identify(.) by extension 'ignore_ament_install'
[1.424s] Level 1:colcon.colcon_core.package_identification:_identify(.) by extensions ['colcon_pkg']
[1.424s] Level 1:colcon.colcon_core.package_identification:_identify(.) by extension 'colcon_pkg'
[1.424s] Level 1:colcon.colcon_core.package_identification:_identify(.) by extensions ['colcon_meta']
[1.424s] Level 1:colcon.colcon_core.package_identification:_identify(.) by extension 'colcon_meta'
[1.424s] Level 1:colcon.colcon_core.package_identification:_identify(.) by extensions ['ros']
[1.424s] Level 1:colcon.colcon_core.package_identification:_identify(.) by extension 'ros'
[1.487s] Level 1:colcon.colcon_core.package_identification:_identify(.) by extensions ['cmake', 'python']
[1.487s] Level 1:colcon.colcon_core.package_identification:_identify(.) by extension 'cmake'
[1.487s] Level 1:colcon.colcon_core.package_identification:_identify(.) by extension 'python'
[1.487s] Level 1:colcon.colcon_core.package_identification:_identify(.) by extensions ['python_setup_py']
[1.487s] Level 1:colcon.colcon_core.package_identification:_identify(.) by extension 'python_setup_py'
[1.487s] Level 1:colcon.colcon_core.package_identification:_identify(build) by extensions ['ignore', 'ignore_ament_install']
[1.487s] Level 1:colcon.colcon_core.package_identification:_identify(build) by extension 'ignore'
[1.487s] Level 1:colcon.colcon_core.package_identification:_identify(build) ignored
[1.487s] Level 1:colcon.colcon_core.package_identification:_identify(install) by extensions ['ignore', 'ignore_ament_install']
[1.487s] Level 1:colcon.colcon_core.package_identification:_identify(install) by extension 'ignore'
[1.487s] Level 1:colcon.colcon_core.package_identification:_identify(install) ignored
[1.487s] Level 1:colcon.colcon_core.package_identification:_identify(log) by extensions ['ignore', 'ignore_ament_install']
[1.487s] Level 1:colcon.colcon_core.package_identification:_identify(log) by extension 'ignore'
[1.487s] Level 1:colcon.colcon_core.package_identification:_identify(log) ignored
[1.487s] Level 1:colcon.colcon_core.package_identification:_identify(src) by extensions ['ignore', 'ignore_ament_install']
[1.488s] Level 1:colcon.colcon_core.package_identification:_identify(src) by extension 'ignore'
[1.488s] Level 1:colcon.colcon_core.package_identification:_identify(src) by extension 'ignore_ament_install'
[1.488s] Level 1:colcon.colcon_core.package_identification:_identify(src) by extensions ['colcon_pkg']
[1.488s] Level 1:colcon.colcon_core.package_identification:_identify(src) by extension 'colcon_pkg'
[1.488s] Level 1:colcon.colcon_core.package_identification:_identify(src) by extensions ['colcon_meta']
[1.488s] Level 1:colcon.colcon_core.package_identification:_identify(src) by extension 'colcon_meta'
[1.488s] Level 1:colcon.colcon_core.package_identification:_identify(src) by extensions ['ros']
[1.488s] Level 1:colcon.colcon_core.package_identification:_identify(src) by extension 'ros'
[1.488s] Level 1:colcon.colcon_core.package_identification:_identify(src) by extensions ['cmake', 'python']
[1.488s] Level 1:colcon.colcon_core.package_identification:_identify(src) by extension 'cmake'
[1.488s] Level 1:colcon.colcon_core.package_identification:_identify(src) by extension 'python'
[1.488s] Level 1:colcon.colcon_core.package_identification:_identify(src) by extensions ['python_setup_py']
[1.488s] Level 1:colcon.colcon_core.package_identification:_identify(src) by extension 'python_setup_py'
[1.489s] Level 1:colcon.colcon_core.package_identification:_identify(src/turtlebot3_fake_node) by extensions ['ignore', 'ignore_ament_install']
[1.489s] Level 1:colcon.colcon_core.package_identification:_identify(src/turtlebot3_fake_node) by extension 'ignore'
[1.489s] Level 1:colcon.colcon_core.package_identification:_identify(src/turtlebot3_fake_node) by extension 'ignore_ament_install'
[1.489s] Level 1:colcon.colcon_core.package_identification:_identify(src/turtlebot3_fake_node) by extensions ['colcon_pkg']
[1.489s] Level 1:colcon.colcon_core.package_identification:_identify(src/turtlebot3_fake_node) by extension 'colcon_pkg'
[1.489s] Level 1:colcon.colcon_core.package_identification:_identify(src/turtlebot3_fake_node) by extensions ['colcon_meta']
[1.489s] Level 1:colcon.colcon_core.package_identification:_identify(src/turtlebot3_fake_node) by extension 'colcon_meta'
[1.489s] Level 1:colcon.colcon_core.package_identification:_identify(src/turtlebot3_fake_node) by extensions ['ros']
[1.489s] Level 1:colcon.colcon_core.package_identification:_identify(src/turtlebot3_fake_node) by extension 'ros'
[1.492s] DEBUG:colcon.colcon_core.package_identification:Package 'src/turtlebot3_fake_node' with type 'ros.ament_cmake' and name 'turtlebot3_fake_node'
[1.493s] Level 1:colcon.colcon_core.package_identification:_identify(src/turtlebot3_gazebo) by extensions ['ignore', 'ignore_ament_install']
[1.493s] Level 1:colcon.colcon_core.package_identification:_identify(src/turtlebot3_gazebo) by extension 'ignore'
[1.493s] Level 1:colcon.colcon_core.package_identification:_identify(src/turtlebot3_gazebo) by extension 'ignore_ament_install'
[1.493s] Level 1:colcon.colcon_core.package_identification:_identify(src/turtlebot3_gazebo) by extensions ['colcon_pkg']
[1.493s] Level 1:colcon.colcon_core.package_identification:_identify(src/turtlebot3_gazebo) by extension 'colcon_pkg'
[1.493s] Level 1:colcon.colcon_core.package_identification:_identify(src/turtlebot3_gazebo) by extensions ['colcon_meta']
[1.493s] Level 1:colcon.colcon_core.package_identification:_identify(src/turtlebot3_gazebo) by extension 'colcon_meta'
[1.493s] Level 1:colcon.colcon_core.package_identification:_identify(src/turtlebot3_gazebo) by extensions ['ros']
[1.493s] Level 1:colcon.colcon_core.package_identification:_identify(src/turtlebot3_gazebo) by extension 'ros'
[1.494s] DEBUG:colcon.colcon_core.package_identification:Package 'src/turtlebot3_gazebo' with type 'ros.ament_cmake' and name 'turtlebot3_gazebo'
[1.494s] Level 1:colcon.colcon_core.package_identification:_identify(src/turtlebot3_simulations) by extensions ['ignore', 'ignore_ament_install']
[1.494s] Level 1:colcon.colcon_core.package_identification:_identify(src/turtlebot3_simulations) by extension 'ignore'
[1.494s] Level 1:colcon.colcon_core.package_identification:_identify(src/turtlebot3_simulations) by extension 'ignore_ament_install'
[1.495s] Level 1:colcon.colcon_core.package_identification:_identify(src/turtlebot3_simulations) by extensions ['colcon_pkg']
[1.495s] Level 1:colcon.colcon_core.package_identification:_identify(src/turtlebot3_simulations) by extension 'colcon_pkg'
[1.495s] Level 1:colcon.colcon_core.package_identification:_identify(src/turtlebot3_simulations) by extensions ['colcon_meta']
[1.495s] Level 1:colcon.colcon_core.package_identification:_identify(src/turtlebot3_simulations) by extension 'colcon_meta'
[1.495s] Level 1:colcon.colcon_core.package_identification:_identify(src/turtlebot3_simulations) by extensions ['ros']
[1.495s] Level 1:colcon.colcon_core.package_identification:_identify(src/turtlebot3_simulations) by extension 'ros'
[1.495s] DEBUG:colcon.colcon_core.package_identification:Package 'src/turtlebot3_simulations' with type 'ros.ament_cmake' and name 'turtlebot3_simulations'
[1.495s] Level 1:colcon.colcon_core.package_discovery:discover_packages(recursive) using defaults
[1.495s] Level 1:colcon.colcon_core.package_discovery:discover_packages(ignore) discover
[1.495s] Level 1:colcon.colcon_core.package_discovery:discover_packages(ignore) using defaults
[1.495s] Level 1:colcon.colcon_core.package_discovery:discover_packages(path) discover
[1.495s] Level 1:colcon.colcon_core.package_discovery:discover_packages(path) using defaults
[1.572s] Level 1:colcon.colcon_core.package_discovery:discover_packages(prefix_path) check parameters
[1.572s] Level 1:colcon.colcon_core.package_discovery:discover_packages(prefix_path) discover
[1.599s] DEBUG:colcon.colcon_installed_package_information.package_discovery:Found 2 installed packages in /home/golam_sadek/ur3robot_ws/install
[1.600s] DEBUG:colcon.colcon_installed_package_information.package_discovery:Found 1 installed packages in /home/golam_sadek/install
[1.602s] DEBUG:colcon.colcon_installed_package_information.package_discovery:Found 1 installed packages in /home/golam_sadek/ur3robot_ws/src/ur3robot_controller/install
[1.603s] DEBUG:colcon.colcon_installed_package_information.package_discovery:Found 3 installed packages in /home/golam_sadek/turtlebot3_ws/install
[1.604s] DEBUG:colcon.colcon_installed_package_information.package_discovery:Found 5 installed packages in /home/golam_sadek/turtlebot3_drlnav/install
[1.608s] DEBUG:colcon.colcon_installed_package_information.package_discovery:Found 443 installed packages in /opt/ros/humble
[1.611s] Level 1:colcon.colcon_core.package_discovery:discover_packages(prefix_path) using defaults
[1.690s] Level 5:colcon.colcon_core.verb:set package 'turtlebot3_fake_node' build argument 'cmake_args' from command line to 'None'
[1.690s] Level 5:colcon.colcon_core.verb:set package 'turtlebot3_fake_node' build argument 'cmake_target' from command line to 'None'
[1.690s] Level 5:colcon.colcon_core.verb:set package 'turtlebot3_fake_node' build argument 'cmake_target_skip_unavailable' from command line to 'False'
[1.690s] Level 5:colcon.colcon_core.verb:set package 'turtlebot3_fake_node' build argument 'cmake_clean_cache' from command line to 'False'
[1.690s] Level 5:colcon.colcon_core.verb:set package 'turtlebot3_fake_node' build argument 'cmake_clean_first' from command line to 'False'
[1.690s] Level 5:colcon.colcon_core.verb:set package 'turtlebot3_fake_node' build argument 'cmake_force_configure' from command line to 'False'
[1.690s] Level 5:colcon.colcon_core.verb:set package 'turtlebot3_fake_node' build argument 'ament_cmake_args' from command line to 'None'
[1.690s] Level 5:colcon.colcon_core.verb:set package 'turtlebot3_fake_node' build argument 'catkin_cmake_args' from command line to 'None'
[1.690s] Level 5:colcon.colcon_core.verb:set package 'turtlebot3_fake_node' build argument 'catkin_skip_building_tests' from command line to 'False'
[1.690s] DEBUG:colcon.colcon_core.verb:Building package 'turtlebot3_fake_node' with the following arguments: {'ament_cmake_args': None, 'build_base': '/home/golam_sadek/turtlebot3_ws/build/turtlebot3_fake_node', 'catkin_cmake_args': None, 'catkin_skip_building_tests': False, 'cmake_args': None, 'cmake_clean_cache': False, 'cmake_clean_first': False, 'cmake_force_configure': False, 'cmake_target': None, 'cmake_target_skip_unavailable': False, 'install_base': '/home/golam_sadek/turtlebot3_ws/install/turtlebot3_fake_node', 'merge_install': False, 'path': '/home/golam_sadek/turtlebot3_ws/src/turtlebot3_fake_node', 'symlink_install': False, 'test_result_base': None}
[1.690s] Level 5:colcon.colcon_core.verb:set package 'turtlebot3_gazebo' build argument 'cmake_args' from command line to 'None'
[1.690s] Level 5:colcon.colcon_core.verb:set package 'turtlebot3_gazebo' build argument 'cmake_target' from command line to 'None'
[1.690s] Level 5:colcon.colcon_core.verb:set package 'turtlebot3_gazebo' build argument 'cmake_target_skip_unavailable' from command line to 'False'
[1.690s] Level 5:colcon.colcon_core.verb:set package 'turtlebot3_gazebo' build argument 'cmake_clean_cache' from command line to 'False'
[1.690s] Level 5:colcon.colcon_core.verb:set package 'turtlebot3_gazebo' build argument 'cmake_clean_first' from command line to 'False'
[1.691s] Level 5:colcon.colcon_core.verb:set package 'turtlebot3_gazebo' build argument 'cmake_force_configure' from command line to 'False'
[1.691s] Level 5:colcon.colcon_core.verb:set package 'turtlebot3_gazebo' build argument 'ament_cmake_args' from command line to 'None'
[1.691s] Level 5:colcon.colcon_core.verb:set package 'turtlebot3_gazebo' build argument 'catkin_cmake_args' from command line to 'None'
[1.691s] Level 5:colcon.colcon_core.verb:set package 'turtlebot3_gazebo' build argument 'catkin_skip_building_tests' from command line to 'False'
[1.691s] DEBUG:colcon.colcon_core.verb:Building package 'turtlebot3_gazebo' with the following arguments: {'ament_cmake_args': None, 'build_base': '/home/golam_sadek/turtlebot3_ws/build/turtlebot3_gazebo', 'catkin_cmake_args': None, 'catkin_skip_building_tests': False, 'cmake_args': None, 'cmake_clean_cache': False, 'cmake_clean_first': False, 'cmake_force_configure': False, 'cmake_target': None, 'cmake_target_skip_unavailable': False, 'install_base': '/home/golam_sadek/turtlebot3_ws/install/turtlebot3_gazebo', 'merge_install': False, 'path': '/home/golam_sadek/turtlebot3_ws/src/turtlebot3_gazebo', 'symlink_install': False, 'test_result_base': None}
[1.691s] Level 5:colcon.colcon_core.verb:set package 'turtlebot3_simulations' build argument 'cmake_args' from command line to 'None'
[1.691s] Level 5:colcon.colcon_core.verb:set package 'turtlebot3_simulations' build argument 'cmake_target' from command line to 'None'
[1.691s] Level 5:colcon.colcon_core.verb:set package 'turtlebot3_simulations' build argument 'cmake_target_skip_unavailable' from command line to 'False'
[1.691s] Level 5:colcon.colcon_core.verb:set package 'turtlebot3_simulations' build argument 'cmake_clean_cache' from command line to 'False'
[1.691s] Level 5:colcon.colcon_core.verb:set package 'turtlebot3_simulations' build argument 'cmake_clean_first' from command line to 'False'
[1.691s] Level 5:colcon.colcon_core.verb:set package 'turtlebot3_simulations' build argument 'cmake_force_configure' from command line to 'False'
[1.691s] Level 5:colcon.colcon_core.verb:set package 'turtlebot3_simulations' build argument 'ament_cmake_args' from command line to 'None'
[1.691s] Level 5:colcon.colcon_core.verb:set package 'turtlebot3_simulations' build argument 'catkin_cmake_args' from command line to 'None'
[1.691s] Level 5:colcon.colcon_core.verb:set package 'turtlebot3_simulations' build argument 'catkin_skip_building_tests' from command line to 'False'
[1.691s] DEBUG:colcon.colcon_core.verb:Building package 'turtlebot3_simulations' with the following arguments: {'ament_cmake_args': None, 'build_base': '/home/golam_sadek/turtlebot3_ws/build/turtlebot3_simulations', 'catkin_cmake_args': None, 'catkin_skip_building_tests': False, 'cmake_args': None, 'cmake_clean_cache': False, 'cmake_clean_first': False, 'cmake_force_configure': False, 'cmake_target': None, 'cmake_target_skip_unavailable': False, 'install_base': '/home/golam_sadek/turtlebot3_ws/install/turtlebot3_simulations', 'merge_install': False, 'path': '/home/golam_sadek/turtlebot3_ws/src/turtlebot3_simulations', 'symlink_install': False, 'test_result_base': None}
[1.691s] INFO:colcon.colcon_core.executor:Executing jobs using 'parallel' executor
[1.692s] DEBUG:colcon.colcon_parallel_executor.executor.parallel:run_until_complete
[1.692s] INFO:colcon.colcon_ros.task.ament_cmake.build:Building ROS package in '/home/golam_sadek/turtlebot3_ws/src/turtlebot3_fake_node' with build type 'ament_cmake'
[1.692s] INFO:colcon.colcon_cmake.task.cmake.build:Building CMake package in '/home/golam_sadek/turtlebot3_ws/src/turtlebot3_fake_node'
[1.746s] INFO:colcon.colcon_core.plugin_system:Skipping extension 'colcon_core.shell.bat': Not used on non-Windows systems
[1.746s] INFO:colcon.colcon_core.shell:Skip shell extension 'powershell' for command environment: Not usable outside of PowerShell
[1.747s] DEBUG:colcon.colcon_core.shell:Skip shell extension 'dsv' for command environment
[1.760s] INFO:colcon.colcon_ros.task.ament_cmake.build:Building ROS package in '/home/golam_sadek/turtlebot3_ws/src/turtlebot3_gazebo' with build type 'ament_cmake'
[1.761s] INFO:colcon.colcon_cmake.task.cmake.build:Building CMake package in '/home/golam_sadek/turtlebot3_ws/src/turtlebot3_gazebo'
[1.761s] INFO:colcon.colcon_core.shell:Skip shell extension 'powershell' for command environment: Not usable outside of PowerShell
[1.761s] DEBUG:colcon.colcon_core.shell:Skip shell extension 'dsv' for command environment
[1.773s] DEBUG:colcon.colcon_core.event_handler.log_command:Invoking command in '/home/golam_sadek/turtlebot3_ws/build/turtlebot3_fake_node': CMAKE_PREFIX_PATH=${CMAKE_PREFIX_PATH}:/home/golam_sadek/turtlebot3_drlnav/install/turtlebot3_drl:/opt/ros/humble /usr/bin/cmake --build /home/golam_sadek/turtlebot3_ws/build/turtlebot3_fake_node -- -j8 -l8
[1.777s] DEBUG:colcon.colcon_core.event_handler.log_command:Invoking command in '/home/golam_sadek/turtlebot3_ws/build/turtlebot3_gazebo': CMAKE_PREFIX_PATH=${CMAKE_PREFIX_PATH}:/home/golam_sadek/turtlebot3_drlnav/install/turtlebot3_drl:/opt/ros/humble /usr/bin/cmake --build /home/golam_sadek/turtlebot3_ws/build/turtlebot3_gazebo -- -j8 -l8
[2.166s] DEBUG:colcon.colcon_core.event_handler.log_command:Invoked command in '/home/golam_sadek/turtlebot3_ws/build/turtlebot3_fake_node' returned '0': CMAKE_PREFIX_PATH=${CMAKE_PREFIX_PATH}:/home/golam_sadek/turtlebot3_drlnav/install/turtlebot3_drl:/opt/ros/humble /usr/bin/cmake --build /home/golam_sadek/turtlebot3_ws/build/turtlebot3_fake_node -- -j8 -l8
[2.176s] DEBUG:colcon.colcon_core.event_handler.log_command:Invoking command in '/home/golam_sadek/turtlebot3_ws/build/turtlebot3_fake_node': CMAKE_PREFIX_PATH=${CMAKE_PREFIX_PATH}:/home/golam_sadek/turtlebot3_drlnav/install/turtlebot3_drl:/opt/ros/humble /usr/bin/cmake --install /home/golam_sadek/turtlebot3_ws/build/turtlebot3_fake_node
[2.267s] Level 1:colcon.colcon_core.environment:create_environment_scripts_only(turtlebot3_fake_node)
[2.268s] DEBUG:colcon.colcon_core.event_handler.log_command:Invoked command in '/home/golam_sadek/turtlebot3_ws/build/turtlebot3_fake_node' returned '0': CMAKE_PREFIX_PATH=${CMAKE_PREFIX_PATH}:/home/golam_sadek/turtlebot3_drlnav/install/turtlebot3_drl:/opt/ros/humble /usr/bin/cmake --install /home/golam_sadek/turtlebot3_ws/build/turtlebot3_fake_node
[2.324s] Level 1:colcon.colcon_core.environment:checking '/home/golam_sadek/turtlebot3_ws/install/turtlebot3_fake_node' for CMake module files
[2.326s] Level 1:colcon.colcon_core.environment:checking '/home/golam_sadek/turtlebot3_ws/install/turtlebot3_fake_node' for CMake config files
[2.327s] Level 1:colcon.colcon_core.shell:create_environment_hook('turtlebot3_fake_node', 'cmake_prefix_path')
[2.328s] INFO:colcon.colcon_core.shell:Creating environment hook '/home/golam_sadek/turtlebot3_ws/install/turtlebot3_fake_node/share/turtlebot3_fake_node/hook/cmake_prefix_path.ps1'
[2.337s] INFO:colcon.colcon_core.shell:Creating environment descriptor '/home/golam_sadek/turtlebot3_ws/install/turtlebot3_fake_node/share/turtlebot3_fake_node/hook/cmake_prefix_path.dsv'
[2.344s] INFO:colcon.colcon_core.shell:Creating environment hook '/home/golam_sadek/turtlebot3_ws/install/turtlebot3_fake_node/share/turtlebot3_fake_node/hook/cmake_prefix_path.sh'
[2.346s] Level 1:colcon.colcon_core.environment:checking '/home/golam_sadek/turtlebot3_ws/install/turtlebot3_fake_node/lib'
[2.347s] Level 1:colcon.colcon_core.environment:checking '/home/golam_sadek/turtlebot3_ws/install/turtlebot3_fake_node/bin'
[2.347s] Level 1:colcon.colcon_core.environment:checking '/home/golam_sadek/turtlebot3_ws/install/turtlebot3_fake_node/lib/pkgconfig/turtlebot3_fake_node.pc'
[2.347s] Level 1:colcon.colcon_core.environment:checking '/home/golam_sadek/turtlebot3_ws/install/turtlebot3_fake_node/lib/python3.10/site-packages'
[2.348s] Level 1:colcon.colcon_core.environment:checking '/home/golam_sadek/turtlebot3_ws/install/turtlebot3_fake_node/bin'
[2.349s] INFO:colcon.colcon_core.shell:Creating package script '/home/golam_sadek/turtlebot3_ws/install/turtlebot3_fake_node/share/turtlebot3_fake_node/package.ps1'
[2.351s] INFO:colcon.colcon_core.shell:Creating package descriptor '/home/golam_sadek/turtlebot3_ws/install/turtlebot3_fake_node/share/turtlebot3_fake_node/package.dsv'
[2.357s] INFO:colcon.colcon_core.shell:Creating package script '/home/golam_sadek/turtlebot3_ws/install/turtlebot3_fake_node/share/turtlebot3_fake_node/package.sh'
[2.360s] INFO:colcon.colcon_core.shell:Creating package script '/home/golam_sadek/turtlebot3_ws/install/turtlebot3_fake_node/share/turtlebot3_fake_node/package.bash'
[2.368s] INFO:colcon.colcon_core.shell:Creating package script '/home/golam_sadek/turtlebot3_ws/install/turtlebot3_fake_node/share/turtlebot3_fake_node/package.zsh'
[2.383s] Level 1:colcon.colcon_core.environment:create_file_with_runtime_dependencies(/home/golam_sadek/turtlebot3_ws/install/turtlebot3_fake_node/share/colcon-core/packages/turtlebot3_fake_node)
[2.385s] Level 1:colcon.colcon_core.environment:create_environment_scripts_only(turtlebot3_fake_node)
[2.385s] Level 1:colcon.colcon_core.environment:checking '/home/golam_sadek/turtlebot3_ws/install/turtlebot3_fake_node' for CMake module files
[2.387s] Level 1:colcon.colcon_core.environment:checking '/home/golam_sadek/turtlebot3_ws/install/turtlebot3_fake_node' for CMake config files
[2.387s] Level 1:colcon.colcon_core.shell:create_environment_hook('turtlebot3_fake_node', 'cmake_prefix_path')
[2.388s] INFO:colcon.colcon_core.shell:Creating environment hook '/home/golam_sadek/turtlebot3_ws/install/turtlebot3_fake_node/share/turtlebot3_fake_node/hook/cmake_prefix_path.ps1'
[2.389s] INFO:colcon.colcon_core.shell:Creating environment descriptor '/home/golam_sadek/turtlebot3_ws/install/turtlebot3_fake_node/share/turtlebot3_fake_node/hook/cmake_prefix_path.dsv'
[2.390s] INFO:colcon.colcon_core.shell:Creating environment hook '/home/golam_sadek/turtlebot3_ws/install/turtlebot3_fake_node/share/turtlebot3_fake_node/hook/cmake_prefix_path.sh'
[2.391s] Level 1:colcon.colcon_core.environment:checking '/home/golam_sadek/turtlebot3_ws/install/turtlebot3_fake_node/lib'
[2.391s] Level 1:colcon.colcon_core.environment:checking '/home/golam_sadek/turtlebot3_ws/install/turtlebot3_fake_node/bin'
[2.391s] Level 1:colcon.colcon_core.environment:checking '/home/golam_sadek/turtlebot3_ws/install/turtlebot3_fake_node/lib/pkgconfig/turtlebot3_fake_node.pc'
[2.392s] Level 1:colcon.colcon_core.environment:checking '/home/golam_sadek/turtlebot3_ws/install/turtlebot3_fake_node/lib/python3.10/site-packages'
[2.392s] Level 1:colcon.colcon_core.environment:checking '/home/golam_sadek/turtlebot3_ws/install/turtlebot3_fake_node/bin'
[2.393s] INFO:colcon.colcon_core.shell:Creating package script '/home/golam_sadek/turtlebot3_ws/install/turtlebot3_fake_node/share/turtlebot3_fake_node/package.ps1'
[2.394s] INFO:colcon.colcon_core.shell:Creating package descriptor '/home/golam_sadek/turtlebot3_ws/install/turtlebot3_fake_node/share/turtlebot3_fake_node/package.dsv'
[2.395s] INFO:colcon.colcon_core.shell:Creating package script '/home/golam_sadek/turtlebot3_ws/install/turtlebot3_fake_node/share/turtlebot3_fake_node/package.sh'
[2.396s] INFO:colcon.colcon_core.shell:Creating package script '/home/golam_sadek/turtlebot3_ws/install/turtlebot3_fake_node/share/turtlebot3_fake_node/package.bash'
[2.396s] INFO:colcon.colcon_core.shell:Creating package script '/home/golam_sadek/turtlebot3_ws/install/turtlebot3_fake_node/share/turtlebot3_fake_node/package.zsh'
[2.397s] Level 1:colcon.colcon_core.environment:create_file_with_runtime_dependencies(/home/golam_sadek/turtlebot3_ws/install/turtlebot3_fake_node/share/colcon-core/packages/turtlebot3_fake_node)
[2.398s] DEBUG:colcon.colcon_core.event_handler.log_command:Invoked command in '/home/golam_sadek/turtlebot3_ws/build/turtlebot3_gazebo' returned '0': CMAKE_PREFIX_PATH=${CMAKE_PREFIX_PATH}:/home/golam_sadek/turtlebot3_drlnav/install/turtlebot3_drl:/opt/ros/humble /usr/bin/cmake --build /home/golam_sadek/turtlebot3_ws/build/turtlebot3_gazebo -- -j8 -l8
[2.400s] DEBUG:colcon.colcon_core.event_handler.log_command:Invoking command in '/home/golam_sadek/turtlebot3_ws/build/turtlebot3_gazebo': CMAKE_PREFIX_PATH=${CMAKE_PREFIX_PATH}:/home/golam_sadek/turtlebot3_drlnav/install/turtlebot3_drl:/opt/ros/humble /usr/bin/cmake --install /home/golam_sadek/turtlebot3_ws/build/turtlebot3_gazebo
[2.504s] Level 1:colcon.colcon_core.environment:create_environment_scripts_only(turtlebot3_gazebo)
[2.505s] Level 1:colcon.colcon_core.environment:checking '/home/golam_sadek/turtlebot3_ws/install/turtlebot3_gazebo' for CMake module files
[2.505s] DEBUG:colcon.colcon_core.event_handler.log_command:Invoked command in '/home/golam_sadek/turtlebot3_ws/build/turtlebot3_gazebo' returned '0': CMAKE_PREFIX_PATH=${CMAKE_PREFIX_PATH}:/home/golam_sadek/turtlebot3_drlnav/install/turtlebot3_drl:/opt/ros/humble /usr/bin/cmake --install /home/golam_sadek/turtlebot3_ws/build/turtlebot3_gazebo
[2.506s] Level 1:colcon.colcon_core.environment:checking '/home/golam_sadek/turtlebot3_ws/install/turtlebot3_gazebo' for CMake config files
[2.508s] Level 1:colcon.colcon_core.shell:create_environment_hook('turtlebot3_gazebo', 'cmake_prefix_path')
[2.508s] INFO:colcon.colcon_core.shell:Creating environment hook '/home/golam_sadek/turtlebot3_ws/install/turtlebot3_gazebo/share/turtlebot3_gazebo/hook/cmake_prefix_path.ps1'
[2.508s] INFO:colcon.colcon_core.shell:Creating environment descriptor '/home/golam_sadek/turtlebot3_ws/install/turtlebot3_gazebo/share/turtlebot3_gazebo/hook/cmake_prefix_path.dsv'
[2.509s] INFO:colcon.colcon_core.shell:Creating environment hook '/home/golam_sadek/turtlebot3_ws/install/turtlebot3_gazebo/share/turtlebot3_gazebo/hook/cmake_prefix_path.sh'
[2.509s] Level 1:colcon.colcon_core.environment:checking '/home/golam_sadek/turtlebot3_ws/install/turtlebot3_gazebo/lib'
[2.509s] Level 1:colcon.colcon_core.environment:checking '/home/golam_sadek/turtlebot3_ws/install/turtlebot3_gazebo/bin'
[2.509s] Level 1:colcon.colcon_core.environment:checking '/home/golam_sadek/turtlebot3_ws/install/turtlebot3_gazebo/lib/pkgconfig/turtlebot3_gazebo.pc'
[2.509s] Level 1:colcon.colcon_core.environment:checking '/home/golam_sadek/turtlebot3_ws/install/turtlebot3_gazebo/lib/python3.10/site-packages'
[2.509s] Level 1:colcon.colcon_core.environment:checking '/home/golam_sadek/turtlebot3_ws/install/turtlebot3_gazebo/bin'
[2.510s] INFO:colcon.colcon_core.shell:Creating package script '/home/golam_sadek/turtlebot3_ws/install/turtlebot3_gazebo/share/turtlebot3_gazebo/package.ps1'
[2.510s] INFO:colcon.colcon_core.shell:Creating package descriptor '/home/golam_sadek/turtlebot3_ws/install/turtlebot3_gazebo/share/turtlebot3_gazebo/package.dsv'
[2.510s] INFO:colcon.colcon_core.shell:Creating package script '/home/golam_sadek/turtlebot3_ws/install/turtlebot3_gazebo/share/turtlebot3_gazebo/package.sh'
[2.511s] INFO:colcon.colcon_core.shell:Creating package script '/home/golam_sadek/turtlebot3_ws/install/turtlebot3_gazebo/share/turtlebot3_gazebo/package.bash'
[2.511s] INFO:colcon.colcon_core.shell:Creating package script '/home/golam_sadek/turtlebot3_ws/install/turtlebot3_gazebo/share/turtlebot3_gazebo/package.zsh'
[2.511s] Level 1:colcon.colcon_core.environment:create_file_with_runtime_dependencies(/home/golam_sadek/turtlebot3_ws/install/turtlebot3_gazebo/share/colcon-core/packages/turtlebot3_gazebo)
[2.512s] Level 1:colcon.colcon_core.environment:create_environment_scripts_only(turtlebot3_gazebo)
[2.512s] Level 1:colcon.colcon_core.environment:checking '/home/golam_sadek/turtlebot3_ws/install/turtlebot3_gazebo' for CMake module files
[2.512s] Level 1:colcon.colcon_core.environment:checking '/home/golam_sadek/turtlebot3_ws/install/turtlebot3_gazebo' for CMake config files
[2.513s] Level 1:colcon.colcon_core.shell:create_environment_hook('turtlebot3_gazebo', 'cmake_prefix_path')
[2.513s] INFO:colcon.colcon_core.shell:Creating environment hook '/home/golam_sadek/turtlebot3_ws/install/turtlebot3_gazebo/share/turtlebot3_gazebo/hook/cmake_prefix_path.ps1'
[2.514s] INFO:colcon.colcon_core.shell:Creating environment descriptor '/home/golam_sadek/turtlebot3_ws/install/turtlebot3_gazebo/share/turtlebot3_gazebo/hook/cmake_prefix_path.dsv'
[2.514s] INFO:colcon.colcon_core.shell:Creating environment hook '/home/golam_sadek/turtlebot3_ws/install/turtlebot3_gazebo/share/turtlebot3_gazebo/hook/cmake_prefix_path.sh'
[2.514s] Level 1:colcon.colcon_core.environment:checking '/home/golam_sadek/turtlebot3_ws/install/turtlebot3_gazebo/lib'
[2.514s] Level 1:colcon.colcon_core.environment:checking '/home/golam_sadek/turtlebot3_ws/install/turtlebot3_gazebo/bin'
[2.514s] Level 1:colcon.colcon_core.environment:checking '/home/golam_sadek/turtlebot3_ws/install/turtlebot3_gazebo/lib/pkgconfig/turtlebot3_gazebo.pc'
[2.515s] Level 1:colcon.colcon_core.environment:checking '/home/golam_sadek/turtlebot3_ws/install/turtlebot3_gazebo/lib/python3.10/site-packages'
[2.515s] Level 1:colcon.colcon_core.environment:checking '/home/golam_sadek/turtlebot3_ws/install/turtlebot3_gazebo/bin'
[2.515s] INFO:colcon.colcon_core.shell:Creating package script '/home/golam_sadek/turtlebot3_ws/install/turtlebot3_gazebo/share/turtlebot3_gazebo/package.ps1'
[2.515s] INFO:colcon.colcon_core.shell:Creating package descriptor '/home/golam_sadek/turtlebot3_ws/install/turtlebot3_gazebo/share/turtlebot3_gazebo/package.dsv'
[2.516s] INFO:colcon.colcon_core.shell:Creating package script '/home/golam_sadek/turtlebot3_ws/install/turtlebot3_gazebo/share/turtlebot3_gazebo/package.sh'
[2.516s] INFO:colcon.colcon_core.shell:Creating package script '/home/golam_sadek/turtlebot3_ws/install/turtlebot3_gazebo/share/turtlebot3_gazebo/package.bash'
[2.516s] INFO:colcon.colcon_core.shell:Creating package script '/home/golam_sadek/turtlebot3_ws/install/turtlebot3_gazebo/share/turtlebot3_gazebo/package.zsh'
[2.517s] Level 1:colcon.colcon_core.environment:create_file_with_runtime_dependencies(/home/golam_sadek/turtlebot3_ws/install/turtlebot3_gazebo/share/colcon-core/packages/turtlebot3_gazebo)
[2.517s] INFO:colcon.colcon_ros.task.ament_cmake.build:Building ROS package in '/home/golam_sadek/turtlebot3_ws/src/turtlebot3_simulations' with build type 'ament_cmake'
[2.517s] INFO:colcon.colcon_cmake.task.cmake.build:Building CMake package in '/home/golam_sadek/turtlebot3_ws/src/turtlebot3_simulations'
[2.517s] INFO:colcon.colcon_core.shell:Skip shell extension 'powershell' for command environment: Not usable outside of PowerShell
[2.517s] DEBUG:colcon.colcon_core.shell:Skip shell extension 'dsv' for command environment
[2.545s] DEBUG:colcon.colcon_core.event_handler.log_command:Invoking command in '/home/golam_sadek/turtlebot3_ws/build/turtlebot3_simulations': CMAKE_PREFIX_PATH=/home/golam_sadek/turtlebot3_ws/install/turtlebot3_gazebo:/home/golam_sadek/turtlebot3_ws/install/turtlebot3_fake_node:/home/golam_sadek/install/ur3robot_controller:/home/golam_sadek/ur3robot_ws/src/ur3robot_controller/install/ur3robot_controller:/home/golam_sadek/turtlebot3_drlnav/install/turtlebot3_simulations:/home/golam_sadek/turtlebot3_drlnav/install/turtlebot3_fake_node:/home/golam_sadek/turtlebot3_drlnav/install/turtlebot3_msgs:/home/golam_sadek/turtlebot3_drlnav/install/turtlebot3_gazebo:/home/golam_sadek/ur3robot_ws/install/ur3robot_description:/home/golam_sadek/ur3robot_ws/install/ur3robot_controller:/home/golam_sadek/turtlebot3_ws/install/turtlebot3_simulations:/home/golam_sadek/turtlebot3_drlnav/install/turtlebot3_drl:/opt/ros/humble /usr/bin/cmake --build /home/golam_sadek/turtlebot3_ws/build/turtlebot3_simulations -- -j8 -l8
[2.600s] DEBUG:colcon.colcon_core.event_handler.log_command:Invoked command in '/home/golam_sadek/turtlebot3_ws/build/turtlebot3_simulations' returned '0': CMAKE_PREFIX_PATH=/home/golam_sadek/turtlebot3_ws/install/turtlebot3_gazebo:/home/golam_sadek/turtlebot3_ws/install/turtlebot3_fake_node:/home/golam_sadek/install/ur3robot_controller:/home/golam_sadek/ur3robot_ws/src/ur3robot_controller/install/ur3robot_controller:/home/golam_sadek/turtlebot3_drlnav/install/turtlebot3_simulations:/home/golam_sadek/turtlebot3_drlnav/install/turtlebot3_fake_node:/home/golam_sadek/turtlebot3_drlnav/install/turtlebot3_msgs:/home/golam_sadek/turtlebot3_drlnav/install/turtlebot3_gazebo:/home/golam_sadek/ur3robot_ws/install/ur3robot_description:/home/golam_sadek/ur3robot_ws/install/ur3robot_controller:/home/golam_sadek/turtlebot3_ws/install/turtlebot3_simulations:/home/golam_sadek/turtlebot3_drlnav/install/turtlebot3_drl:/opt/ros/humble /usr/bin/cmake --build /home/golam_sadek/turtlebot3_ws/build/turtlebot3_simulations -- -j8 -l8
[2.611s] DEBUG:colcon.colcon_core.event_handler.log_command:Invoking command in '/home/golam_sadek/turtlebot3_ws/build/turtlebot3_simulations': CMAKE_PREFIX_PATH=/home/golam_sadek/turtlebot3_ws/install/turtlebot3_gazebo:/home/golam_sadek/turtlebot3_ws/install/turtlebot3_fake_node:/home/golam_sadek/install/ur3robot_controller:/home/golam_sadek/ur3robot_ws/src/ur3robot_controller/install/ur3robot_controller:/home/golam_sadek/turtlebot3_drlnav/install/turtlebot3_simulations:/home/golam_sadek/turtlebot3_drlnav/install/turtlebot3_fake_node:/home/golam_sadek/turtlebot3_drlnav/install/turtlebot3_msgs:/home/golam_sadek/turtlebot3_drlnav/install/turtlebot3_gazebo:/home/golam_sadek/ur3robot_ws/install/ur3robot_description:/home/golam_sadek/ur3robot_ws/install/ur3robot_controller:/home/golam_sadek/turtlebot3_ws/install/turtlebot3_simulations:/home/golam_sadek/turtlebot3_drlnav/install/turtlebot3_drl:/opt/ros/humble /usr/bin/cmake --install /home/golam_sadek/turtlebot3_ws/build/turtlebot3_simulations
[2.639s] Level 1:colcon.colcon_core.environment:create_environment_scripts_only(turtlebot3_simulations)
[2.640s] Level 1:colcon.colcon_core.environment:checking '/home/golam_sadek/turtlebot3_ws/install/turtlebot3_simulations' for CMake module files
[2.640s] DEBUG:colcon.colcon_core.event_handler.log_command:Invoked command in '/home/golam_sadek/turtlebot3_ws/build/turtlebot3_simulations' returned '0': CMAKE_PREFIX_PATH=/home/golam_sadek/turtlebot3_ws/install/turtlebot3_gazebo:/home/golam_sadek/turtlebot3_ws/install/turtlebot3_fake_node:/home/golam_sadek/install/ur3robot_controller:/home/golam_sadek/ur3robot_ws/src/ur3robot_controller/install/ur3robot_controller:/home/golam_sadek/turtlebot3_drlnav/install/turtlebot3_simulations:/home/golam_sadek/turtlebot3_drlnav/install/turtlebot3_fake_node:/home/golam_sadek/turtlebot3_drlnav/install/turtlebot3_msgs:/home/golam_sadek/turtlebot3_drlnav/install/turtlebot3_gazebo:/home/golam_sadek/ur3robot_ws/install/ur3robot_description:/home/golam_sadek/ur3robot_ws/install/ur3robot_controller:/home/golam_sadek/turtlebot3_ws/install/turtlebot3_simulations:/home/golam_sadek/turtlebot3_drlnav/install/turtlebot3_drl:/opt/ros/humble /usr/bin/cmake --install /home/golam_sadek/turtlebot3_ws/build/turtlebot3_simulations
[2.641s] Level 1:colcon.colcon_core.environment:checking '/home/golam_sadek/turtlebot3_ws/install/turtlebot3_simulations' for CMake config files
[2.641s] Level 1:colcon.colcon_core.shell:create_environment_hook('turtlebot3_simulations', 'cmake_prefix_path')
[2.641s] INFO:colcon.colcon_core.shell:Creating environment hook '/home/golam_sadek/turtlebot3_ws/install/turtlebot3_simulations/share/turtlebot3_simulations/hook/cmake_prefix_path.ps1'
[2.642s] INFO:colcon.colcon_core.shell:Creating environment descriptor '/home/golam_sadek/turtlebot3_ws/install/turtlebot3_simulations/share/turtlebot3_simulations/hook/cmake_prefix_path.dsv'
[2.643s] INFO:colcon.colcon_core.shell:Creating environment hook '/home/golam_sadek/turtlebot3_ws/install/turtlebot3_simulations/share/turtlebot3_simulations/hook/cmake_prefix_path.sh'
[2.644s] Level 1:colcon.colcon_core.environment:checking '/home/golam_sadek/turtlebot3_ws/install/turtlebot3_simulations/bin'
[2.644s] Level 1:colcon.colcon_core.environment:checking '/home/golam_sadek/turtlebot3_ws/install/turtlebot3_simulations/lib/pkgconfig/turtlebot3_simulations.pc'
[2.644s] Level 1:colcon.colcon_core.environment:checking '/home/golam_sadek/turtlebot3_ws/install/turtlebot3_simulations/lib/python3.10/site-packages'
[2.645s] Level 1:colcon.colcon_core.environment:checking '/home/golam_sadek/turtlebot3_ws/install/turtlebot3_simulations/bin'
[2.645s] INFO:colcon.colcon_core.shell:Creating package script '/home/golam_sadek/turtlebot3_ws/install/turtlebot3_simulations/share/turtlebot3_simulations/package.ps1'
[2.646s] INFO:colcon.colcon_core.shell:Creating package descriptor '/home/golam_sadek/turtlebot3_ws/install/turtlebot3_simulations/share/turtlebot3_simulations/package.dsv'
[2.647s] INFO:colcon.colcon_core.shell:Creating package script '/home/golam_sadek/turtlebot3_ws/install/turtlebot3_simulations/share/turtlebot3_simulations/package.sh'
[2.647s] INFO:colcon.colcon_core.shell:Creating package script '/home/golam_sadek/turtlebot3_ws/install/turtlebot3_simulations/share/turtlebot3_simulations/package.bash'
[2.648s] INFO:colcon.colcon_core.shell:Creating package script '/home/golam_sadek/turtlebot3_ws/install/turtlebot3_simulations/share/turtlebot3_simulations/package.zsh'
[2.648s] Level 1:colcon.colcon_core.environment:create_file_with_runtime_dependencies(/home/golam_sadek/turtlebot3_ws/install/turtlebot3_simulations/share/colcon-core/packages/turtlebot3_simulations)
[2.649s] Level 1:colcon.colcon_core.environment:create_environment_scripts_only(turtlebot3_simulations)
[2.650s] Level 1:colcon.colcon_core.environment:checking '/home/golam_sadek/turtlebot3_ws/install/turtlebot3_simulations' for CMake module files
[2.650s] Level 1:colcon.colcon_core.environment:checking '/home/golam_sadek/turtlebot3_ws/install/turtlebot3_simulations' for CMake config files
[2.651s] Level 1:colcon.colcon_core.shell:create_environment_hook('turtlebot3_simulations', 'cmake_prefix_path')
[2.651s] INFO:colcon.colcon_core.shell:Creating environment hook '/home/golam_sadek/turtlebot3_ws/install/turtlebot3_simulations/share/turtlebot3_simulations/hook/cmake_prefix_path.ps1'
[2.651s] INFO:colcon.colcon_core.shell:Creating environment descriptor '/home/golam_sadek/turtlebot3_ws/install/turtlebot3_simulations/share/turtlebot3_simulations/hook/cmake_prefix_path.dsv'
[2.652s] INFO:colcon.colcon_core.shell:Creating environment hook '/home/golam_sadek/turtlebot3_ws/install/turtlebot3_simulations/share/turtlebot3_simulations/hook/cmake_prefix_path.sh'
[2.652s] Level 1:colcon.colcon_core.environment:checking '/home/golam_sadek/turtlebot3_ws/install/turtlebot3_simulations/bin'
[2.653s] Level 1:colcon.colcon_core.environment:checking '/home/golam_sadek/turtlebot3_ws/install/turtlebot3_simulations/lib/pkgconfig/turtlebot3_simulations.pc'
[2.653s] Level 1:colcon.colcon_core.environment:checking '/home/golam_sadek/turtlebot3_ws/install/turtlebot3_simulations/lib/python3.10/site-packages'
[2.653s] Level 1:colcon.colcon_core.environment:checking '/home/golam_sadek/turtlebot3_ws/install/turtlebot3_simulations/bin'
[2.653s] INFO:colcon.colcon_core.shell:Creating package script '/home/golam_sadek/turtlebot3_ws/install/turtlebot3_simulations/share/turtlebot3_simulations/package.ps1'
[2.654s] INFO:colcon.colcon_core.shell:Creating package descriptor '/home/golam_sadek/turtlebot3_ws/install/turtlebot3_simulations/share/turtlebot3_simulations/package.dsv'
[2.655s] INFO:colcon.colcon_core.shell:Creating package script '/home/golam_sadek/turtlebot3_ws/install/turtlebot3_simulations/share/turtlebot3_simulations/package.sh'
[2.655s] INFO:colcon.colcon_core.shell:Creating package script '/home/golam_sadek/turtlebot3_ws/install/turtlebot3_simulations/share/turtlebot3_simulations/package.bash'
[2.655s] INFO:colcon.colcon_core.shell:Creating package script '/home/golam_sadek/turtlebot3_ws/install/turtlebot3_simulations/share/turtlebot3_simulations/package.zsh'
[2.656s] Level 1:colcon.colcon_core.environment:create_file_with_runtime_dependencies(/home/golam_sadek/turtlebot3_ws/install/turtlebot3_simulations/share/colcon-core/packages/turtlebot3_simulations)
[2.656s] DEBUG:colcon.colcon_parallel_executor.executor.parallel:closing loop
[2.656s] DEBUG:colcon.colcon_parallel_executor.executor.parallel:loop closed
[2.657s] DEBUG:colcon.colcon_parallel_executor.executor.parallel:run_until_complete finished with '0'
[2.657s] DEBUG:colcon.colcon_core.event_reactor:joining thread
[2.689s] INFO:colcon.colcon_core.plugin_system:Skipping extension 'colcon_notification.desktop_notification.terminal_notifier': Not used on non-Darwin systems
[2.689s] INFO:colcon.colcon_core.plugin_system:Skipping extension 'colcon_notification.desktop_notification.win32': Not used on non-Windows systems
[2.689s] INFO:colcon.colcon_notification.desktop_notification:Sending desktop notification using 'notify2'
[2.704s] DEBUG:colcon.colcon_core.event_reactor:joined thread
[2.705s] INFO:colcon.colcon_core.shell:Creating prefix script '/home/golam_sadek/turtlebot3_ws/install/local_setup.ps1'
[2.707s] INFO:colcon.colcon_core.shell:Creating prefix util module '/home/golam_sadek/turtlebot3_ws/install/_local_setup_util_ps1.py'
[2.713s] INFO:colcon.colcon_core.shell:Creating prefix chain script '/home/golam_sadek/turtlebot3_ws/install/setup.ps1'
[2.716s] INFO:colcon.colcon_core.shell:Creating prefix script '/home/golam_sadek/turtlebot3_ws/install/local_setup.sh'
[2.722s] INFO:colcon.colcon_core.shell:Creating prefix util module '/home/golam_sadek/turtlebot3_ws/install/_local_setup_util_sh.py'
[2.724s] INFO:colcon.colcon_core.shell:Creating prefix chain script '/home/golam_sadek/turtlebot3_ws/install/setup.sh'
[2.728s] INFO:colcon.colcon_core.shell:Creating prefix script '/home/golam_sadek/turtlebot3_ws/install/local_setup.bash'
[2.729s] INFO:colcon.colcon_core.shell:Creating prefix chain script '/home/golam_sadek/turtlebot3_ws/install/setup.bash'
[2.736s] INFO:colcon.colcon_core.shell:Creating prefix script '/home/golam_sadek/turtlebot3_ws/install/local_setup.zsh'
[2.744s] INFO:colcon.colcon_core.shell:Creating prefix chain script '/home/golam_sadek/turtlebot3_ws/install/setup.zsh'
