[0.094s] DEBUG:colcon:Command line arguments: ['/usr/bin/colcon', 'build']
[0.094s] DEBUG:colcon:Parsed command line arguments: Namespace(log_base=None, log_level=None, verb_name='build', build_base='build', install_base='install', merge_install=False, symlink_install=False, test_result_base=None, continue_on_error=False, executor='parallel', parallel_workers=8, event_handlers=None, ignore_user_meta=False, metas=['./colcon.meta'], base_paths=['.'], packages_ignore=None, packages_ignore_regex=None, paths=None, packages_up_to=None, packages_up_to_regex=None, packages_above=None, packages_above_and_dependencies=None, packages_above_depth=None, packages_select_by_dep=None, packages_skip_by_dep=None, packages_skip_up_to=None, packages_select_build_failed=False, packages_skip_build_finished=False, packages_select_test_failures=False, packages_skip_test_passed=False, packages_select=None, packages_skip=None, packages_select_regex=None, packages_skip_regex=None, packages_start=None, packages_end=None, allow_overriding=[], cmake_args=None, cmake_target=None, cmake_target_skip_unavailable=False, cmake_clean_cache=False, cmake_clean_first=False, cmake_force_configure=False, ament_cmake_args=None, catkin_cmake_args=None, catkin_skip_building_tests=False, verb_parser=<colcon_defaults.argument_parser.defaults.DefaultArgumentsDecorator object at 0x7e162d398e50>, verb_extension=<colcon_core.verb.build.BuildVerb object at 0x7e162d398940>, main=<bound method BuildVerb.main of <colcon_core.verb.build.BuildVerb object at 0x7e162d398940>>)
[0.308s] Level 1:colcon.colcon_core.package_discovery:discover_packages(colcon_meta) check parameters
[0.308s] Level 1:colcon.colcon_core.package_discovery:discover_packages(recursive) check parameters
[0.308s] Level 1:colcon.colcon_core.package_discovery:discover_packages(ignore) check parameters
[0.308s] Level 1:colcon.colcon_core.package_discovery:discover_packages(path) check parameters
[0.308s] Level 1:colcon.colcon_core.package_discovery:discover_packages(colcon_meta) discover
[0.308s] Level 1:colcon.colcon_core.package_discovery:discover_packages(recursive) discover
[0.308s] INFO:colcon.colcon_core.package_discovery:Crawling recursively for packages in '/home/golam_sadek/turtlebot3_ws'
[0.308s] Level 1:colcon.colcon_core.package_identification:_identify(.) by extensions ['ignore', 'ignore_ament_install']
[0.308s] Level 1:colcon.colcon_core.package_identification:_identify(.) by extension 'ignore'
[0.308s] Level 1:colcon.colcon_core.package_identification:_identify(.) by extension 'ignore_ament_install'
[0.308s] Level 1:colcon.colcon_core.package_identification:_identify(.) by extensions ['colcon_pkg']
[0.308s] Level 1:colcon.colcon_core.package_identification:_identify(.) by extension 'colcon_pkg'
[0.308s] Level 1:colcon.colcon_core.package_identification:_identify(.) by extensions ['colcon_meta']
[0.308s] Level 1:colcon.colcon_core.package_identification:_identify(.) by extension 'colcon_meta'
[0.308s] Level 1:colcon.colcon_core.package_identification:_identify(.) by extensions ['ros']
[0.308s] Level 1:colcon.colcon_core.package_identification:_identify(.) by extension 'ros'
[0.329s] Level 1:colcon.colcon_core.package_identification:_identify(.) by extensions ['cmake', 'python']
[0.330s] Level 1:colcon.colcon_core.package_identification:_identify(.) by extension 'cmake'
[0.330s] Level 1:colcon.colcon_core.package_identification:_identify(.) by extension 'python'
[0.330s] Level 1:colcon.colcon_core.package_identification:_identify(.) by extensions ['python_setup_py']
[0.330s] Level 1:colcon.colcon_core.package_identification:_identify(.) by extension 'python_setup_py'
[0.330s] Level 1:colcon.colcon_core.package_identification:_identify(build) by extensions ['ignore', 'ignore_ament_install']
[0.330s] Level 1:colcon.colcon_core.package_identification:_identify(build) by extension 'ignore'
[0.330s] Level 1:colcon.colcon_core.package_identification:_identify(build) ignored
[0.330s] Level 1:colcon.colcon_core.package_identification:_identify(install) by extensions ['ignore', 'ignore_ament_install']
[0.330s] Level 1:colcon.colcon_core.package_identification:_identify(install) by extension 'ignore'
[0.330s] Level 1:colcon.colcon_core.package_identification:_identify(install) ignored
[0.330s] Level 1:colcon.colcon_core.package_identification:_identify(log) by extensions ['ignore', 'ignore_ament_install']
[0.330s] Level 1:colcon.colcon_core.package_identification:_identify(log) by extension 'ignore'
[0.330s] Level 1:colcon.colcon_core.package_identification:_identify(log) ignored
[0.330s] Level 1:colcon.colcon_core.package_identification:_identify(src) by extensions ['ignore', 'ignore_ament_install']
[0.330s] Level 1:colcon.colcon_core.package_identification:_identify(src) by extension 'ignore'
[0.330s] Level 1:colcon.colcon_core.package_identification:_identify(src) by extension 'ignore_ament_install'
[0.330s] Level 1:colcon.colcon_core.package_identification:_identify(src) by extensions ['colcon_pkg']
[0.330s] Level 1:colcon.colcon_core.package_identification:_identify(src) by extension 'colcon_pkg'
[0.331s] Level 1:colcon.colcon_core.package_identification:_identify(src) by extensions ['colcon_meta']
[0.331s] Level 1:colcon.colcon_core.package_identification:_identify(src) by extension 'colcon_meta'
[0.331s] Level 1:colcon.colcon_core.package_identification:_identify(src) by extensions ['ros']
[0.331s] Level 1:colcon.colcon_core.package_identification:_identify(src) by extension 'ros'
[0.331s] Level 1:colcon.colcon_core.package_identification:_identify(src) by extensions ['cmake', 'python']
[0.331s] Level 1:colcon.colcon_core.package_identification:_identify(src) by extension 'cmake'
[0.331s] Level 1:colcon.colcon_core.package_identification:_identify(src) by extension 'python'
[0.331s] Level 1:colcon.colcon_core.package_identification:_identify(src) by extensions ['python_setup_py']
[0.331s] Level 1:colcon.colcon_core.package_identification:_identify(src) by extension 'python_setup_py'
[0.331s] Level 1:colcon.colcon_core.package_identification:_identify(src/turtlebot3_fake_node) by extensions ['ignore', 'ignore_ament_install']
[0.331s] Level 1:colcon.colcon_core.package_identification:_identify(src/turtlebot3_fake_node) by extension 'ignore'
[0.331s] Level 1:colcon.colcon_core.package_identification:_identify(src/turtlebot3_fake_node) by extension 'ignore_ament_install'
[0.331s] Level 1:colcon.colcon_core.package_identification:_identify(src/turtlebot3_fake_node) by extensions ['colcon_pkg']
[0.331s] Level 1:colcon.colcon_core.package_identification:_identify(src/turtlebot3_fake_node) by extension 'colcon_pkg'
[0.331s] Level 1:colcon.colcon_core.package_identification:_identify(src/turtlebot3_fake_node) by extensions ['colcon_meta']
[0.331s] Level 1:colcon.colcon_core.package_identification:_identify(src/turtlebot3_fake_node) by extension 'colcon_meta'
[0.331s] Level 1:colcon.colcon_core.package_identification:_identify(src/turtlebot3_fake_node) by extensions ['ros']
[0.331s] Level 1:colcon.colcon_core.package_identification:_identify(src/turtlebot3_fake_node) by extension 'ros'
[0.334s] DEBUG:colcon.colcon_core.package_identification:Package 'src/turtlebot3_fake_node' with type 'ros.ament_cmake' and name 'turtlebot3_fake_node'
[0.334s] Level 1:colcon.colcon_core.package_identification:_identify(src/turtlebot3_gazebo) by extensions ['ignore', 'ignore_ament_install']
[0.334s] Level 1:colcon.colcon_core.package_identification:_identify(src/turtlebot3_gazebo) by extension 'ignore'
[0.334s] Level 1:colcon.colcon_core.package_identification:_identify(src/turtlebot3_gazebo) by extension 'ignore_ament_install'
[0.334s] Level 1:colcon.colcon_core.package_identification:_identify(src/turtlebot3_gazebo) by extensions ['colcon_pkg']
[0.334s] Level 1:colcon.colcon_core.package_identification:_identify(src/turtlebot3_gazebo) by extension 'colcon_pkg'
[0.334s] Level 1:colcon.colcon_core.package_identification:_identify(src/turtlebot3_gazebo) by extensions ['colcon_meta']
[0.334s] Level 1:colcon.colcon_core.package_identification:_identify(src/turtlebot3_gazebo) by extension 'colcon_meta'
[0.334s] Level 1:colcon.colcon_core.package_identification:_identify(src/turtlebot3_gazebo) by extensions ['ros']
[0.334s] Level 1:colcon.colcon_core.package_identification:_identify(src/turtlebot3_gazebo) by extension 'ros'
[0.335s] DEBUG:colcon.colcon_core.package_identification:Package 'src/turtlebot3_gazebo' with type 'ros.ament_cmake' and name 'turtlebot3_gazebo'
[0.335s] Level 1:colcon.colcon_core.package_identification:_identify(src/turtlebot3_simulations) by extensions ['ignore', 'ignore_ament_install']
[0.335s] Level 1:colcon.colcon_core.package_identification:_identify(src/turtlebot3_simulations) by extension 'ignore'
[0.335s] Level 1:colcon.colcon_core.package_identification:_identify(src/turtlebot3_simulations) by extension 'ignore_ament_install'
[0.335s] Level 1:colcon.colcon_core.package_identification:_identify(src/turtlebot3_simulations) by extensions ['colcon_pkg']
[0.335s] Level 1:colcon.colcon_core.package_identification:_identify(src/turtlebot3_simulations) by extension 'colcon_pkg'
[0.335s] Level 1:colcon.colcon_core.package_identification:_identify(src/turtlebot3_simulations) by extensions ['colcon_meta']
[0.335s] Level 1:colcon.colcon_core.package_identification:_identify(src/turtlebot3_simulations) by extension 'colcon_meta'
[0.335s] Level 1:colcon.colcon_core.package_identification:_identify(src/turtlebot3_simulations) by extensions ['ros']
[0.335s] Level 1:colcon.colcon_core.package_identification:_identify(src/turtlebot3_simulations) by extension 'ros'
[0.336s] DEBUG:colcon.colcon_core.package_identification:Package 'src/turtlebot3_simulations' with type 'ros.ament_cmake' and name 'turtlebot3_simulations'
[0.336s] Level 1:colcon.colcon_core.package_discovery:discover_packages(recursive) using defaults
[0.336s] Level 1:colcon.colcon_core.package_discovery:discover_packages(ignore) discover
[0.336s] Level 1:colcon.colcon_core.package_discovery:discover_packages(ignore) using defaults
[0.336s] Level 1:colcon.colcon_core.package_discovery:discover_packages(path) discover
[0.336s] Level 1:colcon.colcon_core.package_discovery:discover_packages(path) using defaults
[0.353s] Level 1:colcon.colcon_core.package_discovery:discover_packages(prefix_path) check parameters
[0.353s] Level 1:colcon.colcon_core.package_discovery:discover_packages(prefix_path) discover
[0.355s] WARNING:colcon.colcon_ros.prefix_path.ament:The path '/home/golam_sadek/turtlebot3_ws/install/turtlebot3_simulations' in the environment variable AMENT_PREFIX_PATH doesn't exist
[0.355s] WARNING:colcon.colcon_ros.prefix_path.ament:The path '/home/golam_sadek/turtlebot3_ws/install/turtlebot3_gazebo' in the environment variable AMENT_PREFIX_PATH doesn't exist
[0.355s] WARNING:colcon.colcon_ros.prefix_path.ament:The path '/home/golam_sadek/turtlebot3_ws/install/turtlebot3_fake_node' in the environment variable AMENT_PREFIX_PATH doesn't exist
[0.355s] WARNING:colcon.colcon_ros.prefix_path.catkin:The path '/home/golam_sadek/turtlebot3_ws/install/turtlebot3_simulations' in the environment variable CMAKE_PREFIX_PATH doesn't exist
[0.355s] WARNING:colcon.colcon_ros.prefix_path.catkin:The path '/home/golam_sadek/turtlebot3_ws/install/turtlebot3_gazebo' in the environment variable CMAKE_PREFIX_PATH doesn't exist
[0.355s] WARNING:colcon.colcon_ros.prefix_path.catkin:The path '/home/golam_sadek/turtlebot3_ws/install/turtlebot3_fake_node' in the environment variable CMAKE_PREFIX_PATH doesn't exist
[0.355s] DEBUG:colcon.colcon_installed_package_information.package_discovery:Found 0 installed packages in /home/golam_sadek/turtlebot3_ws/install
[0.356s] DEBUG:colcon.colcon_installed_package_information.package_discovery:Found 5 installed packages in /home/golam_sadek/turtlebot3_drlnav/install
[0.356s] DEBUG:colcon.colcon_installed_package_information.package_discovery:Found 8 installed packages in /home/golam_sadek/ros2_ws/install
[0.356s] DEBUG:colcon.colcon_installed_package_information.package_discovery:Found 2 installed packages in /home/golam_sadek/ur3robot_ws/install
[0.358s] DEBUG:colcon.colcon_installed_package_information.package_discovery:Found 418 installed packages in /opt/ros/humble
[0.359s] Level 1:colcon.colcon_core.package_discovery:discover_packages(prefix_path) using defaults
[0.403s] Level 5:colcon.colcon_core.verb:set package 'turtlebot3_fake_node' build argument 'cmake_args' from command line to 'None'
[0.403s] Level 5:colcon.colcon_core.verb:set package 'turtlebot3_fake_node' build argument 'cmake_target' from command line to 'None'
[0.403s] Level 5:colcon.colcon_core.verb:set package 'turtlebot3_fake_node' build argument 'cmake_target_skip_unavailable' from command line to 'False'
[0.403s] Level 5:colcon.colcon_core.verb:set package 'turtlebot3_fake_node' build argument 'cmake_clean_cache' from command line to 'False'
[0.403s] Level 5:colcon.colcon_core.verb:set package 'turtlebot3_fake_node' build argument 'cmake_clean_first' from command line to 'False'
[0.403s] Level 5:colcon.colcon_core.verb:set package 'turtlebot3_fake_node' build argument 'cmake_force_configure' from command line to 'False'
[0.403s] Level 5:colcon.colcon_core.verb:set package 'turtlebot3_fake_node' build argument 'ament_cmake_args' from command line to 'None'
[0.403s] Level 5:colcon.colcon_core.verb:set package 'turtlebot3_fake_node' build argument 'catkin_cmake_args' from command line to 'None'
[0.403s] Level 5:colcon.colcon_core.verb:set package 'turtlebot3_fake_node' build argument 'catkin_skip_building_tests' from command line to 'False'
[0.403s] DEBUG:colcon.colcon_core.verb:Building package 'turtlebot3_fake_node' with the following arguments: {'ament_cmake_args': None, 'build_base': '/home/golam_sadek/turtlebot3_ws/build/turtlebot3_fake_node', 'catkin_cmake_args': None, 'catkin_skip_building_tests': False, 'cmake_args': None, 'cmake_clean_cache': False, 'cmake_clean_first': False, 'cmake_force_configure': False, 'cmake_target': None, 'cmake_target_skip_unavailable': False, 'install_base': '/home/golam_sadek/turtlebot3_ws/install/turtlebot3_fake_node', 'merge_install': False, 'path': '/home/golam_sadek/turtlebot3_ws/src/turtlebot3_fake_node', 'symlink_install': False, 'test_result_base': None}
[0.403s] Level 5:colcon.colcon_core.verb:set package 'turtlebot3_gazebo' build argument 'cmake_args' from command line to 'None'
[0.403s] Level 5:colcon.colcon_core.verb:set package 'turtlebot3_gazebo' build argument 'cmake_target' from command line to 'None'
[0.403s] Level 5:colcon.colcon_core.verb:set package 'turtlebot3_gazebo' build argument 'cmake_target_skip_unavailable' from command line to 'False'
[0.403s] Level 5:colcon.colcon_core.verb:set package 'turtlebot3_gazebo' build argument 'cmake_clean_cache' from command line to 'False'
[0.403s] Level 5:colcon.colcon_core.verb:set package 'turtlebot3_gazebo' build argument 'cmake_clean_first' from command line to 'False'
[0.403s] Level 5:colcon.colcon_core.verb:set package 'turtlebot3_gazebo' build argument 'cmake_force_configure' from command line to 'False'
[0.403s] Level 5:colcon.colcon_core.verb:set package 'turtlebot3_gazebo' build argument 'ament_cmake_args' from command line to 'None'
[0.403s] Level 5:colcon.colcon_core.verb:set package 'turtlebot3_gazebo' build argument 'catkin_cmake_args' from command line to 'None'
[0.403s] Level 5:colcon.colcon_core.verb:set package 'turtlebot3_gazebo' build argument 'catkin_skip_building_tests' from command line to 'False'
[0.403s] DEBUG:colcon.colcon_core.verb:Building package 'turtlebot3_gazebo' with the following arguments: {'ament_cmake_args': None, 'build_base': '/home/golam_sadek/turtlebot3_ws/build/turtlebot3_gazebo', 'catkin_cmake_args': None, 'catkin_skip_building_tests': False, 'cmake_args': None, 'cmake_clean_cache': False, 'cmake_clean_first': False, 'cmake_force_configure': False, 'cmake_target': None, 'cmake_target_skip_unavailable': False, 'install_base': '/home/golam_sadek/turtlebot3_ws/install/turtlebot3_gazebo', 'merge_install': False, 'path': '/home/golam_sadek/turtlebot3_ws/src/turtlebot3_gazebo', 'symlink_install': False, 'test_result_base': None}
[0.403s] Level 5:colcon.colcon_core.verb:set package 'turtlebot3_simulations' build argument 'cmake_args' from command line to 'None'
[0.403s] Level 5:colcon.colcon_core.verb:set package 'turtlebot3_simulations' build argument 'cmake_target' from command line to 'None'
[0.404s] Level 5:colcon.colcon_core.verb:set package 'turtlebot3_simulations' build argument 'cmake_target_skip_unavailable' from command line to 'False'
[0.404s] Level 5:colcon.colcon_core.verb:set package 'turtlebot3_simulations' build argument 'cmake_clean_cache' from command line to 'False'
[0.404s] Level 5:colcon.colcon_core.verb:set package 'turtlebot3_simulations' build argument 'cmake_clean_first' from command line to 'False'
[0.404s] Level 5:colcon.colcon_core.verb:set package 'turtlebot3_simulations' build argument 'cmake_force_configure' from command line to 'False'
[0.404s] Level 5:colcon.colcon_core.verb:set package 'turtlebot3_simulations' build argument 'ament_cmake_args' from command line to 'None'
[0.404s] Level 5:colcon.colcon_core.verb:set package 'turtlebot3_simulations' build argument 'catkin_cmake_args' from command line to 'None'
[0.404s] Level 5:colcon.colcon_core.verb:set package 'turtlebot3_simulations' build argument 'catkin_skip_building_tests' from command line to 'False'
[0.404s] DEBUG:colcon.colcon_core.verb:Building package 'turtlebot3_simulations' with the following arguments: {'ament_cmake_args': None, 'build_base': '/home/golam_sadek/turtlebot3_ws/build/turtlebot3_simulations', 'catkin_cmake_args': None, 'catkin_skip_building_tests': False, 'cmake_args': None, 'cmake_clean_cache': False, 'cmake_clean_first': False, 'cmake_force_configure': False, 'cmake_target': None, 'cmake_target_skip_unavailable': False, 'install_base': '/home/golam_sadek/turtlebot3_ws/install/turtlebot3_simulations', 'merge_install': False, 'path': '/home/golam_sadek/turtlebot3_ws/src/turtlebot3_simulations', 'symlink_install': False, 'test_result_base': None}
[0.404s] INFO:colcon.colcon_core.executor:Executing jobs using 'parallel' executor
[0.405s] DEBUG:colcon.colcon_parallel_executor.executor.parallel:run_until_complete
[0.405s] INFO:colcon.colcon_ros.task.ament_cmake.build:Building ROS package in '/home/golam_sadek/turtlebot3_ws/src/turtlebot3_fake_node' with build type 'ament_cmake'
[0.405s] INFO:colcon.colcon_cmake.task.cmake.build:Building CMake package in '/home/golam_sadek/turtlebot3_ws/src/turtlebot3_fake_node'
[0.407s] INFO:colcon.colcon_core.plugin_system:Skipping extension 'colcon_core.shell.bat': Not used on non-Windows systems
[0.407s] INFO:colcon.colcon_core.shell:Skip shell extension 'powershell' for command environment: Not usable outside of PowerShell
[0.407s] DEBUG:colcon.colcon_core.shell:Skip shell extension 'dsv' for command environment
[0.412s] INFO:colcon.colcon_ros.task.ament_cmake.build:Building ROS package in '/home/golam_sadek/turtlebot3_ws/src/turtlebot3_gazebo' with build type 'ament_cmake'
[0.412s] INFO:colcon.colcon_cmake.task.cmake.build:Building CMake package in '/home/golam_sadek/turtlebot3_ws/src/turtlebot3_gazebo'
[0.412s] INFO:colcon.colcon_core.shell:Skip shell extension 'powershell' for command environment: Not usable outside of PowerShell
[0.412s] DEBUG:colcon.colcon_core.shell:Skip shell extension 'dsv' for command environment
[0.421s] DEBUG:colcon.colcon_core.event_handler.log_command:Invoking command in '/home/golam_sadek/turtlebot3_ws/build/turtlebot3_fake_node': CMAKE_PREFIX_PATH=${CMAKE_PREFIX_PATH}:/home/golam_sadek/turtlebot3_drlnav/install/turtlebot3_drl:/home/golam_sadek/ros2_ws/install/turtlesim_catch_them_all:/home/golam_sadek/ros2_ws/install/my_robot_description:/home/golam_sadek/ros2_ws/install/my_py_pkg:/home/golam_sadek/ros2_ws/install/my_cpp_pkg:/opt/ros/humble /usr/bin/cmake /home/golam_sadek/turtlebot3_ws/src/turtlebot3_fake_node -DCMAKE_INSTALL_PREFIX=/home/golam_sadek/turtlebot3_ws/install/turtlebot3_fake_node
[0.426s] DEBUG:colcon.colcon_core.event_handler.log_command:Invoking command in '/home/golam_sadek/turtlebot3_ws/build/turtlebot3_gazebo': CMAKE_PREFIX_PATH=${CMAKE_PREFIX_PATH}:/home/golam_sadek/turtlebot3_drlnav/install/turtlebot3_drl:/home/golam_sadek/ros2_ws/install/turtlesim_catch_them_all:/home/golam_sadek/ros2_ws/install/my_robot_description:/home/golam_sadek/ros2_ws/install/my_py_pkg:/home/golam_sadek/ros2_ws/install/my_cpp_pkg:/opt/ros/humble /usr/bin/cmake /home/golam_sadek/turtlebot3_ws/src/turtlebot3_gazebo -DCMAKE_INSTALL_PREFIX=/home/golam_sadek/turtlebot3_ws/install/turtlebot3_gazebo
[1.878s] DEBUG:colcon.colcon_core.event_handler.log_command:Invoked command in '/home/golam_sadek/turtlebot3_ws/build/turtlebot3_fake_node' returned '0': CMAKE_PREFIX_PATH=${CMAKE_PREFIX_PATH}:/home/golam_sadek/turtlebot3_drlnav/install/turtlebot3_drl:/home/golam_sadek/ros2_ws/install/turtlesim_catch_them_all:/home/golam_sadek/ros2_ws/install/my_robot_description:/home/golam_sadek/ros2_ws/install/my_py_pkg:/home/golam_sadek/ros2_ws/install/my_cpp_pkg:/opt/ros/humble /usr/bin/cmake /home/golam_sadek/turtlebot3_ws/src/turtlebot3_fake_node -DCMAKE_INSTALL_PREFIX=/home/golam_sadek/turtlebot3_ws/install/turtlebot3_fake_node
[1.880s] DEBUG:colcon.colcon_core.event_handler.log_command:Invoking command in '/home/golam_sadek/turtlebot3_ws/build/turtlebot3_fake_node': CMAKE_PREFIX_PATH=${CMAKE_PREFIX_PATH}:/home/golam_sadek/turtlebot3_drlnav/install/turtlebot3_drl:/home/golam_sadek/ros2_ws/install/turtlesim_catch_them_all:/home/golam_sadek/ros2_ws/install/my_robot_description:/home/golam_sadek/ros2_ws/install/my_py_pkg:/home/golam_sadek/ros2_ws/install/my_cpp_pkg:/opt/ros/humble /usr/bin/cmake --build /home/golam_sadek/turtlebot3_ws/build/turtlebot3_fake_node -- -j8 -l8
[2.823s] DEBUG:colcon.colcon_core.event_handler.log_command:Invoked command in '/home/golam_sadek/turtlebot3_ws/build/turtlebot3_gazebo' returned '0': CMAKE_PREFIX_PATH=${CMAKE_PREFIX_PATH}:/home/golam_sadek/turtlebot3_drlnav/install/turtlebot3_drl:/home/golam_sadek/ros2_ws/install/turtlesim_catch_them_all:/home/golam_sadek/ros2_ws/install/my_robot_description:/home/golam_sadek/ros2_ws/install/my_py_pkg:/home/golam_sadek/ros2_ws/install/my_cpp_pkg:/opt/ros/humble /usr/bin/cmake /home/golam_sadek/turtlebot3_ws/src/turtlebot3_gazebo -DCMAKE_INSTALL_PREFIX=/home/golam_sadek/turtlebot3_ws/install/turtlebot3_gazebo
[2.825s] DEBUG:colcon.colcon_core.event_handler.log_command:Invoking command in '/home/golam_sadek/turtlebot3_ws/build/turtlebot3_gazebo': CMAKE_PREFIX_PATH=${CMAKE_PREFIX_PATH}:/home/golam_sadek/turtlebot3_drlnav/install/turtlebot3_drl:/home/golam_sadek/ros2_ws/install/turtlesim_catch_them_all:/home/golam_sadek/ros2_ws/install/my_robot_description:/home/golam_sadek/ros2_ws/install/my_py_pkg:/home/golam_sadek/ros2_ws/install/my_cpp_pkg:/opt/ros/humble /usr/bin/cmake --build /home/golam_sadek/turtlebot3_ws/build/turtlebot3_gazebo -- -j8 -l8
[19.200s] DEBUG:colcon.colcon_core.event_handler.log_command:Invoked command in '/home/golam_sadek/turtlebot3_ws/build/turtlebot3_fake_node' returned '0': CMAKE_PREFIX_PATH=${CMAKE_PREFIX_PATH}:/home/golam_sadek/turtlebot3_drlnav/install/turtlebot3_drl:/home/golam_sadek/ros2_ws/install/turtlesim_catch_them_all:/home/golam_sadek/ros2_ws/install/my_robot_description:/home/golam_sadek/ros2_ws/install/my_py_pkg:/home/golam_sadek/ros2_ws/install/my_cpp_pkg:/opt/ros/humble /usr/bin/cmake --build /home/golam_sadek/turtlebot3_ws/build/turtlebot3_fake_node -- -j8 -l8
[19.213s] DEBUG:colcon.colcon_core.event_handler.log_command:Invoking command in '/home/golam_sadek/turtlebot3_ws/build/turtlebot3_fake_node': CMAKE_PREFIX_PATH=${CMAKE_PREFIX_PATH}:/home/golam_sadek/turtlebot3_drlnav/install/turtlebot3_drl:/home/golam_sadek/ros2_ws/install/turtlesim_catch_them_all:/home/golam_sadek/ros2_ws/install/my_robot_description:/home/golam_sadek/ros2_ws/install/my_py_pkg:/home/golam_sadek/ros2_ws/install/my_cpp_pkg:/opt/ros/humble /usr/bin/cmake --install /home/golam_sadek/turtlebot3_ws/build/turtlebot3_fake_node
[19.232s] Level 1:colcon.colcon_core.environment:create_environment_scripts_only(turtlebot3_fake_node)
[19.233s] DEBUG:colcon.colcon_core.event_handler.log_command:Invoked command in '/home/golam_sadek/turtlebot3_ws/build/turtlebot3_fake_node' returned '0': CMAKE_PREFIX_PATH=${CMAKE_PREFIX_PATH}:/home/golam_sadek/turtlebot3_drlnav/install/turtlebot3_drl:/home/golam_sadek/ros2_ws/install/turtlesim_catch_them_all:/home/golam_sadek/ros2_ws/install/my_robot_description:/home/golam_sadek/ros2_ws/install/my_py_pkg:/home/golam_sadek/ros2_ws/install/my_cpp_pkg:/opt/ros/humble /usr/bin/cmake --install /home/golam_sadek/turtlebot3_ws/build/turtlebot3_fake_node
[19.235s] Level 1:colcon.colcon_core.environment:checking '/home/golam_sadek/turtlebot3_ws/install/turtlebot3_fake_node' for CMake module files
[19.236s] Level 1:colcon.colcon_core.environment:checking '/home/golam_sadek/turtlebot3_ws/install/turtlebot3_fake_node' for CMake config files
[19.236s] Level 1:colcon.colcon_core.shell:create_environment_hook('turtlebot3_fake_node', 'cmake_prefix_path')
[19.236s] INFO:colcon.colcon_core.shell:Creating environment hook '/home/golam_sadek/turtlebot3_ws/install/turtlebot3_fake_node/share/turtlebot3_fake_node/hook/cmake_prefix_path.ps1'
[19.237s] INFO:colcon.colcon_core.shell:Creating environment descriptor '/home/golam_sadek/turtlebot3_ws/install/turtlebot3_fake_node/share/turtlebot3_fake_node/hook/cmake_prefix_path.dsv'
[19.238s] INFO:colcon.colcon_core.shell:Creating environment hook '/home/golam_sadek/turtlebot3_ws/install/turtlebot3_fake_node/share/turtlebot3_fake_node/hook/cmake_prefix_path.sh'
[19.239s] Level 1:colcon.colcon_core.environment:checking '/home/golam_sadek/turtlebot3_ws/install/turtlebot3_fake_node/lib'
[19.239s] Level 1:colcon.colcon_core.environment:checking '/home/golam_sadek/turtlebot3_ws/install/turtlebot3_fake_node/bin'
[19.239s] Level 1:colcon.colcon_core.environment:checking '/home/golam_sadek/turtlebot3_ws/install/turtlebot3_fake_node/lib/pkgconfig/turtlebot3_fake_node.pc'
[19.239s] Level 1:colcon.colcon_core.environment:checking '/home/golam_sadek/turtlebot3_ws/install/turtlebot3_fake_node/lib/python3.10/site-packages'
[19.239s] Level 1:colcon.colcon_core.environment:checking '/home/golam_sadek/turtlebot3_ws/install/turtlebot3_fake_node/bin'
[19.240s] INFO:colcon.colcon_core.shell:Creating package script '/home/golam_sadek/turtlebot3_ws/install/turtlebot3_fake_node/share/turtlebot3_fake_node/package.ps1'
[19.241s] INFO:colcon.colcon_core.shell:Creating package descriptor '/home/golam_sadek/turtlebot3_ws/install/turtlebot3_fake_node/share/turtlebot3_fake_node/package.dsv'
[19.241s] INFO:colcon.colcon_core.shell:Creating package script '/home/golam_sadek/turtlebot3_ws/install/turtlebot3_fake_node/share/turtlebot3_fake_node/package.sh'
[19.242s] INFO:colcon.colcon_core.shell:Creating package script '/home/golam_sadek/turtlebot3_ws/install/turtlebot3_fake_node/share/turtlebot3_fake_node/package.bash'
[19.243s] INFO:colcon.colcon_core.shell:Creating package script '/home/golam_sadek/turtlebot3_ws/install/turtlebot3_fake_node/share/turtlebot3_fake_node/package.zsh'
[19.244s] Level 1:colcon.colcon_core.environment:create_file_with_runtime_dependencies(/home/golam_sadek/turtlebot3_ws/install/turtlebot3_fake_node/share/colcon-core/packages/turtlebot3_fake_node)
[19.245s] Level 1:colcon.colcon_core.environment:create_environment_scripts_only(turtlebot3_fake_node)
[19.245s] Level 1:colcon.colcon_core.environment:checking '/home/golam_sadek/turtlebot3_ws/install/turtlebot3_fake_node' for CMake module files
[19.245s] Level 1:colcon.colcon_core.environment:checking '/home/golam_sadek/turtlebot3_ws/install/turtlebot3_fake_node' for CMake config files
[19.246s] Level 1:colcon.colcon_core.shell:create_environment_hook('turtlebot3_fake_node', 'cmake_prefix_path')
[19.246s] INFO:colcon.colcon_core.shell:Creating environment hook '/home/golam_sadek/turtlebot3_ws/install/turtlebot3_fake_node/share/turtlebot3_fake_node/hook/cmake_prefix_path.ps1'
[19.247s] INFO:colcon.colcon_core.shell:Creating environment descriptor '/home/golam_sadek/turtlebot3_ws/install/turtlebot3_fake_node/share/turtlebot3_fake_node/hook/cmake_prefix_path.dsv'
[19.247s] INFO:colcon.colcon_core.shell:Creating environment hook '/home/golam_sadek/turtlebot3_ws/install/turtlebot3_fake_node/share/turtlebot3_fake_node/hook/cmake_prefix_path.sh'
[19.248s] Level 1:colcon.colcon_core.environment:checking '/home/golam_sadek/turtlebot3_ws/install/turtlebot3_fake_node/lib'
[19.248s] Level 1:colcon.colcon_core.environment:checking '/home/golam_sadek/turtlebot3_ws/install/turtlebot3_fake_node/bin'
[19.248s] Level 1:colcon.colcon_core.environment:checking '/home/golam_sadek/turtlebot3_ws/install/turtlebot3_fake_node/lib/pkgconfig/turtlebot3_fake_node.pc'
[19.248s] Level 1:colcon.colcon_core.environment:checking '/home/golam_sadek/turtlebot3_ws/install/turtlebot3_fake_node/lib/python3.10/site-packages'
[19.248s] Level 1:colcon.colcon_core.environment:checking '/home/golam_sadek/turtlebot3_ws/install/turtlebot3_fake_node/bin'
[19.249s] INFO:colcon.colcon_core.shell:Creating package script '/home/golam_sadek/turtlebot3_ws/install/turtlebot3_fake_node/share/turtlebot3_fake_node/package.ps1'
[19.249s] INFO:colcon.colcon_core.shell:Creating package descriptor '/home/golam_sadek/turtlebot3_ws/install/turtlebot3_fake_node/share/turtlebot3_fake_node/package.dsv'
[19.250s] INFO:colcon.colcon_core.shell:Creating package script '/home/golam_sadek/turtlebot3_ws/install/turtlebot3_fake_node/share/turtlebot3_fake_node/package.sh'
[19.250s] INFO:colcon.colcon_core.shell:Creating package script '/home/golam_sadek/turtlebot3_ws/install/turtlebot3_fake_node/share/turtlebot3_fake_node/package.bash'
[19.251s] INFO:colcon.colcon_core.shell:Creating package script '/home/golam_sadek/turtlebot3_ws/install/turtlebot3_fake_node/share/turtlebot3_fake_node/package.zsh'
[19.251s] Level 1:colcon.colcon_core.environment:create_file_with_runtime_dependencies(/home/golam_sadek/turtlebot3_ws/install/turtlebot3_fake_node/share/colcon-core/packages/turtlebot3_fake_node)
[20.982s] DEBUG:colcon.colcon_core.event_handler.log_command:Invoked command in '/home/golam_sadek/turtlebot3_ws/build/turtlebot3_gazebo' returned '0': CMAKE_PREFIX_PATH=${CMAKE_PREFIX_PATH}:/home/golam_sadek/turtlebot3_drlnav/install/turtlebot3_drl:/home/golam_sadek/ros2_ws/install/turtlesim_catch_them_all:/home/golam_sadek/ros2_ws/install/my_robot_description:/home/golam_sadek/ros2_ws/install/my_py_pkg:/home/golam_sadek/ros2_ws/install/my_cpp_pkg:/opt/ros/humble /usr/bin/cmake --build /home/golam_sadek/turtlebot3_ws/build/turtlebot3_gazebo -- -j8 -l8
[20.984s] DEBUG:colcon.colcon_core.event_handler.log_command:Invoking command in '/home/golam_sadek/turtlebot3_ws/build/turtlebot3_gazebo': CMAKE_PREFIX_PATH=${CMAKE_PREFIX_PATH}:/home/golam_sadek/turtlebot3_drlnav/install/turtlebot3_drl:/home/golam_sadek/ros2_ws/install/turtlesim_catch_them_all:/home/golam_sadek/ros2_ws/install/my_robot_description:/home/golam_sadek/ros2_ws/install/my_py_pkg:/home/golam_sadek/ros2_ws/install/my_cpp_pkg:/opt/ros/humble /usr/bin/cmake --install /home/golam_sadek/turtlebot3_ws/build/turtlebot3_gazebo
[21.019s] Level 1:colcon.colcon_core.environment:create_environment_scripts_only(turtlebot3_gazebo)
[21.020s] Level 1:colcon.colcon_core.environment:checking '/home/golam_sadek/turtlebot3_ws/install/turtlebot3_gazebo' for CMake module files
[21.021s] DEBUG:colcon.colcon_core.event_handler.log_command:Invoked command in '/home/golam_sadek/turtlebot3_ws/build/turtlebot3_gazebo' returned '0': CMAKE_PREFIX_PATH=${CMAKE_PREFIX_PATH}:/home/golam_sadek/turtlebot3_drlnav/install/turtlebot3_drl:/home/golam_sadek/ros2_ws/install/turtlesim_catch_them_all:/home/golam_sadek/ros2_ws/install/my_robot_description:/home/golam_sadek/ros2_ws/install/my_py_pkg:/home/golam_sadek/ros2_ws/install/my_cpp_pkg:/opt/ros/humble /usr/bin/cmake --install /home/golam_sadek/turtlebot3_ws/build/turtlebot3_gazebo
[21.021s] Level 1:colcon.colcon_core.environment:checking '/home/golam_sadek/turtlebot3_ws/install/turtlebot3_gazebo' for CMake config files
[21.022s] Level 1:colcon.colcon_core.shell:create_environment_hook('turtlebot3_gazebo', 'cmake_prefix_path')
[21.022s] INFO:colcon.colcon_core.shell:Creating environment hook '/home/golam_sadek/turtlebot3_ws/install/turtlebot3_gazebo/share/turtlebot3_gazebo/hook/cmake_prefix_path.ps1'
[21.023s] INFO:colcon.colcon_core.shell:Creating environment descriptor '/home/golam_sadek/turtlebot3_ws/install/turtlebot3_gazebo/share/turtlebot3_gazebo/hook/cmake_prefix_path.dsv'
[21.023s] INFO:colcon.colcon_core.shell:Creating environment hook '/home/golam_sadek/turtlebot3_ws/install/turtlebot3_gazebo/share/turtlebot3_gazebo/hook/cmake_prefix_path.sh'
[21.024s] Level 1:colcon.colcon_core.environment:checking '/home/golam_sadek/turtlebot3_ws/install/turtlebot3_gazebo/lib'
[21.024s] Level 1:colcon.colcon_core.environment:checking '/home/golam_sadek/turtlebot3_ws/install/turtlebot3_gazebo/bin'
[21.024s] Level 1:colcon.colcon_core.environment:checking '/home/golam_sadek/turtlebot3_ws/install/turtlebot3_gazebo/lib/pkgconfig/turtlebot3_gazebo.pc'
[21.024s] Level 1:colcon.colcon_core.environment:checking '/home/golam_sadek/turtlebot3_ws/install/turtlebot3_gazebo/lib/python3.10/site-packages'
[21.024s] Level 1:colcon.colcon_core.environment:checking '/home/golam_sadek/turtlebot3_ws/install/turtlebot3_gazebo/bin'
[21.025s] INFO:colcon.colcon_core.shell:Creating package script '/home/golam_sadek/turtlebot3_ws/install/turtlebot3_gazebo/share/turtlebot3_gazebo/package.ps1'
[21.025s] INFO:colcon.colcon_core.shell:Creating package descriptor '/home/golam_sadek/turtlebot3_ws/install/turtlebot3_gazebo/share/turtlebot3_gazebo/package.dsv'
[21.025s] INFO:colcon.colcon_core.shell:Creating package script '/home/golam_sadek/turtlebot3_ws/install/turtlebot3_gazebo/share/turtlebot3_gazebo/package.sh'
[21.026s] INFO:colcon.colcon_core.shell:Creating package script '/home/golam_sadek/turtlebot3_ws/install/turtlebot3_gazebo/share/turtlebot3_gazebo/package.bash'
[21.026s] INFO:colcon.colcon_core.shell:Creating package script '/home/golam_sadek/turtlebot3_ws/install/turtlebot3_gazebo/share/turtlebot3_gazebo/package.zsh'
[21.026s] Level 1:colcon.colcon_core.environment:create_file_with_runtime_dependencies(/home/golam_sadek/turtlebot3_ws/install/turtlebot3_gazebo/share/colcon-core/packages/turtlebot3_gazebo)
[21.027s] Level 1:colcon.colcon_core.environment:create_environment_scripts_only(turtlebot3_gazebo)
[21.027s] Level 1:colcon.colcon_core.environment:checking '/home/golam_sadek/turtlebot3_ws/install/turtlebot3_gazebo' for CMake module files
[21.027s] Level 1:colcon.colcon_core.environment:checking '/home/golam_sadek/turtlebot3_ws/install/turtlebot3_gazebo' for CMake config files
[21.028s] Level 1:colcon.colcon_core.shell:create_environment_hook('turtlebot3_gazebo', 'cmake_prefix_path')
[21.028s] INFO:colcon.colcon_core.shell:Creating environment hook '/home/golam_sadek/turtlebot3_ws/install/turtlebot3_gazebo/share/turtlebot3_gazebo/hook/cmake_prefix_path.ps1'
[21.028s] INFO:colcon.colcon_core.shell:Creating environment descriptor '/home/golam_sadek/turtlebot3_ws/install/turtlebot3_gazebo/share/turtlebot3_gazebo/hook/cmake_prefix_path.dsv'
[21.028s] INFO:colcon.colcon_core.shell:Creating environment hook '/home/golam_sadek/turtlebot3_ws/install/turtlebot3_gazebo/share/turtlebot3_gazebo/hook/cmake_prefix_path.sh'
[21.029s] Level 1:colcon.colcon_core.environment:checking '/home/golam_sadek/turtlebot3_ws/install/turtlebot3_gazebo/lib'
[21.029s] Level 1:colcon.colcon_core.environment:checking '/home/golam_sadek/turtlebot3_ws/install/turtlebot3_gazebo/bin'
[21.029s] Level 1:colcon.colcon_core.environment:checking '/home/golam_sadek/turtlebot3_ws/install/turtlebot3_gazebo/lib/pkgconfig/turtlebot3_gazebo.pc'
[21.029s] Level 1:colcon.colcon_core.environment:checking '/home/golam_sadek/turtlebot3_ws/install/turtlebot3_gazebo/lib/python3.10/site-packages'
[21.029s] Level 1:colcon.colcon_core.environment:checking '/home/golam_sadek/turtlebot3_ws/install/turtlebot3_gazebo/bin'
[21.029s] INFO:colcon.colcon_core.shell:Creating package script '/home/golam_sadek/turtlebot3_ws/install/turtlebot3_gazebo/share/turtlebot3_gazebo/package.ps1'
[21.030s] INFO:colcon.colcon_core.shell:Creating package descriptor '/home/golam_sadek/turtlebot3_ws/install/turtlebot3_gazebo/share/turtlebot3_gazebo/package.dsv'
[21.030s] INFO:colcon.colcon_core.shell:Creating package script '/home/golam_sadek/turtlebot3_ws/install/turtlebot3_gazebo/share/turtlebot3_gazebo/package.sh'
[21.030s] INFO:colcon.colcon_core.shell:Creating package script '/home/golam_sadek/turtlebot3_ws/install/turtlebot3_gazebo/share/turtlebot3_gazebo/package.bash'
[21.031s] INFO:colcon.colcon_core.shell:Creating package script '/home/golam_sadek/turtlebot3_ws/install/turtlebot3_gazebo/share/turtlebot3_gazebo/package.zsh'
[21.031s] Level 1:colcon.colcon_core.environment:create_file_with_runtime_dependencies(/home/golam_sadek/turtlebot3_ws/install/turtlebot3_gazebo/share/colcon-core/packages/turtlebot3_gazebo)
[21.031s] INFO:colcon.colcon_ros.task.ament_cmake.build:Building ROS package in '/home/golam_sadek/turtlebot3_ws/src/turtlebot3_simulations' with build type 'ament_cmake'
[21.031s] INFO:colcon.colcon_cmake.task.cmake.build:Building CMake package in '/home/golam_sadek/turtlebot3_ws/src/turtlebot3_simulations'
[21.032s] INFO:colcon.colcon_core.shell:Skip shell extension 'powershell' for command environment: Not usable outside of PowerShell
[21.032s] DEBUG:colcon.colcon_core.shell:Skip shell extension 'dsv' for command environment
[21.044s] DEBUG:colcon.colcon_core.event_handler.log_command:Invoking command in '/home/golam_sadek/turtlebot3_ws/build/turtlebot3_simulations': CMAKE_PREFIX_PATH=/home/golam_sadek/turtlebot3_ws/install/turtlebot3_gazebo:/home/golam_sadek/turtlebot3_ws/install/turtlebot3_fake_node:/home/golam_sadek/turtlebot3_drlnav/install/turtlebot3_simulations:/home/golam_sadek/turtlebot3_drlnav/install/turtlebot3_fake_node:/home/golam_sadek/turtlebot3_drlnav/install/turtlebot3_msgs:/home/golam_sadek/turtlebot3_drlnav/install/turtlebot3_gazebo:/home/golam_sadek/ros2_ws/install/my_robot_interfaces:/home/golam_sadek/ros2_ws/install/my_robot1_bringup:/home/golam_sadek/ros2_ws/install/my_robot_bringup:/home/golam_sadek/ur3robot_ws/install/ur3robot_description:/home/golam_sadek/ur3robot_ws/install/ur3robot_controller:/home/golam_sadek/turtlebot3_ws/install/turtlebot3_simulations:/home/golam_sadek/turtlebot3_drlnav/install/turtlebot3_drl:/home/golam_sadek/ros2_ws/install/turtlesim_catch_them_all:/home/golam_sadek/ros2_ws/install/my_robot_description:/home/golam_sadek/ros2_ws/install/my_py_pkg:/home/golam_sadek/ros2_ws/install/my_cpp_pkg:/opt/ros/humble /usr/bin/cmake /home/golam_sadek/turtlebot3_ws/src/turtlebot3_simulations -DCMAKE_INSTALL_PREFIX=/home/golam_sadek/turtlebot3_ws/install/turtlebot3_simulations
[21.685s] DEBUG:colcon.colcon_core.event_handler.log_command:Invoked command in '/home/golam_sadek/turtlebot3_ws/build/turtlebot3_simulations' returned '0': CMAKE_PREFIX_PATH=/home/golam_sadek/turtlebot3_ws/install/turtlebot3_gazebo:/home/golam_sadek/turtlebot3_ws/install/turtlebot3_fake_node:/home/golam_sadek/turtlebot3_drlnav/install/turtlebot3_simulations:/home/golam_sadek/turtlebot3_drlnav/install/turtlebot3_fake_node:/home/golam_sadek/turtlebot3_drlnav/install/turtlebot3_msgs:/home/golam_sadek/turtlebot3_drlnav/install/turtlebot3_gazebo:/home/golam_sadek/ros2_ws/install/my_robot_interfaces:/home/golam_sadek/ros2_ws/install/my_robot1_bringup:/home/golam_sadek/ros2_ws/install/my_robot_bringup:/home/golam_sadek/ur3robot_ws/install/ur3robot_description:/home/golam_sadek/ur3robot_ws/install/ur3robot_controller:/home/golam_sadek/turtlebot3_ws/install/turtlebot3_simulations:/home/golam_sadek/turtlebot3_drlnav/install/turtlebot3_drl:/home/golam_sadek/ros2_ws/install/turtlesim_catch_them_all:/home/golam_sadek/ros2_ws/install/my_robot_description:/home/golam_sadek/ros2_ws/install/my_py_pkg:/home/golam_sadek/ros2_ws/install/my_cpp_pkg:/opt/ros/humble /usr/bin/cmake /home/golam_sadek/turtlebot3_ws/src/turtlebot3_simulations -DCMAKE_INSTALL_PREFIX=/home/golam_sadek/turtlebot3_ws/install/turtlebot3_simulations
[21.687s] DEBUG:colcon.colcon_core.event_handler.log_command:Invoking command in '/home/golam_sadek/turtlebot3_ws/build/turtlebot3_simulations': CMAKE_PREFIX_PATH=/home/golam_sadek/turtlebot3_ws/install/turtlebot3_gazebo:/home/golam_sadek/turtlebot3_ws/install/turtlebot3_fake_node:/home/golam_sadek/turtlebot3_drlnav/install/turtlebot3_simulations:/home/golam_sadek/turtlebot3_drlnav/install/turtlebot3_fake_node:/home/golam_sadek/turtlebot3_drlnav/install/turtlebot3_msgs:/home/golam_sadek/turtlebot3_drlnav/install/turtlebot3_gazebo:/home/golam_sadek/ros2_ws/install/my_robot_interfaces:/home/golam_sadek/ros2_ws/install/my_robot1_bringup:/home/golam_sadek/ros2_ws/install/my_robot_bringup:/home/golam_sadek/ur3robot_ws/install/ur3robot_description:/home/golam_sadek/ur3robot_ws/install/ur3robot_controller:/home/golam_sadek/turtlebot3_ws/install/turtlebot3_simulations:/home/golam_sadek/turtlebot3_drlnav/install/turtlebot3_drl:/home/golam_sadek/ros2_ws/install/turtlesim_catch_them_all:/home/golam_sadek/ros2_ws/install/my_robot_description:/home/golam_sadek/ros2_ws/install/my_py_pkg:/home/golam_sadek/ros2_ws/install/my_cpp_pkg:/opt/ros/humble /usr/bin/cmake --build /home/golam_sadek/turtlebot3_ws/build/turtlebot3_simulations -- -j8 -l8
[21.725s] DEBUG:colcon.colcon_core.event_handler.log_command:Invoked command in '/home/golam_sadek/turtlebot3_ws/build/turtlebot3_simulations' returned '0': CMAKE_PREFIX_PATH=/home/golam_sadek/turtlebot3_ws/install/turtlebot3_gazebo:/home/golam_sadek/turtlebot3_ws/install/turtlebot3_fake_node:/home/golam_sadek/turtlebot3_drlnav/install/turtlebot3_simulations:/home/golam_sadek/turtlebot3_drlnav/install/turtlebot3_fake_node:/home/golam_sadek/turtlebot3_drlnav/install/turtlebot3_msgs:/home/golam_sadek/turtlebot3_drlnav/install/turtlebot3_gazebo:/home/golam_sadek/ros2_ws/install/my_robot_interfaces:/home/golam_sadek/ros2_ws/install/my_robot1_bringup:/home/golam_sadek/ros2_ws/install/my_robot_bringup:/home/golam_sadek/ur3robot_ws/install/ur3robot_description:/home/golam_sadek/ur3robot_ws/install/ur3robot_controller:/home/golam_sadek/turtlebot3_ws/install/turtlebot3_simulations:/home/golam_sadek/turtlebot3_drlnav/install/turtlebot3_drl:/home/golam_sadek/ros2_ws/install/turtlesim_catch_them_all:/home/golam_sadek/ros2_ws/install/my_robot_description:/home/golam_sadek/ros2_ws/install/my_py_pkg:/home/golam_sadek/ros2_ws/install/my_cpp_pkg:/opt/ros/humble /usr/bin/cmake --build /home/golam_sadek/turtlebot3_ws/build/turtlebot3_simulations -- -j8 -l8
[21.727s] DEBUG:colcon.colcon_core.event_handler.log_command:Invoking command in '/home/golam_sadek/turtlebot3_ws/build/turtlebot3_simulations': CMAKE_PREFIX_PATH=/home/golam_sadek/turtlebot3_ws/install/turtlebot3_gazebo:/home/golam_sadek/turtlebot3_ws/install/turtlebot3_fake_node:/home/golam_sadek/turtlebot3_drlnav/install/turtlebot3_simulations:/home/golam_sadek/turtlebot3_drlnav/install/turtlebot3_fake_node:/home/golam_sadek/turtlebot3_drlnav/install/turtlebot3_msgs:/home/golam_sadek/turtlebot3_drlnav/install/turtlebot3_gazebo:/home/golam_sadek/ros2_ws/install/my_robot_interfaces:/home/golam_sadek/ros2_ws/install/my_robot1_bringup:/home/golam_sadek/ros2_ws/install/my_robot_bringup:/home/golam_sadek/ur3robot_ws/install/ur3robot_description:/home/golam_sadek/ur3robot_ws/install/ur3robot_controller:/home/golam_sadek/turtlebot3_ws/install/turtlebot3_simulations:/home/golam_sadek/turtlebot3_drlnav/install/turtlebot3_drl:/home/golam_sadek/ros2_ws/install/turtlesim_catch_them_all:/home/golam_sadek/ros2_ws/install/my_robot_description:/home/golam_sadek/ros2_ws/install/my_py_pkg:/home/golam_sadek/ros2_ws/install/my_cpp_pkg:/opt/ros/humble /usr/bin/cmake --install /home/golam_sadek/turtlebot3_ws/build/turtlebot3_simulations
[21.739s] Level 1:colcon.colcon_core.environment:create_environment_scripts_only(turtlebot3_simulations)
[21.739s] Level 1:colcon.colcon_core.environment:checking '/home/golam_sadek/turtlebot3_ws/install/turtlebot3_simulations' for CMake module files
[21.740s] DEBUG:colcon.colcon_core.event_handler.log_command:Invoked command in '/home/golam_sadek/turtlebot3_ws/build/turtlebot3_simulations' returned '0': CMAKE_PREFIX_PATH=/home/golam_sadek/turtlebot3_ws/install/turtlebot3_gazebo:/home/golam_sadek/turtlebot3_ws/install/turtlebot3_fake_node:/home/golam_sadek/turtlebot3_drlnav/install/turtlebot3_simulations:/home/golam_sadek/turtlebot3_drlnav/install/turtlebot3_fake_node:/home/golam_sadek/turtlebot3_drlnav/install/turtlebot3_msgs:/home/golam_sadek/turtlebot3_drlnav/install/turtlebot3_gazebo:/home/golam_sadek/ros2_ws/install/my_robot_interfaces:/home/golam_sadek/ros2_ws/install/my_robot1_bringup:/home/golam_sadek/ros2_ws/install/my_robot_bringup:/home/golam_sadek/ur3robot_ws/install/ur3robot_description:/home/golam_sadek/ur3robot_ws/install/ur3robot_controller:/home/golam_sadek/turtlebot3_ws/install/turtlebot3_simulations:/home/golam_sadek/turtlebot3_drlnav/install/turtlebot3_drl:/home/golam_sadek/ros2_ws/install/turtlesim_catch_them_all:/home/golam_sadek/ros2_ws/install/my_robot_description:/home/golam_sadek/ros2_ws/install/my_py_pkg:/home/golam_sadek/ros2_ws/install/my_cpp_pkg:/opt/ros/humble /usr/bin/cmake --install /home/golam_sadek/turtlebot3_ws/build/turtlebot3_simulations
[21.740s] Level 1:colcon.colcon_core.environment:checking '/home/golam_sadek/turtlebot3_ws/install/turtlebot3_simulations' for CMake config files
[21.740s] Level 1:colcon.colcon_core.shell:create_environment_hook('turtlebot3_simulations', 'cmake_prefix_path')
[21.740s] INFO:colcon.colcon_core.shell:Creating environment hook '/home/golam_sadek/turtlebot3_ws/install/turtlebot3_simulations/share/turtlebot3_simulations/hook/cmake_prefix_path.ps1'
[21.742s] INFO:colcon.colcon_core.shell:Creating environment descriptor '/home/golam_sadek/turtlebot3_ws/install/turtlebot3_simulations/share/turtlebot3_simulations/hook/cmake_prefix_path.dsv'
[21.742s] INFO:colcon.colcon_core.shell:Creating environment hook '/home/golam_sadek/turtlebot3_ws/install/turtlebot3_simulations/share/turtlebot3_simulations/hook/cmake_prefix_path.sh'
[21.743s] Level 1:colcon.colcon_core.environment:checking '/home/golam_sadek/turtlebot3_ws/install/turtlebot3_simulations/bin'
[21.743s] Level 1:colcon.colcon_core.environment:checking '/home/golam_sadek/turtlebot3_ws/install/turtlebot3_simulations/lib/pkgconfig/turtlebot3_simulations.pc'
[21.743s] Level 1:colcon.colcon_core.environment:checking '/home/golam_sadek/turtlebot3_ws/install/turtlebot3_simulations/lib/python3.10/site-packages'
[21.743s] Level 1:colcon.colcon_core.environment:checking '/home/golam_sadek/turtlebot3_ws/install/turtlebot3_simulations/bin'
[21.744s] INFO:colcon.colcon_core.shell:Creating package script '/home/golam_sadek/turtlebot3_ws/install/turtlebot3_simulations/share/turtlebot3_simulations/package.ps1'
[21.744s] INFO:colcon.colcon_core.shell:Creating package descriptor '/home/golam_sadek/turtlebot3_ws/install/turtlebot3_simulations/share/turtlebot3_simulations/package.dsv'
[21.745s] INFO:colcon.colcon_core.shell:Creating package script '/home/golam_sadek/turtlebot3_ws/install/turtlebot3_simulations/share/turtlebot3_simulations/package.sh'
[21.745s] INFO:colcon.colcon_core.shell:Creating package script '/home/golam_sadek/turtlebot3_ws/install/turtlebot3_simulations/share/turtlebot3_simulations/package.bash'
[21.746s] INFO:colcon.colcon_core.shell:Creating package script '/home/golam_sadek/turtlebot3_ws/install/turtlebot3_simulations/share/turtlebot3_simulations/package.zsh'
[21.746s] Level 1:colcon.colcon_core.environment:create_file_with_runtime_dependencies(/home/golam_sadek/turtlebot3_ws/install/turtlebot3_simulations/share/colcon-core/packages/turtlebot3_simulations)
[21.747s] Level 1:colcon.colcon_core.environment:create_environment_scripts_only(turtlebot3_simulations)
[21.747s] Level 1:colcon.colcon_core.environment:checking '/home/golam_sadek/turtlebot3_ws/install/turtlebot3_simulations' for CMake module files
[21.748s] Level 1:colcon.colcon_core.environment:checking '/home/golam_sadek/turtlebot3_ws/install/turtlebot3_simulations' for CMake config files
[21.748s] Level 1:colcon.colcon_core.shell:create_environment_hook('turtlebot3_simulations', 'cmake_prefix_path')
[21.748s] INFO:colcon.colcon_core.shell:Creating environment hook '/home/golam_sadek/turtlebot3_ws/install/turtlebot3_simulations/share/turtlebot3_simulations/hook/cmake_prefix_path.ps1'
[21.749s] INFO:colcon.colcon_core.shell:Creating environment descriptor '/home/golam_sadek/turtlebot3_ws/install/turtlebot3_simulations/share/turtlebot3_simulations/hook/cmake_prefix_path.dsv'
[21.749s] INFO:colcon.colcon_core.shell:Creating environment hook '/home/golam_sadek/turtlebot3_ws/install/turtlebot3_simulations/share/turtlebot3_simulations/hook/cmake_prefix_path.sh'
[21.750s] Level 1:colcon.colcon_core.environment:checking '/home/golam_sadek/turtlebot3_ws/install/turtlebot3_simulations/bin'
[21.750s] Level 1:colcon.colcon_core.environment:checking '/home/golam_sadek/turtlebot3_ws/install/turtlebot3_simulations/lib/pkgconfig/turtlebot3_simulations.pc'
[21.750s] Level 1:colcon.colcon_core.environment:checking '/home/golam_sadek/turtlebot3_ws/install/turtlebot3_simulations/lib/python3.10/site-packages'
[21.751s] Level 1:colcon.colcon_core.environment:checking '/home/golam_sadek/turtlebot3_ws/install/turtlebot3_simulations/bin'
[21.751s] INFO:colcon.colcon_core.shell:Creating package script '/home/golam_sadek/turtlebot3_ws/install/turtlebot3_simulations/share/turtlebot3_simulations/package.ps1'
[21.752s] INFO:colcon.colcon_core.shell:Creating package descriptor '/home/golam_sadek/turtlebot3_ws/install/turtlebot3_simulations/share/turtlebot3_simulations/package.dsv'
[21.752s] INFO:colcon.colcon_core.shell:Creating package script '/home/golam_sadek/turtlebot3_ws/install/turtlebot3_simulations/share/turtlebot3_simulations/package.sh'
[21.752s] INFO:colcon.colcon_core.shell:Creating package script '/home/golam_sadek/turtlebot3_ws/install/turtlebot3_simulations/share/turtlebot3_simulations/package.bash'
[21.753s] INFO:colcon.colcon_core.shell:Creating package script '/home/golam_sadek/turtlebot3_ws/install/turtlebot3_simulations/share/turtlebot3_simulations/package.zsh'
[21.753s] Level 1:colcon.colcon_core.environment:create_file_with_runtime_dependencies(/home/golam_sadek/turtlebot3_ws/install/turtlebot3_simulations/share/colcon-core/packages/turtlebot3_simulations)
[21.753s] DEBUG:colcon.colcon_parallel_executor.executor.parallel:closing loop
[21.754s] DEBUG:colcon.colcon_parallel_executor.executor.parallel:loop closed
[21.754s] DEBUG:colcon.colcon_parallel_executor.executor.parallel:run_until_complete finished with '0'
[21.754s] DEBUG:colcon.colcon_core.event_reactor:joining thread
[21.759s] INFO:colcon.colcon_core.plugin_system:Skipping extension 'colcon_notification.desktop_notification.terminal_notifier': Not used on non-Darwin systems
[21.759s] INFO:colcon.colcon_core.plugin_system:Skipping extension 'colcon_notification.desktop_notification.win32': Not used on non-Windows systems
[21.759s] INFO:colcon.colcon_notification.desktop_notification:Sending desktop notification using 'notify2'
[21.769s] DEBUG:colcon.colcon_core.event_reactor:joined thread
[21.769s] INFO:colcon.colcon_core.shell:Creating prefix script '/home/golam_sadek/turtlebot3_ws/install/local_setup.ps1'
[21.770s] INFO:colcon.colcon_core.shell:Creating prefix util module '/home/golam_sadek/turtlebot3_ws/install/_local_setup_util_ps1.py'
[21.772s] INFO:colcon.colcon_core.shell:Creating prefix chain script '/home/golam_sadek/turtlebot3_ws/install/setup.ps1'
[21.773s] INFO:colcon.colcon_core.shell:Creating prefix script '/home/golam_sadek/turtlebot3_ws/install/local_setup.sh'
[21.774s] INFO:colcon.colcon_core.shell:Creating prefix util module '/home/golam_sadek/turtlebot3_ws/install/_local_setup_util_sh.py'
[21.774s] INFO:colcon.colcon_core.shell:Creating prefix chain script '/home/golam_sadek/turtlebot3_ws/install/setup.sh'
[21.776s] INFO:colcon.colcon_core.shell:Creating prefix script '/home/golam_sadek/turtlebot3_ws/install/local_setup.bash'
[21.776s] INFO:colcon.colcon_core.shell:Creating prefix chain script '/home/golam_sadek/turtlebot3_ws/install/setup.bash'
[21.778s] INFO:colcon.colcon_core.shell:Creating prefix script '/home/golam_sadek/turtlebot3_ws/install/local_setup.zsh'
[21.778s] INFO:colcon.colcon_core.shell:Creating prefix chain script '/home/golam_sadek/turtlebot3_ws/install/setup.zsh'
