[0.093s] DEBUG:colcon:Command line arguments: ['/usr/bin/colcon', 'build']
[0.094s] DEBUG:colcon:Parsed command line arguments: Namespace(log_base=None, log_level=None, verb_name='build', build_base='build', install_base='install', merge_install=False, symlink_install=False, test_result_base=None, continue_on_error=False, executor='parallel', parallel_workers=8, event_handlers=None, ignore_user_meta=False, metas=['./colcon.meta'], base_paths=['.'], packages_ignore=None, packages_ignore_regex=None, paths=None, packages_up_to=None, packages_up_to_regex=None, packages_above=None, packages_above_and_dependencies=None, packages_above_depth=None, packages_select_by_dep=None, packages_skip_by_dep=None, packages_skip_up_to=None, packages_select_build_failed=False, packages_skip_build_finished=False, packages_select_test_failures=False, packages_skip_test_passed=False, packages_select=None, packages_skip=None, packages_select_regex=None, packages_skip_regex=None, packages_start=None, packages_end=None, allow_overriding=[], cmake_args=None, cmake_target=None, cmake_target_skip_unavailable=False, cmake_clean_cache=False, cmake_clean_first=False, cmake_force_configure=False, ament_cmake_args=None, catkin_cmake_args=None, catkin_skip_building_tests=False, verb_parser=<colcon_defaults.argument_parser.defaults.DefaultArgumentsDecorator object at 0x75211ef67dc0>, verb_extension=<colcon_core.verb.build.BuildVerb object at 0x75211ef678b0>, main=<bound method BuildVerb.main of <colcon_core.verb.build.BuildVerb object at 0x75211ef678b0>>)
[0.310s] Level 1:colcon.colcon_core.package_discovery:discover_packages(colcon_meta) check parameters
[0.310s] Level 1:colcon.colcon_core.package_discovery:discover_packages(recursive) check parameters
[0.310s] Level 1:colcon.colcon_core.package_discovery:discover_packages(ignore) check parameters
[0.310s] Level 1:colcon.colcon_core.package_discovery:discover_packages(path) check parameters
[0.310s] Level 1:colcon.colcon_core.package_discovery:discover_packages(colcon_meta) discover
[0.310s] Level 1:colcon.colcon_core.package_discovery:discover_packages(recursive) discover
[0.310s] INFO:colcon.colcon_core.package_discovery:Crawling recursively for packages in '/home/golam_sadek/turtlebot3_ws'
[0.310s] Level 1:colcon.colcon_core.package_identification:_identify(.) by extensions ['ignore', 'ignore_ament_install']
[0.310s] Level 1:colcon.colcon_core.package_identification:_identify(.) by extension 'ignore'
[0.310s] Level 1:colcon.colcon_core.package_identification:_identify(.) by extension 'ignore_ament_install'
[0.310s] Level 1:colcon.colcon_core.package_identification:_identify(.) by extensions ['colcon_pkg']
[0.311s] Level 1:colcon.colcon_core.package_identification:_identify(.) by extension 'colcon_pkg'
[0.311s] Level 1:colcon.colcon_core.package_identification:_identify(.) by extensions ['colcon_meta']
[0.311s] Level 1:colcon.colcon_core.package_identification:_identify(.) by extension 'colcon_meta'
[0.311s] Level 1:colcon.colcon_core.package_identification:_identify(.) by extensions ['ros']
[0.311s] Level 1:colcon.colcon_core.package_identification:_identify(.) by extension 'ros'
[0.331s] Level 1:colcon.colcon_core.package_identification:_identify(.) by extensions ['cmake', 'python']
[0.331s] Level 1:colcon.colcon_core.package_identification:_identify(.) by extension 'cmake'
[0.331s] Level 1:colcon.colcon_core.package_identification:_identify(.) by extension 'python'
[0.331s] Level 1:colcon.colcon_core.package_identification:_identify(.) by extensions ['python_setup_py']
[0.331s] Level 1:colcon.colcon_core.package_identification:_identify(.) by extension 'python_setup_py'
[0.331s] Level 1:colcon.colcon_core.package_identification:_identify(build) by extensions ['ignore', 'ignore_ament_install']
[0.331s] Level 1:colcon.colcon_core.package_identification:_identify(build) by extension 'ignore'
[0.331s] Level 1:colcon.colcon_core.package_identification:_identify(build) ignored
[0.331s] Level 1:colcon.colcon_core.package_identification:_identify(install) by extensions ['ignore', 'ignore_ament_install']
[0.331s] Level 1:colcon.colcon_core.package_identification:_identify(install) by extension 'ignore'
[0.331s] Level 1:colcon.colcon_core.package_identification:_identify(install) ignored
[0.331s] Level 1:colcon.colcon_core.package_identification:_identify(log) by extensions ['ignore', 'ignore_ament_install']
[0.331s] Level 1:colcon.colcon_core.package_identification:_identify(log) by extension 'ignore'
[0.332s] Level 1:colcon.colcon_core.package_identification:_identify(log) ignored
[0.332s] Level 1:colcon.colcon_core.package_identification:_identify(src) by extensions ['ignore', 'ignore_ament_install']
[0.332s] Level 1:colcon.colcon_core.package_identification:_identify(src) by extension 'ignore'
[0.332s] Level 1:colcon.colcon_core.package_identification:_identify(src) by extension 'ignore_ament_install'
[0.332s] Level 1:colcon.colcon_core.package_identification:_identify(src) by extensions ['colcon_pkg']
[0.332s] Level 1:colcon.colcon_core.package_identification:_identify(src) by extension 'colcon_pkg'
[0.332s] Level 1:colcon.colcon_core.package_identification:_identify(src) by extensions ['colcon_meta']
[0.332s] Level 1:colcon.colcon_core.package_identification:_identify(src) by extension 'colcon_meta'
[0.332s] Level 1:colcon.colcon_core.package_identification:_identify(src) by extensions ['ros']
[0.332s] Level 1:colcon.colcon_core.package_identification:_identify(src) by extension 'ros'
[0.332s] Level 1:colcon.colcon_core.package_identification:_identify(src) by extensions ['cmake', 'python']
[0.332s] Level 1:colcon.colcon_core.package_identification:_identify(src) by extension 'cmake'
[0.332s] Level 1:colcon.colcon_core.package_identification:_identify(src) by extension 'python'
[0.332s] Level 1:colcon.colcon_core.package_identification:_identify(src) by extensions ['python_setup_py']
[0.332s] Level 1:colcon.colcon_core.package_identification:_identify(src) by extension 'python_setup_py'
[0.332s] Level 1:colcon.colcon_core.package_identification:_identify(src/turtlebot3_fake_node) by extensions ['ignore', 'ignore_ament_install']
[0.332s] Level 1:colcon.colcon_core.package_identification:_identify(src/turtlebot3_fake_node) by extension 'ignore'
[0.332s] Level 1:colcon.colcon_core.package_identification:_identify(src/turtlebot3_fake_node) by extension 'ignore_ament_install'
[0.332s] Level 1:colcon.colcon_core.package_identification:_identify(src/turtlebot3_fake_node) by extensions ['colcon_pkg']
[0.332s] Level 1:colcon.colcon_core.package_identification:_identify(src/turtlebot3_fake_node) by extension 'colcon_pkg'
[0.332s] Level 1:colcon.colcon_core.package_identification:_identify(src/turtlebot3_fake_node) by extensions ['colcon_meta']
[0.332s] Level 1:colcon.colcon_core.package_identification:_identify(src/turtlebot3_fake_node) by extension 'colcon_meta'
[0.332s] Level 1:colcon.colcon_core.package_identification:_identify(src/turtlebot3_fake_node) by extensions ['ros']
[0.332s] Level 1:colcon.colcon_core.package_identification:_identify(src/turtlebot3_fake_node) by extension 'ros'
[0.335s] DEBUG:colcon.colcon_core.package_identification:Package 'src/turtlebot3_fake_node' with type 'ros.ament_cmake' and name 'turtlebot3_fake_node'
[0.335s] Level 1:colcon.colcon_core.package_identification:_identify(src/turtlebot3_gazebo) by extensions ['ignore', 'ignore_ament_install']
[0.335s] Level 1:colcon.colcon_core.package_identification:_identify(src/turtlebot3_gazebo) by extension 'ignore'
[0.335s] Level 1:colcon.colcon_core.package_identification:_identify(src/turtlebot3_gazebo) by extension 'ignore_ament_install'
[0.335s] Level 1:colcon.colcon_core.package_identification:_identify(src/turtlebot3_gazebo) by extensions ['colcon_pkg']
[0.335s] Level 1:colcon.colcon_core.package_identification:_identify(src/turtlebot3_gazebo) by extension 'colcon_pkg'
[0.335s] Level 1:colcon.colcon_core.package_identification:_identify(src/turtlebot3_gazebo) by extensions ['colcon_meta']
[0.335s] Level 1:colcon.colcon_core.package_identification:_identify(src/turtlebot3_gazebo) by extension 'colcon_meta'
[0.335s] Level 1:colcon.colcon_core.package_identification:_identify(src/turtlebot3_gazebo) by extensions ['ros']
[0.335s] Level 1:colcon.colcon_core.package_identification:_identify(src/turtlebot3_gazebo) by extension 'ros'
[0.336s] DEBUG:colcon.colcon_core.package_identification:Package 'src/turtlebot3_gazebo' with type 'ros.ament_cmake' and name 'turtlebot3_gazebo'
[0.336s] Level 1:colcon.colcon_core.package_identification:_identify(src/turtlebot3_simulations) by extensions ['ignore', 'ignore_ament_install']
[0.336s] Level 1:colcon.colcon_core.package_identification:_identify(src/turtlebot3_simulations) by extension 'ignore'
[0.336s] Level 1:colcon.colcon_core.package_identification:_identify(src/turtlebot3_simulations) by extension 'ignore_ament_install'
[0.336s] Level 1:colcon.colcon_core.package_identification:_identify(src/turtlebot3_simulations) by extensions ['colcon_pkg']
[0.336s] Level 1:colcon.colcon_core.package_identification:_identify(src/turtlebot3_simulations) by extension 'colcon_pkg'
[0.336s] Level 1:colcon.colcon_core.package_identification:_identify(src/turtlebot3_simulations) by extensions ['colcon_meta']
[0.336s] Level 1:colcon.colcon_core.package_identification:_identify(src/turtlebot3_simulations) by extension 'colcon_meta'
[0.336s] Level 1:colcon.colcon_core.package_identification:_identify(src/turtlebot3_simulations) by extensions ['ros']
[0.336s] Level 1:colcon.colcon_core.package_identification:_identify(src/turtlebot3_simulations) by extension 'ros'
[0.337s] DEBUG:colcon.colcon_core.package_identification:Package 'src/turtlebot3_simulations' with type 'ros.ament_cmake' and name 'turtlebot3_simulations'
[0.337s] Level 1:colcon.colcon_core.package_discovery:discover_packages(recursive) using defaults
[0.337s] Level 1:colcon.colcon_core.package_discovery:discover_packages(ignore) discover
[0.337s] Level 1:colcon.colcon_core.package_discovery:discover_packages(ignore) using defaults
[0.337s] Level 1:colcon.colcon_core.package_discovery:discover_packages(path) discover
[0.337s] Level 1:colcon.colcon_core.package_discovery:discover_packages(path) using defaults
[0.354s] Level 1:colcon.colcon_core.package_discovery:discover_packages(prefix_path) check parameters
[0.354s] Level 1:colcon.colcon_core.package_discovery:discover_packages(prefix_path) discover
[0.356s] DEBUG:colcon.colcon_installed_package_information.package_discovery:Found 2 installed packages in /home/golam_sadek/ur3robot_ws/install
[0.356s] DEBUG:colcon.colcon_installed_package_information.package_discovery:Found 1 installed packages in /home/golam_sadek/ur3robot_ws/src/ur3robot_controller/install
[0.357s] DEBUG:colcon.colcon_installed_package_information.package_discovery:Found 3 installed packages in /home/golam_sadek/turtlebot3_ws/install
[0.357s] DEBUG:colcon.colcon_installed_package_information.package_discovery:Found 5 installed packages in /home/golam_sadek/turtlebot3_drlnav/install
[0.359s] DEBUG:colcon.colcon_installed_package_information.package_discovery:Found 443 installed packages in /opt/ros/humble
[0.360s] Level 1:colcon.colcon_core.package_discovery:discover_packages(prefix_path) using defaults
[0.401s] Level 5:colcon.colcon_core.verb:set package 'turtlebot3_fake_node' build argument 'cmake_args' from command line to 'None'
[0.401s] Level 5:colcon.colcon_core.verb:set package 'turtlebot3_fake_node' build argument 'cmake_target' from command line to 'None'
[0.401s] Level 5:colcon.colcon_core.verb:set package 'turtlebot3_fake_node' build argument 'cmake_target_skip_unavailable' from command line to 'False'
[0.401s] Level 5:colcon.colcon_core.verb:set package 'turtlebot3_fake_node' build argument 'cmake_clean_cache' from command line to 'False'
[0.401s] Level 5:colcon.colcon_core.verb:set package 'turtlebot3_fake_node' build argument 'cmake_clean_first' from command line to 'False'
[0.401s] Level 5:colcon.colcon_core.verb:set package 'turtlebot3_fake_node' build argument 'cmake_force_configure' from command line to 'False'
[0.401s] Level 5:colcon.colcon_core.verb:set package 'turtlebot3_fake_node' build argument 'ament_cmake_args' from command line to 'None'
[0.401s] Level 5:colcon.colcon_core.verb:set package 'turtlebot3_fake_node' build argument 'catkin_cmake_args' from command line to 'None'
[0.401s] Level 5:colcon.colcon_core.verb:set package 'turtlebot3_fake_node' build argument 'catkin_skip_building_tests' from command line to 'False'
[0.401s] DEBUG:colcon.colcon_core.verb:Building package 'turtlebot3_fake_node' with the following arguments: {'ament_cmake_args': None, 'build_base': '/home/golam_sadek/turtlebot3_ws/build/turtlebot3_fake_node', 'catkin_cmake_args': None, 'catkin_skip_building_tests': False, 'cmake_args': None, 'cmake_clean_cache': False, 'cmake_clean_first': False, 'cmake_force_configure': False, 'cmake_target': None, 'cmake_target_skip_unavailable': False, 'install_base': '/home/golam_sadek/turtlebot3_ws/install/turtlebot3_fake_node', 'merge_install': False, 'path': '/home/golam_sadek/turtlebot3_ws/src/turtlebot3_fake_node', 'symlink_install': False, 'test_result_base': None}
[0.401s] Level 5:colcon.colcon_core.verb:set package 'turtlebot3_gazebo' build argument 'cmake_args' from command line to 'None'
[0.401s] Level 5:colcon.colcon_core.verb:set package 'turtlebot3_gazebo' build argument 'cmake_target' from command line to 'None'
[0.401s] Level 5:colcon.colcon_core.verb:set package 'turtlebot3_gazebo' build argument 'cmake_target_skip_unavailable' from command line to 'False'
[0.401s] Level 5:colcon.colcon_core.verb:set package 'turtlebot3_gazebo' build argument 'cmake_clean_cache' from command line to 'False'
[0.401s] Level 5:colcon.colcon_core.verb:set package 'turtlebot3_gazebo' build argument 'cmake_clean_first' from command line to 'False'
[0.401s] Level 5:colcon.colcon_core.verb:set package 'turtlebot3_gazebo' build argument 'cmake_force_configure' from command line to 'False'
[0.402s] Level 5:colcon.colcon_core.verb:set package 'turtlebot3_gazebo' build argument 'ament_cmake_args' from command line to 'None'
[0.402s] Level 5:colcon.colcon_core.verb:set package 'turtlebot3_gazebo' build argument 'catkin_cmake_args' from command line to 'None'
[0.402s] Level 5:colcon.colcon_core.verb:set package 'turtlebot3_gazebo' build argument 'catkin_skip_building_tests' from command line to 'False'
[0.402s] DEBUG:colcon.colcon_core.verb:Building package 'turtlebot3_gazebo' with the following arguments: {'ament_cmake_args': None, 'build_base': '/home/golam_sadek/turtlebot3_ws/build/turtlebot3_gazebo', 'catkin_cmake_args': None, 'catkin_skip_building_tests': False, 'cmake_args': None, 'cmake_clean_cache': False, 'cmake_clean_first': False, 'cmake_force_configure': False, 'cmake_target': None, 'cmake_target_skip_unavailable': False, 'install_base': '/home/golam_sadek/turtlebot3_ws/install/turtlebot3_gazebo', 'merge_install': False, 'path': '/home/golam_sadek/turtlebot3_ws/src/turtlebot3_gazebo', 'symlink_install': False, 'test_result_base': None}
[0.402s] Level 5:colcon.colcon_core.verb:set package 'turtlebot3_simulations' build argument 'cmake_args' from command line to 'None'
[0.402s] Level 5:colcon.colcon_core.verb:set package 'turtlebot3_simulations' build argument 'cmake_target' from command line to 'None'
[0.402s] Level 5:colcon.colcon_core.verb:set package 'turtlebot3_simulations' build argument 'cmake_target_skip_unavailable' from command line to 'False'
[0.402s] Level 5:colcon.colcon_core.verb:set package 'turtlebot3_simulations' build argument 'cmake_clean_cache' from command line to 'False'
[0.402s] Level 5:colcon.colcon_core.verb:set package 'turtlebot3_simulations' build argument 'cmake_clean_first' from command line to 'False'
[0.402s] Level 5:colcon.colcon_core.verb:set package 'turtlebot3_simulations' build argument 'cmake_force_configure' from command line to 'False'
[0.402s] Level 5:colcon.colcon_core.verb:set package 'turtlebot3_simulations' build argument 'ament_cmake_args' from command line to 'None'
[0.402s] Level 5:colcon.colcon_core.verb:set package 'turtlebot3_simulations' build argument 'catkin_cmake_args' from command line to 'None'
[0.402s] Level 5:colcon.colcon_core.verb:set package 'turtlebot3_simulations' build argument 'catkin_skip_building_tests' from command line to 'False'
[0.402s] DEBUG:colcon.colcon_core.verb:Building package 'turtlebot3_simulations' with the following arguments: {'ament_cmake_args': None, 'build_base': '/home/golam_sadek/turtlebot3_ws/build/turtlebot3_simulations', 'catkin_cmake_args': None, 'catkin_skip_building_tests': False, 'cmake_args': None, 'cmake_clean_cache': False, 'cmake_clean_first': False, 'cmake_force_configure': False, 'cmake_target': None, 'cmake_target_skip_unavailable': False, 'install_base': '/home/golam_sadek/turtlebot3_ws/install/turtlebot3_simulations', 'merge_install': False, 'path': '/home/golam_sadek/turtlebot3_ws/src/turtlebot3_simulations', 'symlink_install': False, 'test_result_base': None}
[0.402s] INFO:colcon.colcon_core.executor:Executing jobs using 'parallel' executor
[0.403s] DEBUG:colcon.colcon_parallel_executor.executor.parallel:run_until_complete
[0.404s] INFO:colcon.colcon_ros.task.ament_cmake.build:Building ROS package in '/home/golam_sadek/turtlebot3_ws/src/turtlebot3_fake_node' with build type 'ament_cmake'
[0.404s] INFO:colcon.colcon_cmake.task.cmake.build:Building CMake package in '/home/golam_sadek/turtlebot3_ws/src/turtlebot3_fake_node'
[0.405s] INFO:colcon.colcon_core.plugin_system:Skipping extension 'colcon_core.shell.bat': Not used on non-Windows systems
[0.406s] INFO:colcon.colcon_core.shell:Skip shell extension 'powershell' for command environment: Not usable outside of PowerShell
[0.406s] DEBUG:colcon.colcon_core.shell:Skip shell extension 'dsv' for command environment
[0.410s] INFO:colcon.colcon_ros.task.ament_cmake.build:Building ROS package in '/home/golam_sadek/turtlebot3_ws/src/turtlebot3_gazebo' with build type 'ament_cmake'
[0.410s] INFO:colcon.colcon_cmake.task.cmake.build:Building CMake package in '/home/golam_sadek/turtlebot3_ws/src/turtlebot3_gazebo'
[0.411s] INFO:colcon.colcon_core.shell:Skip shell extension 'powershell' for command environment: Not usable outside of PowerShell
[0.411s] DEBUG:colcon.colcon_core.shell:Skip shell extension 'dsv' for command environment
[0.420s] DEBUG:colcon.colcon_core.event_handler.log_command:Invoking command in '/home/golam_sadek/turtlebot3_ws/build/turtlebot3_fake_node': CMAKE_PREFIX_PATH=${CMAKE_PREFIX_PATH}:/home/golam_sadek/turtlebot3_drlnav/install/turtlebot3_drl:/opt/ros/humble /usr/bin/cmake --build /home/golam_sadek/turtlebot3_ws/build/turtlebot3_fake_node -- -j8 -l8
[0.424s] DEBUG:colcon.colcon_core.event_handler.log_command:Invoking command in '/home/golam_sadek/turtlebot3_ws/build/turtlebot3_gazebo': CMAKE_PREFIX_PATH=${CMAKE_PREFIX_PATH}:/home/golam_sadek/turtlebot3_drlnav/install/turtlebot3_drl:/opt/ros/humble /usr/bin/cmake --build /home/golam_sadek/turtlebot3_ws/build/turtlebot3_gazebo -- -j8 -l8
[0.493s] DEBUG:colcon.colcon_core.event_handler.log_command:Invoked command in '/home/golam_sadek/turtlebot3_ws/build/turtlebot3_fake_node' returned '0': CMAKE_PREFIX_PATH=${CMAKE_PREFIX_PATH}:/home/golam_sadek/turtlebot3_drlnav/install/turtlebot3_drl:/opt/ros/humble /usr/bin/cmake --build /home/golam_sadek/turtlebot3_ws/build/turtlebot3_fake_node -- -j8 -l8
[0.504s] DEBUG:colcon.colcon_core.event_handler.log_command:Invoking command in '/home/golam_sadek/turtlebot3_ws/build/turtlebot3_fake_node': CMAKE_PREFIX_PATH=${CMAKE_PREFIX_PATH}:/home/golam_sadek/turtlebot3_drlnav/install/turtlebot3_drl:/opt/ros/humble /usr/bin/cmake --install /home/golam_sadek/turtlebot3_ws/build/turtlebot3_fake_node
[0.520s] DEBUG:colcon.colcon_core.event_handler.log_command:Invoked command in '/home/golam_sadek/turtlebot3_ws/build/turtlebot3_gazebo' returned '0': CMAKE_PREFIX_PATH=${CMAKE_PREFIX_PATH}:/home/golam_sadek/turtlebot3_drlnav/install/turtlebot3_drl:/opt/ros/humble /usr/bin/cmake --build /home/golam_sadek/turtlebot3_ws/build/turtlebot3_gazebo -- -j8 -l8
[0.521s] DEBUG:colcon.colcon_core.event_handler.log_command:Invoking command in '/home/golam_sadek/turtlebot3_ws/build/turtlebot3_gazebo': CMAKE_PREFIX_PATH=${CMAKE_PREFIX_PATH}:/home/golam_sadek/turtlebot3_drlnav/install/turtlebot3_drl:/opt/ros/humble /usr/bin/cmake --install /home/golam_sadek/turtlebot3_ws/build/turtlebot3_gazebo
[0.528s] Level 1:colcon.colcon_core.environment:create_environment_scripts_only(turtlebot3_fake_node)
[0.529s] DEBUG:colcon.colcon_core.event_handler.log_command:Invoked command in '/home/golam_sadek/turtlebot3_ws/build/turtlebot3_fake_node' returned '0': CMAKE_PREFIX_PATH=${CMAKE_PREFIX_PATH}:/home/golam_sadek/turtlebot3_drlnav/install/turtlebot3_drl:/opt/ros/humble /usr/bin/cmake --install /home/golam_sadek/turtlebot3_ws/build/turtlebot3_fake_node
[0.530s] Level 1:colcon.colcon_core.environment:checking '/home/golam_sadek/turtlebot3_ws/install/turtlebot3_fake_node' for CMake module files
[0.531s] Level 1:colcon.colcon_core.environment:checking '/home/golam_sadek/turtlebot3_ws/install/turtlebot3_fake_node' for CMake config files
[0.533s] Level 1:colcon.colcon_core.shell:create_environment_hook('turtlebot3_fake_node', 'cmake_prefix_path')
[0.533s] INFO:colcon.colcon_core.shell:Creating environment hook '/home/golam_sadek/turtlebot3_ws/install/turtlebot3_fake_node/share/turtlebot3_fake_node/hook/cmake_prefix_path.ps1'
[0.535s] INFO:colcon.colcon_core.shell:Creating environment descriptor '/home/golam_sadek/turtlebot3_ws/install/turtlebot3_fake_node/share/turtlebot3_fake_node/hook/cmake_prefix_path.dsv'
[0.537s] INFO:colcon.colcon_core.shell:Creating environment hook '/home/golam_sadek/turtlebot3_ws/install/turtlebot3_fake_node/share/turtlebot3_fake_node/hook/cmake_prefix_path.sh'
[0.541s] Level 1:colcon.colcon_core.environment:checking '/home/golam_sadek/turtlebot3_ws/install/turtlebot3_fake_node/lib'
[0.542s] Level 1:colcon.colcon_core.environment:checking '/home/golam_sadek/turtlebot3_ws/install/turtlebot3_fake_node/bin'
[0.542s] Level 1:colcon.colcon_core.environment:checking '/home/golam_sadek/turtlebot3_ws/install/turtlebot3_fake_node/lib/pkgconfig/turtlebot3_fake_node.pc'
[0.542s] Level 1:colcon.colcon_core.environment:checking '/home/golam_sadek/turtlebot3_ws/install/turtlebot3_fake_node/lib/python3.10/site-packages'
[0.542s] Level 1:colcon.colcon_core.environment:checking '/home/golam_sadek/turtlebot3_ws/install/turtlebot3_fake_node/bin'
[0.543s] INFO:colcon.colcon_core.shell:Creating package script '/home/golam_sadek/turtlebot3_ws/install/turtlebot3_fake_node/share/turtlebot3_fake_node/package.ps1'
[0.543s] INFO:colcon.colcon_core.shell:Creating package descriptor '/home/golam_sadek/turtlebot3_ws/install/turtlebot3_fake_node/share/turtlebot3_fake_node/package.dsv'
[0.544s] INFO:colcon.colcon_core.shell:Creating package script '/home/golam_sadek/turtlebot3_ws/install/turtlebot3_fake_node/share/turtlebot3_fake_node/package.sh'
[0.545s] INFO:colcon.colcon_core.shell:Creating package script '/home/golam_sadek/turtlebot3_ws/install/turtlebot3_fake_node/share/turtlebot3_fake_node/package.bash'
[0.545s] INFO:colcon.colcon_core.shell:Creating package script '/home/golam_sadek/turtlebot3_ws/install/turtlebot3_fake_node/share/turtlebot3_fake_node/package.zsh'
[0.546s] Level 1:colcon.colcon_core.environment:create_file_with_runtime_dependencies(/home/golam_sadek/turtlebot3_ws/install/turtlebot3_fake_node/share/colcon-core/packages/turtlebot3_fake_node)
[0.547s] Level 1:colcon.colcon_core.environment:create_environment_scripts_only(turtlebot3_fake_node)
[0.547s] Level 1:colcon.colcon_core.environment:checking '/home/golam_sadek/turtlebot3_ws/install/turtlebot3_fake_node' for CMake module files
[0.547s] Level 1:colcon.colcon_core.environment:checking '/home/golam_sadek/turtlebot3_ws/install/turtlebot3_fake_node' for CMake config files
[0.548s] Level 1:colcon.colcon_core.shell:create_environment_hook('turtlebot3_fake_node', 'cmake_prefix_path')
[0.548s] INFO:colcon.colcon_core.shell:Creating environment hook '/home/golam_sadek/turtlebot3_ws/install/turtlebot3_fake_node/share/turtlebot3_fake_node/hook/cmake_prefix_path.ps1'
[1.670s] INFO:colcon.colcon_core.shell:Creating environment descriptor '/home/golam_sadek/turtlebot3_ws/install/turtlebot3_fake_node/share/turtlebot3_fake_node/hook/cmake_prefix_path.dsv'
[1.671s] INFO:colcon.colcon_core.shell:Creating environment hook '/home/golam_sadek/turtlebot3_ws/install/turtlebot3_fake_node/share/turtlebot3_fake_node/hook/cmake_prefix_path.sh'
[1.673s] Level 1:colcon.colcon_core.environment:checking '/home/golam_sadek/turtlebot3_ws/install/turtlebot3_fake_node/lib'
[1.673s] Level 1:colcon.colcon_core.environment:checking '/home/golam_sadek/turtlebot3_ws/install/turtlebot3_fake_node/bin'
[1.673s] Level 1:colcon.colcon_core.environment:checking '/home/golam_sadek/turtlebot3_ws/install/turtlebot3_fake_node/lib/pkgconfig/turtlebot3_fake_node.pc'
[1.674s] Level 1:colcon.colcon_core.environment:checking '/home/golam_sadek/turtlebot3_ws/install/turtlebot3_fake_node/lib/python3.10/site-packages'
[1.674s] Level 1:colcon.colcon_core.environment:checking '/home/golam_sadek/turtlebot3_ws/install/turtlebot3_fake_node/bin'
[1.674s] INFO:colcon.colcon_core.shell:Creating package script '/home/golam_sadek/turtlebot3_ws/install/turtlebot3_fake_node/share/turtlebot3_fake_node/package.ps1'
[1.675s] INFO:colcon.colcon_core.shell:Creating package descriptor '/home/golam_sadek/turtlebot3_ws/install/turtlebot3_fake_node/share/turtlebot3_fake_node/package.dsv'
[1.675s] INFO:colcon.colcon_core.shell:Creating package script '/home/golam_sadek/turtlebot3_ws/install/turtlebot3_fake_node/share/turtlebot3_fake_node/package.sh'
[1.675s] INFO:colcon.colcon_core.shell:Creating package script '/home/golam_sadek/turtlebot3_ws/install/turtlebot3_fake_node/share/turtlebot3_fake_node/package.bash'
[1.676s] INFO:colcon.colcon_core.shell:Creating package script '/home/golam_sadek/turtlebot3_ws/install/turtlebot3_fake_node/share/turtlebot3_fake_node/package.zsh'
[1.676s] Level 1:colcon.colcon_core.environment:create_file_with_runtime_dependencies(/home/golam_sadek/turtlebot3_ws/install/turtlebot3_fake_node/share/colcon-core/packages/turtlebot3_fake_node)
[1.677s] Level 1:colcon.colcon_core.environment:create_environment_scripts_only(turtlebot3_gazebo)
[1.678s] Level 1:colcon.colcon_core.environment:checking '/home/golam_sadek/turtlebot3_ws/install/turtlebot3_gazebo' for CMake module files
[1.679s] DEBUG:colcon.colcon_core.event_handler.log_command:Invoked command in '/home/golam_sadek/turtlebot3_ws/build/turtlebot3_gazebo' returned '0': CMAKE_PREFIX_PATH=${CMAKE_PREFIX_PATH}:/home/golam_sadek/turtlebot3_drlnav/install/turtlebot3_drl:/opt/ros/humble /usr/bin/cmake --install /home/golam_sadek/turtlebot3_ws/build/turtlebot3_gazebo
[1.680s] Level 1:colcon.colcon_core.environment:checking '/home/golam_sadek/turtlebot3_ws/install/turtlebot3_gazebo' for CMake config files
[1.682s] Level 1:colcon.colcon_core.shell:create_environment_hook('turtlebot3_gazebo', 'cmake_prefix_path')
[1.683s] INFO:colcon.colcon_core.shell:Creating environment hook '/home/golam_sadek/turtlebot3_ws/install/turtlebot3_gazebo/share/turtlebot3_gazebo/hook/cmake_prefix_path.ps1'
[1.684s] INFO:colcon.colcon_core.shell:Creating environment descriptor '/home/golam_sadek/turtlebot3_ws/install/turtlebot3_gazebo/share/turtlebot3_gazebo/hook/cmake_prefix_path.dsv'
[1.685s] INFO:colcon.colcon_core.shell:Creating environment hook '/home/golam_sadek/turtlebot3_ws/install/turtlebot3_gazebo/share/turtlebot3_gazebo/hook/cmake_prefix_path.sh'
[1.685s] Level 1:colcon.colcon_core.environment:checking '/home/golam_sadek/turtlebot3_ws/install/turtlebot3_gazebo/lib'
[1.685s] Level 1:colcon.colcon_core.environment:checking '/home/golam_sadek/turtlebot3_ws/install/turtlebot3_gazebo/bin'
[1.685s] Level 1:colcon.colcon_core.environment:checking '/home/golam_sadek/turtlebot3_ws/install/turtlebot3_gazebo/lib/pkgconfig/turtlebot3_gazebo.pc'
[1.686s] Level 1:colcon.colcon_core.environment:checking '/home/golam_sadek/turtlebot3_ws/install/turtlebot3_gazebo/lib/python3.10/site-packages'
[1.686s] Level 1:colcon.colcon_core.environment:checking '/home/golam_sadek/turtlebot3_ws/install/turtlebot3_gazebo/bin'
[1.686s] INFO:colcon.colcon_core.shell:Creating package script '/home/golam_sadek/turtlebot3_ws/install/turtlebot3_gazebo/share/turtlebot3_gazebo/package.ps1'
[1.686s] INFO:colcon.colcon_core.shell:Creating package descriptor '/home/golam_sadek/turtlebot3_ws/install/turtlebot3_gazebo/share/turtlebot3_gazebo/package.dsv'
[1.687s] INFO:colcon.colcon_core.shell:Creating package script '/home/golam_sadek/turtlebot3_ws/install/turtlebot3_gazebo/share/turtlebot3_gazebo/package.sh'
[1.687s] INFO:colcon.colcon_core.shell:Creating package script '/home/golam_sadek/turtlebot3_ws/install/turtlebot3_gazebo/share/turtlebot3_gazebo/package.bash'
[1.687s] INFO:colcon.colcon_core.shell:Creating package script '/home/golam_sadek/turtlebot3_ws/install/turtlebot3_gazebo/share/turtlebot3_gazebo/package.zsh'
[1.688s] Level 1:colcon.colcon_core.environment:create_file_with_runtime_dependencies(/home/golam_sadek/turtlebot3_ws/install/turtlebot3_gazebo/share/colcon-core/packages/turtlebot3_gazebo)
[1.688s] Level 1:colcon.colcon_core.environment:create_environment_scripts_only(turtlebot3_gazebo)
[1.688s] Level 1:colcon.colcon_core.environment:checking '/home/golam_sadek/turtlebot3_ws/install/turtlebot3_gazebo' for CMake module files
[1.689s] Level 1:colcon.colcon_core.environment:checking '/home/golam_sadek/turtlebot3_ws/install/turtlebot3_gazebo' for CMake config files
[1.690s] Level 1:colcon.colcon_core.shell:create_environment_hook('turtlebot3_gazebo', 'cmake_prefix_path')
[1.690s] INFO:colcon.colcon_core.shell:Creating environment hook '/home/golam_sadek/turtlebot3_ws/install/turtlebot3_gazebo/share/turtlebot3_gazebo/hook/cmake_prefix_path.ps1'
[2.167s] INFO:colcon.colcon_core.shell:Creating environment descriptor '/home/golam_sadek/turtlebot3_ws/install/turtlebot3_gazebo/share/turtlebot3_gazebo/hook/cmake_prefix_path.dsv'
[2.168s] INFO:colcon.colcon_core.shell:Creating environment hook '/home/golam_sadek/turtlebot3_ws/install/turtlebot3_gazebo/share/turtlebot3_gazebo/hook/cmake_prefix_path.sh'
[2.170s] Level 1:colcon.colcon_core.environment:checking '/home/golam_sadek/turtlebot3_ws/install/turtlebot3_gazebo/lib'
[2.170s] Level 1:colcon.colcon_core.environment:checking '/home/golam_sadek/turtlebot3_ws/install/turtlebot3_gazebo/bin'
[2.170s] Level 1:colcon.colcon_core.environment:checking '/home/golam_sadek/turtlebot3_ws/install/turtlebot3_gazebo/lib/pkgconfig/turtlebot3_gazebo.pc'
[2.171s] Level 1:colcon.colcon_core.environment:checking '/home/golam_sadek/turtlebot3_ws/install/turtlebot3_gazebo/lib/python3.10/site-packages'
[2.172s] Level 1:colcon.colcon_core.environment:checking '/home/golam_sadek/turtlebot3_ws/install/turtlebot3_gazebo/bin'
[2.172s] INFO:colcon.colcon_core.shell:Creating package script '/home/golam_sadek/turtlebot3_ws/install/turtlebot3_gazebo/share/turtlebot3_gazebo/package.ps1'
[2.173s] INFO:colcon.colcon_core.shell:Creating package descriptor '/home/golam_sadek/turtlebot3_ws/install/turtlebot3_gazebo/share/turtlebot3_gazebo/package.dsv'
[2.173s] INFO:colcon.colcon_core.shell:Creating package script '/home/golam_sadek/turtlebot3_ws/install/turtlebot3_gazebo/share/turtlebot3_gazebo/package.sh'
[2.173s] INFO:colcon.colcon_core.shell:Creating package script '/home/golam_sadek/turtlebot3_ws/install/turtlebot3_gazebo/share/turtlebot3_gazebo/package.bash'
[2.174s] INFO:colcon.colcon_core.shell:Creating package script '/home/golam_sadek/turtlebot3_ws/install/turtlebot3_gazebo/share/turtlebot3_gazebo/package.zsh'
[2.174s] Level 1:colcon.colcon_core.environment:create_file_with_runtime_dependencies(/home/golam_sadek/turtlebot3_ws/install/turtlebot3_gazebo/share/colcon-core/packages/turtlebot3_gazebo)
[2.174s] INFO:colcon.colcon_ros.task.ament_cmake.build:Building ROS package in '/home/golam_sadek/turtlebot3_ws/src/turtlebot3_simulations' with build type 'ament_cmake'
[2.174s] INFO:colcon.colcon_cmake.task.cmake.build:Building CMake package in '/home/golam_sadek/turtlebot3_ws/src/turtlebot3_simulations'
[2.174s] INFO:colcon.colcon_core.shell:Skip shell extension 'powershell' for command environment: Not usable outside of PowerShell
[2.175s] DEBUG:colcon.colcon_core.shell:Skip shell extension 'dsv' for command environment
[2.192s] DEBUG:colcon.colcon_core.event_handler.log_command:Invoking command in '/home/golam_sadek/turtlebot3_ws/build/turtlebot3_simulations': CMAKE_PREFIX_PATH=/home/golam_sadek/turtlebot3_ws/install/turtlebot3_gazebo:/home/golam_sadek/turtlebot3_ws/install/turtlebot3_fake_node:/home/golam_sadek/turtlebot3_drlnav/install/turtlebot3_simulations:/home/golam_sadek/turtlebot3_drlnav/install/turtlebot3_fake_node:/home/golam_sadek/turtlebot3_drlnav/install/turtlebot3_msgs:/home/golam_sadek/turtlebot3_drlnav/install/turtlebot3_gazebo:/home/golam_sadek/ur3robot_ws/install/ur3robot_description:/home/golam_sadek/ur3robot_ws/install/ur3robot_controller:/home/golam_sadek/ur3robot_ws/src/ur3robot_controller/install/ur3robot_controller:/home/golam_sadek/turtlebot3_ws/install/turtlebot3_simulations:/home/golam_sadek/turtlebot3_drlnav/install/turtlebot3_drl:/opt/ros/humble /usr/bin/cmake --build /home/golam_sadek/turtlebot3_ws/build/turtlebot3_simulations -- -j8 -l8
[2.236s] DEBUG:colcon.colcon_core.event_handler.log_command:Invoked command in '/home/golam_sadek/turtlebot3_ws/build/turtlebot3_simulations' returned '0': CMAKE_PREFIX_PATH=/home/golam_sadek/turtlebot3_ws/install/turtlebot3_gazebo:/home/golam_sadek/turtlebot3_ws/install/turtlebot3_fake_node:/home/golam_sadek/turtlebot3_drlnav/install/turtlebot3_simulations:/home/golam_sadek/turtlebot3_drlnav/install/turtlebot3_fake_node:/home/golam_sadek/turtlebot3_drlnav/install/turtlebot3_msgs:/home/golam_sadek/turtlebot3_drlnav/install/turtlebot3_gazebo:/home/golam_sadek/ur3robot_ws/install/ur3robot_description:/home/golam_sadek/ur3robot_ws/install/ur3robot_controller:/home/golam_sadek/ur3robot_ws/src/ur3robot_controller/install/ur3robot_controller:/home/golam_sadek/turtlebot3_ws/install/turtlebot3_simulations:/home/golam_sadek/turtlebot3_drlnav/install/turtlebot3_drl:/opt/ros/humble /usr/bin/cmake --build /home/golam_sadek/turtlebot3_ws/build/turtlebot3_simulations -- -j8 -l8
[2.237s] DEBUG:colcon.colcon_core.event_handler.log_command:Invoking command in '/home/golam_sadek/turtlebot3_ws/build/turtlebot3_simulations': CMAKE_PREFIX_PATH=/home/golam_sadek/turtlebot3_ws/install/turtlebot3_gazebo:/home/golam_sadek/turtlebot3_ws/install/turtlebot3_fake_node:/home/golam_sadek/turtlebot3_drlnav/install/turtlebot3_simulations:/home/golam_sadek/turtlebot3_drlnav/install/turtlebot3_fake_node:/home/golam_sadek/turtlebot3_drlnav/install/turtlebot3_msgs:/home/golam_sadek/turtlebot3_drlnav/install/turtlebot3_gazebo:/home/golam_sadek/ur3robot_ws/install/ur3robot_description:/home/golam_sadek/ur3robot_ws/install/ur3robot_controller:/home/golam_sadek/ur3robot_ws/src/ur3robot_controller/install/ur3robot_controller:/home/golam_sadek/turtlebot3_ws/install/turtlebot3_simulations:/home/golam_sadek/turtlebot3_drlnav/install/turtlebot3_drl:/opt/ros/humble /usr/bin/cmake --install /home/golam_sadek/turtlebot3_ws/build/turtlebot3_simulations
[2.262s] Level 1:colcon.colcon_core.environment:create_environment_scripts_only(turtlebot3_simulations)
[2.262s] Level 1:colcon.colcon_core.environment:checking '/home/golam_sadek/turtlebot3_ws/install/turtlebot3_simulations' for CMake module files
[2.263s] DEBUG:colcon.colcon_core.event_handler.log_command:Invoked command in '/home/golam_sadek/turtlebot3_ws/build/turtlebot3_simulations' returned '0': CMAKE_PREFIX_PATH=/home/golam_sadek/turtlebot3_ws/install/turtlebot3_gazebo:/home/golam_sadek/turtlebot3_ws/install/turtlebot3_fake_node:/home/golam_sadek/turtlebot3_drlnav/install/turtlebot3_simulations:/home/golam_sadek/turtlebot3_drlnav/install/turtlebot3_fake_node:/home/golam_sadek/turtlebot3_drlnav/install/turtlebot3_msgs:/home/golam_sadek/turtlebot3_drlnav/install/turtlebot3_gazebo:/home/golam_sadek/ur3robot_ws/install/ur3robot_description:/home/golam_sadek/ur3robot_ws/install/ur3robot_controller:/home/golam_sadek/ur3robot_ws/src/ur3robot_controller/install/ur3robot_controller:/home/golam_sadek/turtlebot3_ws/install/turtlebot3_simulations:/home/golam_sadek/turtlebot3_drlnav/install/turtlebot3_drl:/opt/ros/humble /usr/bin/cmake --install /home/golam_sadek/turtlebot3_ws/build/turtlebot3_simulations
[2.264s] Level 1:colcon.colcon_core.environment:checking '/home/golam_sadek/turtlebot3_ws/install/turtlebot3_simulations' for CMake config files
[2.264s] Level 1:colcon.colcon_core.shell:create_environment_hook('turtlebot3_simulations', 'cmake_prefix_path')
[2.264s] INFO:colcon.colcon_core.shell:Creating environment hook '/home/golam_sadek/turtlebot3_ws/install/turtlebot3_simulations/share/turtlebot3_simulations/hook/cmake_prefix_path.ps1'
[2.265s] INFO:colcon.colcon_core.shell:Creating environment descriptor '/home/golam_sadek/turtlebot3_ws/install/turtlebot3_simulations/share/turtlebot3_simulations/hook/cmake_prefix_path.dsv'
[2.266s] INFO:colcon.colcon_core.shell:Creating environment hook '/home/golam_sadek/turtlebot3_ws/install/turtlebot3_simulations/share/turtlebot3_simulations/hook/cmake_prefix_path.sh'
[2.267s] Level 1:colcon.colcon_core.environment:checking '/home/golam_sadek/turtlebot3_ws/install/turtlebot3_simulations/bin'
[2.267s] Level 1:colcon.colcon_core.environment:checking '/home/golam_sadek/turtlebot3_ws/install/turtlebot3_simulations/lib/pkgconfig/turtlebot3_simulations.pc'
[2.268s] Level 1:colcon.colcon_core.environment:checking '/home/golam_sadek/turtlebot3_ws/install/turtlebot3_simulations/lib/python3.10/site-packages'
[2.268s] Level 1:colcon.colcon_core.environment:checking '/home/golam_sadek/turtlebot3_ws/install/turtlebot3_simulations/bin'
[2.269s] INFO:colcon.colcon_core.shell:Creating package script '/home/golam_sadek/turtlebot3_ws/install/turtlebot3_simulations/share/turtlebot3_simulations/package.ps1'
[2.270s] INFO:colcon.colcon_core.shell:Creating package descriptor '/home/golam_sadek/turtlebot3_ws/install/turtlebot3_simulations/share/turtlebot3_simulations/package.dsv'
[2.270s] INFO:colcon.colcon_core.shell:Creating package script '/home/golam_sadek/turtlebot3_ws/install/turtlebot3_simulations/share/turtlebot3_simulations/package.sh'
[2.271s] INFO:colcon.colcon_core.shell:Creating package script '/home/golam_sadek/turtlebot3_ws/install/turtlebot3_simulations/share/turtlebot3_simulations/package.bash'
[2.271s] INFO:colcon.colcon_core.shell:Creating package script '/home/golam_sadek/turtlebot3_ws/install/turtlebot3_simulations/share/turtlebot3_simulations/package.zsh'
[2.272s] Level 1:colcon.colcon_core.environment:create_file_with_runtime_dependencies(/home/golam_sadek/turtlebot3_ws/install/turtlebot3_simulations/share/colcon-core/packages/turtlebot3_simulations)
[2.273s] Level 1:colcon.colcon_core.environment:create_environment_scripts_only(turtlebot3_simulations)
[2.273s] Level 1:colcon.colcon_core.environment:checking '/home/golam_sadek/turtlebot3_ws/install/turtlebot3_simulations' for CMake module files
[2.274s] Level 1:colcon.colcon_core.environment:checking '/home/golam_sadek/turtlebot3_ws/install/turtlebot3_simulations' for CMake config files
[2.274s] Level 1:colcon.colcon_core.shell:create_environment_hook('turtlebot3_simulations', 'cmake_prefix_path')
[2.274s] INFO:colcon.colcon_core.shell:Creating environment hook '/home/golam_sadek/turtlebot3_ws/install/turtlebot3_simulations/share/turtlebot3_simulations/hook/cmake_prefix_path.ps1'
[2.275s] INFO:colcon.colcon_core.shell:Creating environment descriptor '/home/golam_sadek/turtlebot3_ws/install/turtlebot3_simulations/share/turtlebot3_simulations/hook/cmake_prefix_path.dsv'
[2.275s] INFO:colcon.colcon_core.shell:Creating environment hook '/home/golam_sadek/turtlebot3_ws/install/turtlebot3_simulations/share/turtlebot3_simulations/hook/cmake_prefix_path.sh'
[2.276s] Level 1:colcon.colcon_core.environment:checking '/home/golam_sadek/turtlebot3_ws/install/turtlebot3_simulations/bin'
[2.276s] Level 1:colcon.colcon_core.environment:checking '/home/golam_sadek/turtlebot3_ws/install/turtlebot3_simulations/lib/pkgconfig/turtlebot3_simulations.pc'
[2.276s] Level 1:colcon.colcon_core.environment:checking '/home/golam_sadek/turtlebot3_ws/install/turtlebot3_simulations/lib/python3.10/site-packages'
[2.276s] Level 1:colcon.colcon_core.environment:checking '/home/golam_sadek/turtlebot3_ws/install/turtlebot3_simulations/bin'
[2.276s] INFO:colcon.colcon_core.shell:Creating package script '/home/golam_sadek/turtlebot3_ws/install/turtlebot3_simulations/share/turtlebot3_simulations/package.ps1'
[2.277s] INFO:colcon.colcon_core.shell:Creating package descriptor '/home/golam_sadek/turtlebot3_ws/install/turtlebot3_simulations/share/turtlebot3_simulations/package.dsv'
[2.277s] INFO:colcon.colcon_core.shell:Creating package script '/home/golam_sadek/turtlebot3_ws/install/turtlebot3_simulations/share/turtlebot3_simulations/package.sh'
[2.278s] INFO:colcon.colcon_core.shell:Creating package script '/home/golam_sadek/turtlebot3_ws/install/turtlebot3_simulations/share/turtlebot3_simulations/package.bash'
[2.278s] INFO:colcon.colcon_core.shell:Creating package script '/home/golam_sadek/turtlebot3_ws/install/turtlebot3_simulations/share/turtlebot3_simulations/package.zsh'
[2.278s] Level 1:colcon.colcon_core.environment:create_file_with_runtime_dependencies(/home/golam_sadek/turtlebot3_ws/install/turtlebot3_simulations/share/colcon-core/packages/turtlebot3_simulations)
[2.279s] DEBUG:colcon.colcon_parallel_executor.executor.parallel:closing loop
[2.279s] DEBUG:colcon.colcon_parallel_executor.executor.parallel:loop closed
[2.279s] DEBUG:colcon.colcon_parallel_executor.executor.parallel:run_until_complete finished with '0'
[2.279s] DEBUG:colcon.colcon_core.event_reactor:joining thread
[2.284s] INFO:colcon.colcon_core.plugin_system:Skipping extension 'colcon_notification.desktop_notification.terminal_notifier': Not used on non-Darwin systems
[2.284s] INFO:colcon.colcon_core.plugin_system:Skipping extension 'colcon_notification.desktop_notification.win32': Not used on non-Windows systems
[2.284s] INFO:colcon.colcon_notification.desktop_notification:Sending desktop notification using 'notify2'
[2.292s] DEBUG:colcon.colcon_core.event_reactor:joined thread
[2.293s] INFO:colcon.colcon_core.shell:Creating prefix script '/home/golam_sadek/turtlebot3_ws/install/local_setup.ps1'
[2.294s] INFO:colcon.colcon_core.shell:Creating prefix util module '/home/golam_sadek/turtlebot3_ws/install/_local_setup_util_ps1.py'
[2.295s] INFO:colcon.colcon_core.shell:Creating prefix chain script '/home/golam_sadek/turtlebot3_ws/install/setup.ps1'
[2.296s] INFO:colcon.colcon_core.shell:Creating prefix script '/home/golam_sadek/turtlebot3_ws/install/local_setup.sh'
[2.297s] INFO:colcon.colcon_core.shell:Creating prefix util module '/home/golam_sadek/turtlebot3_ws/install/_local_setup_util_sh.py'
[2.297s] INFO:colcon.colcon_core.shell:Creating prefix chain script '/home/golam_sadek/turtlebot3_ws/install/setup.sh'
[2.298s] INFO:colcon.colcon_core.shell:Creating prefix script '/home/golam_sadek/turtlebot3_ws/install/local_setup.bash'
[2.299s] INFO:colcon.colcon_core.shell:Creating prefix chain script '/home/golam_sadek/turtlebot3_ws/install/setup.bash'
[2.300s] INFO:colcon.colcon_core.shell:Creating prefix script '/home/golam_sadek/turtlebot3_ws/install/local_setup.zsh'
[2.300s] INFO:colcon.colcon_core.shell:Creating prefix chain script '/home/golam_sadek/turtlebot3_ws/install/setup.zsh'
